{"/tmp/wt-r36-v939-47/src/systems/tools/CultivationPillInventory.js": {"path":"/tmp/wt-r36-v939-47/src/systems/tools/CultivationPillInventory.js","all":false,"statementMap":{"0":{"start":{"line":1,"column":0},"end":{"line":1,"column":3}},"1":{"start":{"line":2,"column":0},"end":{"line":2,"column":41}},"2":{"start":{"line":3,"column":0},"end":{"line":3,"column":47}},"3":{"start":{"line":4,"column":0},"end":{"line":4,"column":2}},"4":{"start":{"line":5,"column":0},"end":{"line":5,"column":21}},"5":{"start":{"line":6,"column":0},"end":{"line":6,"column":94}},"6":{"start":{"line":7,"column":0},"end":{"line":7,"column":82}},"7":{"start":{"line":8,"column":0},"end":{"line":8,"column":108}},"8":{"start":{"line":9,"column":0},"end":{"line":9,"column":3}},"10":{"start":{"line":11,"column":0},"end":{"line":11,"column":31}},"11":{"start":{"line":12,"column":0},"end":{"line":12,"column":41}},"12":{"start":{"line":13,"column":0},"end":{"line":13,"column":41}},"13":{"start":{"line":14,"column":0},"end":{"line":14,"column":40}},"14":{"start":{"line":15,"column":0},"end":{"line":15,"column":41}},"15":{"start":{"line":16,"column":0},"end":{"line":16,"column":43}},"16":{"start":{"line":17,"column":0},"end":{"line":17,"column":2}},"17":{"start":{"line":18,"column":0},"end":{"line":18,"column":61}},"18":{"start":{"line":19,"column":0},"end":{"line":19,"column":36}},"20":{"start":{"line":21,"column":0},"end":{"line":21,"column":34}},"21":{"start":{"line":22,"column":0},"end":{"line":22,"column":55}},"22":{"start":{"line":23,"column":0},"end":{"line":23,"column":72}},"23":{"start":{"line":24,"column":0},"end":{"line":24,"column":2}},"24":{"start":{"line":25,"column":0},"end":{"line":25,"column":40}},"26":{"start":{"line":27,"column":0},"end":{"line":27,"column":47}},"27":{"start":{"line":28,"column":0},"end":{"line":28,"column":34}},"28":{"start":{"line":29,"column":0},"end":{"line":29,"column":34}},"29":{"start":{"line":30,"column":0},"end":{"line":30,"column":42}},"30":{"start":{"line":31,"column":0},"end":{"line":31,"column":42}},"32":{"start":{"line":33,"column":0},"end":{"line":33,"column":43}},"33":{"start":{"line":34,"column":0},"end":{"line":34,"column":49}},"34":{"start":{"line":35,"column":0},"end":{"line":35,"column":47}},"35":{"start":{"line":36,"column":0},"end":{"line":36,"column":45}},"36":{"start":{"line":37,"column":0},"end":{"line":37,"column":47}},"37":{"start":{"line":38,"column":0},"end":{"line":38,"column":43}},"38":{"start":{"line":39,"column":0},"end":{"line":39,"column":47}},"39":{"start":{"line":40,"column":0},"end":{"line":40,"column":37}},"40":{"start":{"line":41,"column":0},"end":{"line":41,"column":43}},"41":{"start":{"line":42,"column":0},"end":{"line":42,"column":43}},"42":{"start":{"line":43,"column":0},"end":{"line":43,"column":47}},"43":{"start":{"line":44,"column":0},"end":{"line":44,"column":53}},"44":{"start":{"line":45,"column":0},"end":{"line":45,"column":49}},"45":{"start":{"line":46,"column":0},"end":{"line":46,"column":43}},"46":{"start":{"line":47,"column":0},"end":{"line":47,"column":59}},"47":{"start":{"line":48,"column":0},"end":{"line":48,"column":55}},"48":{"start":{"line":49,"column":0},"end":{"line":49,"column":59}},"49":{"start":{"line":50,"column":0},"end":{"line":50,"column":53}},"51":{"start":{"line":52,"column":0},"end":{"line":52,"column":37}},"53":{"start":{"line":54,"column":0},"end":{"line":54,"column":39}},"54":{"start":{"line":55,"column":0},"end":{"line":55,"column":30}},"55":{"start":{"line":56,"column":0},"end":{"line":56,"column":23}},"56":{"start":{"line":57,"column":0},"end":{"line":57,"column":124}},"57":{"start":{"line":58,"column":0},"end":{"line":58,"column":111}},"58":{"start":{"line":59,"column":0},"end":{"line":59,"column":98}},"59":{"start":{"line":60,"column":0},"end":{"line":60,"column":106}},"60":{"start":{"line":61,"column":0},"end":{"line":61,"column":110}},"61":{"start":{"line":62,"column":0},"end":{"line":62,"column":111}},"62":{"start":{"line":63,"column":0},"end":{"line":63,"column":95}},"63":{"start":{"line":64,"column":0},"end":{"line":64,"column":22}},"64":{"start":{"line":65,"column":0},"end":{"line":65,"column":10}},"65":{"start":{"line":66,"column":0},"end":{"line":66,"column":31}},"66":{"start":{"line":67,"column":0},"end":{"line":67,"column":36}},"67":{"start":{"line":68,"column":0},"end":{"line":68,"column":38}},"68":{"start":{"line":69,"column":0},"end":{"line":69,"column":37}},"69":{"start":{"line":70,"column":0},"end":{"line":70,"column":25}},"70":{"start":{"line":71,"column":0},"end":{"line":71,"column":31}},"71":{"start":{"line":72,"column":0},"end":{"line":72,"column":31}},"72":{"start":{"line":73,"column":0},"end":{"line":73,"column":22}},"73":{"start":{"line":74,"column":0},"end":{"line":74,"column":27}},"74":{"start":{"line":75,"column":0},"end":{"line":75,"column":30}},"75":{"start":{"line":76,"column":0},"end":{"line":76,"column":25}},"76":{"start":{"line":77,"column":0},"end":{"line":77,"column":30}},"77":{"start":{"line":78,"column":0},"end":{"line":78,"column":30}},"78":{"start":{"line":79,"column":0},"end":{"line":79,"column":24}},"79":{"start":{"line":80,"column":0},"end":{"line":80,"column":71}},"80":{"start":{"line":81,"column":0},"end":{"line":81,"column":14}},"81":{"start":{"line":82,"column":0},"end":{"line":82,"column":23}},"82":{"start":{"line":83,"column":0},"end":{"line":83,"column":71}},"83":{"start":{"line":84,"column":0},"end":{"line":84,"column":88}},"84":{"start":{"line":85,"column":0},"end":{"line":85,"column":14}},"85":{"start":{"line":86,"column":0},"end":{"line":86,"column":10}},"86":{"start":{"line":87,"column":0},"end":{"line":87,"column":37}},"87":{"start":{"line":88,"column":0},"end":{"line":88,"column":5}},"89":{"start":{"line":90,"column":0},"end":{"line":90,"column":29}},"90":{"start":{"line":91,"column":0},"end":{"line":91,"column":72}},"91":{"start":{"line":92,"column":0},"end":{"line":92,"column":85}},"92":{"start":{"line":93,"column":0},"end":{"line":93,"column":79}},"93":{"start":{"line":94,"column":0},"end":{"line":94,"column":82}},"94":{"start":{"line":95,"column":0},"end":{"line":95,"column":84}},"95":{"start":{"line":96,"column":0},"end":{"line":96,"column":73}},"96":{"start":{"line":97,"column":0},"end":{"line":97,"column":5}},"98":{"start":{"line":99,"column":0},"end":{"line":99,"column":14}},"99":{"start":{"line":100,"column":0},"end":{"line":100,"column":78}},"100":{"start":{"line":101,"column":0},"end":{"line":101,"column":5}},"102":{"start":{"line":103,"column":0},"end":{"line":103,"column":30}},"103":{"start":{"line":104,"column":0},"end":{"line":104,"column":42}},"104":{"start":{"line":105,"column":0},"end":{"line":105,"column":43}},"105":{"start":{"line":106,"column":0},"end":{"line":106,"column":9}},"106":{"start":{"line":107,"column":0},"end":{"line":107,"column":42}},"107":{"start":{"line":108,"column":0},"end":{"line":108,"column":5}},"109":{"start":{"line":110,"column":0},"end":{"line":110,"column":34}},"110":{"start":{"line":111,"column":0},"end":{"line":111,"column":46}},"111":{"start":{"line":112,"column":0},"end":{"line":112,"column":47}},"112":{"start":{"line":113,"column":0},"end":{"line":113,"column":9}},"113":{"start":{"line":114,"column":0},"end":{"line":114,"column":46}},"114":{"start":{"line":115,"column":0},"end":{"line":115,"column":5}},"116":{"start":{"line":117,"column":0},"end":{"line":117,"column":32}},"117":{"start":{"line":118,"column":0},"end":{"line":118,"column":44}},"118":{"start":{"line":119,"column":0},"end":{"line":119,"column":45}},"119":{"start":{"line":120,"column":0},"end":{"line":120,"column":9}},"120":{"start":{"line":121,"column":0},"end":{"line":121,"column":44}},"121":{"start":{"line":122,"column":0},"end":{"line":122,"column":5}},"123":{"start":{"line":124,"column":0},"end":{"line":124,"column":22}},"124":{"start":{"line":125,"column":0},"end":{"line":125,"column":16}},"125":{"start":{"line":126,"column":0},"end":{"line":126,"column":20}},"126":{"start":{"line":127,"column":0},"end":{"line":127,"column":74}},"127":{"start":{"line":128,"column":0},"end":{"line":128,"column":10}},"128":{"start":{"line":129,"column":0},"end":{"line":129,"column":5}},"130":{"start":{"line":131,"column":0},"end":{"line":131,"column":32}},"131":{"start":{"line":132,"column":0},"end":{"line":132,"column":47}},"132":{"start":{"line":133,"column":0},"end":{"line":133,"column":23}},"133":{"start":{"line":134,"column":0},"end":{"line":134,"column":31}},"134":{"start":{"line":135,"column":0},"end":{"line":135,"column":34}},"135":{"start":{"line":136,"column":0},"end":{"line":136,"column":89}},"136":{"start":{"line":137,"column":0},"end":{"line":137,"column":28}},"137":{"start":{"line":138,"column":0},"end":{"line":138,"column":28}},"138":{"start":{"line":139,"column":0},"end":{"line":139,"column":13}},"139":{"start":{"line":140,"column":0},"end":{"line":140,"column":9}},"140":{"start":{"line":141,"column":0},"end":{"line":141,"column":19}},"141":{"start":{"line":142,"column":0},"end":{"line":142,"column":5}},"143":{"start":{"line":144,"column":0},"end":{"line":144,"column":23}},"144":{"start":{"line":145,"column":0},"end":{"line":145,"column":58}},"145":{"start":{"line":146,"column":0},"end":{"line":146,"column":88}},"146":{"start":{"line":147,"column":0},"end":{"line":147,"column":20}},"147":{"start":{"line":148,"column":0},"end":{"line":148,"column":5}},"149":{"start":{"line":150,"column":0},"end":{"line":150,"column":27}},"150":{"start":{"line":151,"column":0},"end":{"line":151,"column":55}},"151":{"start":{"line":152,"column":0},"end":{"line":152,"column":82}},"152":{"start":{"line":153,"column":0},"end":{"line":153,"column":35}},"153":{"start":{"line":154,"column":0},"end":{"line":154,"column":5}},"155":{"start":{"line":156,"column":0},"end":{"line":156,"column":21}},"156":{"start":{"line":157,"column":0},"end":{"line":157,"column":39}},"157":{"start":{"line":158,"column":0},"end":{"line":158,"column":59}},"158":{"start":{"line":159,"column":0},"end":{"line":159,"column":9}},"159":{"start":{"line":160,"column":0},"end":{"line":160,"column":37}},"160":{"start":{"line":161,"column":0},"end":{"line":161,"column":39}},"161":{"start":{"line":162,"column":0},"end":{"line":162,"column":62}},"162":{"start":{"line":163,"column":0},"end":{"line":163,"column":9}},"163":{"start":{"line":164,"column":0},"end":{"line":164,"column":61}},"164":{"start":{"line":165,"column":0},"end":{"line":165,"column":73}},"165":{"start":{"line":166,"column":0},"end":{"line":166,"column":61}},"166":{"start":{"line":167,"column":0},"end":{"line":167,"column":9}},"167":{"start":{"line":168,"column":0},"end":{"line":168,"column":87}},"168":{"start":{"line":169,"column":0},"end":{"line":169,"column":62}},"169":{"start":{"line":170,"column":0},"end":{"line":170,"column":60}},"170":{"start":{"line":171,"column":0},"end":{"line":171,"column":9}},"171":{"start":{"line":172,"column":0},"end":{"line":172,"column":56}},"172":{"start":{"line":173,"column":0},"end":{"line":173,"column":63}},"173":{"start":{"line":174,"column":0},"end":{"line":174,"column":61}},"174":{"start":{"line":175,"column":0},"end":{"line":175,"column":9}},"176":{"start":{"line":177,"column":0},"end":{"line":177,"column":80}},"177":{"start":{"line":178,"column":0},"end":{"line":178,"column":21}},"178":{"start":{"line":179,"column":0},"end":{"line":179,"column":66}},"179":{"start":{"line":180,"column":0},"end":{"line":180,"column":18}},"180":{"start":{"line":181,"column":0},"end":{"line":181,"column":59}},"181":{"start":{"line":182,"column":0},"end":{"line":182,"column":9}},"182":{"start":{"line":183,"column":0},"end":{"line":183,"column":33}},"183":{"start":{"line":184,"column":0},"end":{"line":184,"column":59}},"184":{"start":{"line":185,"column":0},"end":{"line":185,"column":9}},"186":{"start":{"line":187,"column":0},"end":{"line":187,"column":95}},"187":{"start":{"line":188,"column":0},"end":{"line":188,"column":99}},"188":{"start":{"line":189,"column":0},"end":{"line":189,"column":36}},"189":{"start":{"line":190,"column":0},"end":{"line":190,"column":54}},"190":{"start":{"line":191,"column":0},"end":{"line":191,"column":28}},"191":{"start":{"line":192,"column":0},"end":{"line":192,"column":53}},"193":{"start":{"line":194,"column":0},"end":{"line":194,"column":24}},"194":{"start":{"line":195,"column":0},"end":{"line":195,"column":15}},"195":{"start":{"line":196,"column":0},"end":{"line":196,"column":36}},"196":{"start":{"line":197,"column":0},"end":{"line":197,"column":20}},"197":{"start":{"line":198,"column":0},"end":{"line":198,"column":20}},"198":{"start":{"line":199,"column":0},"end":{"line":199,"column":20}},"199":{"start":{"line":200,"column":0},"end":{"line":200,"column":21}},"200":{"start":{"line":201,"column":0},"end":{"line":201,"column":22}},"201":{"start":{"line":202,"column":0},"end":{"line":202,"column":21}},"202":{"start":{"line":203,"column":0},"end":{"line":203,"column":18}},"203":{"start":{"line":204,"column":0},"end":{"line":204,"column":10}},"205":{"start":{"line":206,"column":0},"end":{"line":206,"column":35}},"206":{"start":{"line":207,"column":0},"end":{"line":207,"column":27}},"207":{"start":{"line":208,"column":0},"end":{"line":208,"column":51}},"208":{"start":{"line":209,"column":0},"end":{"line":209,"column":36}},"209":{"start":{"line":210,"column":0},"end":{"line":210,"column":50}},"210":{"start":{"line":211,"column":0},"end":{"line":211,"column":9}},"212":{"start":{"line":213,"column":0},"end":{"line":213,"column":36}},"213":{"start":{"line":214,"column":0},"end":{"line":214,"column":81}},"214":{"start":{"line":215,"column":0},"end":{"line":215,"column":36}},"215":{"start":{"line":216,"column":0},"end":{"line":216,"column":75}},"216":{"start":{"line":217,"column":0},"end":{"line":217,"column":9}},"218":{"start":{"line":219,"column":0},"end":{"line":219,"column":72}},"219":{"start":{"line":220,"column":0},"end":{"line":220,"column":64}},"220":{"start":{"line":221,"column":0},"end":{"line":221,"column":5}},"222":{"start":{"line":223,"column":0},"end":{"line":223,"column":37}},"223":{"start":{"line":224,"column":0},"end":{"line":224,"column":64}},"224":{"start":{"line":225,"column":0},"end":{"line":225,"column":59}},"225":{"start":{"line":226,"column":0},"end":{"line":226,"column":9}},"226":{"start":{"line":227,"column":0},"end":{"line":227,"column":70}},"227":{"start":{"line":228,"column":0},"end":{"line":228,"column":60}},"228":{"start":{"line":229,"column":0},"end":{"line":229,"column":9}},"229":{"start":{"line":230,"column":0},"end":{"line":230,"column":38}},"230":{"start":{"line":231,"column":0},"end":{"line":231,"column":61}},"231":{"start":{"line":232,"column":0},"end":{"line":232,"column":9}},"232":{"start":{"line":233,"column":0},"end":{"line":233,"column":44}},"233":{"start":{"line":234,"column":0},"end":{"line":234,"column":39}},"234":{"start":{"line":235,"column":0},"end":{"line":235,"column":56}},"235":{"start":{"line":236,"column":0},"end":{"line":236,"column":9}},"237":{"start":{"line":238,"column":0},"end":{"line":238,"column":34}},"238":{"start":{"line":239,"column":0},"end":{"line":239,"column":58}},"239":{"start":{"line":240,"column":0},"end":{"line":240,"column":24}},"240":{"start":{"line":241,"column":0},"end":{"line":241,"column":50}},"241":{"start":{"line":242,"column":0},"end":{"line":242,"column":53}},"242":{"start":{"line":243,"column":0},"end":{"line":243,"column":9}},"243":{"start":{"line":244,"column":0},"end":{"line":244,"column":61}},"244":{"start":{"line":245,"column":0},"end":{"line":245,"column":23}},"245":{"start":{"line":246,"column":0},"end":{"line":246,"column":49}},"246":{"start":{"line":247,"column":0},"end":{"line":247,"column":52}},"247":{"start":{"line":248,"column":0},"end":{"line":248,"column":9}},"248":{"start":{"line":249,"column":0},"end":{"line":249,"column":41}},"249":{"start":{"line":250,"column":0},"end":{"line":250,"column":51}},"250":{"start":{"line":251,"column":0},"end":{"line":251,"column":23}},"251":{"start":{"line":252,"column":0},"end":{"line":252,"column":49}},"252":{"start":{"line":253,"column":0},"end":{"line":253,"column":52}},"253":{"start":{"line":254,"column":0},"end":{"line":254,"column":13}},"254":{"start":{"line":255,"column":0},"end":{"line":255,"column":9}},"256":{"start":{"line":257,"column":0},"end":{"line":257,"column":39}},"257":{"start":{"line":258,"column":0},"end":{"line":258,"column":84}},"258":{"start":{"line":259,"column":0},"end":{"line":259,"column":62}},"259":{"start":{"line":260,"column":0},"end":{"line":260,"column":5}},"261":{"start":{"line":262,"column":0},"end":{"line":262,"column":28}},"262":{"start":{"line":263,"column":0},"end":{"line":263,"column":48}},"263":{"start":{"line":264,"column":0},"end":{"line":264,"column":57}},"264":{"start":{"line":265,"column":0},"end":{"line":265,"column":18}},"265":{"start":{"line":266,"column":0},"end":{"line":266,"column":42}},"266":{"start":{"line":267,"column":0},"end":{"line":267,"column":41}},"267":{"start":{"line":268,"column":0},"end":{"line":268,"column":42}},"268":{"start":{"line":269,"column":0},"end":{"line":269,"column":5}},"270":{"start":{"line":271,"column":0},"end":{"line":271,"column":24}},"271":{"start":{"line":272,"column":0},"end":{"line":272,"column":71}},"272":{"start":{"line":273,"column":0},"end":{"line":273,"column":53}},"273":{"start":{"line":274,"column":0},"end":{"line":274,"column":18}},"274":{"start":{"line":275,"column":0},"end":{"line":275,"column":42}},"275":{"start":{"line":276,"column":0},"end":{"line":276,"column":41}},"276":{"start":{"line":277,"column":0},"end":{"line":277,"column":42}},"277":{"start":{"line":278,"column":0},"end":{"line":278,"column":5}},"279":{"start":{"line":280,"column":0},"end":{"line":280,"column":26}},"280":{"start":{"line":281,"column":0},"end":{"line":281,"column":89}},"281":{"start":{"line":282,"column":0},"end":{"line":282,"column":55}},"282":{"start":{"line":283,"column":0},"end":{"line":283,"column":18}},"283":{"start":{"line":284,"column":0},"end":{"line":284,"column":42}},"284":{"start":{"line":285,"column":0},"end":{"line":285,"column":41}},"285":{"start":{"line":286,"column":0},"end":{"line":286,"column":42}},"286":{"start":{"line":287,"column":0},"end":{"line":287,"column":5}},"288":{"start":{"line":289,"column":0},"end":{"line":289,"column":26}},"289":{"start":{"line":290,"column":0},"end":{"line":290,"column":88}},"290":{"start":{"line":291,"column":0},"end":{"line":291,"column":54}},"291":{"start":{"line":292,"column":0},"end":{"line":292,"column":62}},"292":{"start":{"line":293,"column":0},"end":{"line":293,"column":9}},"294":{"start":{"line":295,"column":0},"end":{"line":295,"column":81}},"295":{"start":{"line":296,"column":0},"end":{"line":296,"column":56}},"296":{"start":{"line":297,"column":0},"end":{"line":297,"column":28}},"297":{"start":{"line":298,"column":0},"end":{"line":298,"column":63}},"298":{"start":{"line":299,"column":0},"end":{"line":299,"column":63}},"299":{"start":{"line":300,"column":0},"end":{"line":300,"column":36}},"300":{"start":{"line":301,"column":0},"end":{"line":301,"column":48}},"301":{"start":{"line":302,"column":0},"end":{"line":302,"column":11}},"302":{"start":{"line":303,"column":0},"end":{"line":303,"column":105}},"303":{"start":{"line":304,"column":0},"end":{"line":304,"column":69}},"304":{"start":{"line":305,"column":0},"end":{"line":305,"column":5}},"306":{"start":{"line":307,"column":0},"end":{"line":307,"column":29}},"307":{"start":{"line":308,"column":0},"end":{"line":308,"column":64}},"308":{"start":{"line":309,"column":0},"end":{"line":309,"column":59}},"309":{"start":{"line":310,"column":0},"end":{"line":310,"column":9}},"310":{"start":{"line":311,"column":0},"end":{"line":311,"column":38}},"311":{"start":{"line":312,"column":0},"end":{"line":312,"column":61}},"312":{"start":{"line":313,"column":0},"end":{"line":313,"column":9}},"313":{"start":{"line":314,"column":0},"end":{"line":314,"column":44}},"314":{"start":{"line":315,"column":0},"end":{"line":315,"column":52}},"315":{"start":{"line":316,"column":0},"end":{"line":316,"column":61}},"316":{"start":{"line":317,"column":0},"end":{"line":317,"column":9}},"317":{"start":{"line":318,"column":0},"end":{"line":318,"column":36}},"318":{"start":{"line":319,"column":0},"end":{"line":319,"column":59}},"319":{"start":{"line":320,"column":0},"end":{"line":320,"column":9}},"321":{"start":{"line":322,"column":0},"end":{"line":322,"column":34}},"322":{"start":{"line":323,"column":0},"end":{"line":323,"column":34}},"323":{"start":{"line":324,"column":0},"end":{"line":324,"column":41}},"324":{"start":{"line":325,"column":0},"end":{"line":325,"column":33}},"325":{"start":{"line":326,"column":0},"end":{"line":326,"column":28}},"326":{"start":{"line":327,"column":0},"end":{"line":327,"column":38}},"327":{"start":{"line":328,"column":0},"end":{"line":328,"column":40}},"328":{"start":{"line":329,"column":0},"end":{"line":329,"column":15}},"329":{"start":{"line":330,"column":0},"end":{"line":330,"column":9}},"330":{"start":{"line":331,"column":0},"end":{"line":331,"column":38}},"331":{"start":{"line":332,"column":0},"end":{"line":332,"column":40}},"332":{"start":{"line":333,"column":0},"end":{"line":333,"column":9}},"333":{"start":{"line":334,"column":0},"end":{"line":334,"column":42}},"334":{"start":{"line":335,"column":0},"end":{"line":335,"column":44}},"335":{"start":{"line":336,"column":0},"end":{"line":336,"column":9}},"337":{"start":{"line":338,"column":0},"end":{"line":338,"column":26}},"338":{"start":{"line":339,"column":0},"end":{"line":339,"column":19}},"339":{"start":{"line":340,"column":0},"end":{"line":340,"column":36}},"340":{"start":{"line":341,"column":0},"end":{"line":341,"column":58}},"341":{"start":{"line":342,"column":0},"end":{"line":342,"column":39}},"342":{"start":{"line":343,"column":0},"end":{"line":343,"column":34}},"343":{"start":{"line":344,"column":0},"end":{"line":344,"column":31}},"344":{"start":{"line":345,"column":0},"end":{"line":345,"column":11}},"346":{"start":{"line":347,"column":0},"end":{"line":347,"column":37}},"347":{"start":{"line":348,"column":0},"end":{"line":348,"column":34}},"348":{"start":{"line":349,"column":0},"end":{"line":349,"column":58}},"349":{"start":{"line":350,"column":0},"end":{"line":350,"column":24}},"350":{"start":{"line":351,"column":0},"end":{"line":351,"column":50}},"351":{"start":{"line":352,"column":0},"end":{"line":352,"column":53}},"352":{"start":{"line":353,"column":0},"end":{"line":353,"column":9}},"353":{"start":{"line":354,"column":0},"end":{"line":354,"column":61}},"354":{"start":{"line":355,"column":0},"end":{"line":355,"column":23}},"355":{"start":{"line":356,"column":0},"end":{"line":356,"column":49}},"356":{"start":{"line":357,"column":0},"end":{"line":357,"column":52}},"357":{"start":{"line":358,"column":0},"end":{"line":358,"column":9}},"358":{"start":{"line":359,"column":0},"end":{"line":359,"column":41}},"359":{"start":{"line":360,"column":0},"end":{"line":360,"column":51}},"360":{"start":{"line":361,"column":0},"end":{"line":361,"column":23}},"361":{"start":{"line":362,"column":0},"end":{"line":362,"column":49}},"362":{"start":{"line":363,"column":0},"end":{"line":363,"column":52}},"363":{"start":{"line":364,"column":0},"end":{"line":364,"column":13}},"364":{"start":{"line":365,"column":0},"end":{"line":365,"column":9}},"366":{"start":{"line":367,"column":0},"end":{"line":367,"column":34}},"367":{"start":{"line":368,"column":0},"end":{"line":368,"column":104}},"368":{"start":{"line":369,"column":0},"end":{"line":369,"column":41}},"369":{"start":{"line":370,"column":0},"end":{"line":370,"column":88}},"370":{"start":{"line":371,"column":0},"end":{"line":371,"column":9}},"372":{"start":{"line":373,"column":0},"end":{"line":373,"column":71}},"373":{"start":{"line":374,"column":0},"end":{"line":374,"column":74}},"374":{"start":{"line":375,"column":0},"end":{"line":375,"column":5}},"376":{"start":{"line":377,"column":0},"end":{"line":377,"column":22}},"377":{"start":{"line":378,"column":0},"end":{"line":378,"column":31}},"378":{"start":{"line":379,"column":0},"end":{"line":379,"column":29}},"379":{"start":{"line":380,"column":0},"end":{"line":380,"column":28}},"380":{"start":{"line":381,"column":0},"end":{"line":381,"column":56}},"381":{"start":{"line":382,"column":0},"end":{"line":382,"column":45}},"382":{"start":{"line":383,"column":0},"end":{"line":383,"column":34}},"383":{"start":{"line":384,"column":0},"end":{"line":384,"column":13}},"384":{"start":{"line":385,"column":0},"end":{"line":385,"column":9}},"385":{"start":{"line":386,"column":0},"end":{"line":386,"column":36}},"386":{"start":{"line":387,"column":0},"end":{"line":387,"column":44}},"387":{"start":{"line":388,"column":0},"end":{"line":388,"column":50}},"388":{"start":{"line":389,"column":0},"end":{"line":389,"column":34}},"389":{"start":{"line":390,"column":0},"end":{"line":390,"column":62}},"390":{"start":{"line":391,"column":0},"end":{"line":391,"column":28}},"391":{"start":{"line":392,"column":0},"end":{"line":392,"column":50}},"392":{"start":{"line":393,"column":0},"end":{"line":393,"column":57}},"393":{"start":{"line":394,"column":0},"end":{"line":394,"column":13}},"394":{"start":{"line":395,"column":0},"end":{"line":395,"column":65}},"395":{"start":{"line":396,"column":0},"end":{"line":396,"column":27}},"396":{"start":{"line":397,"column":0},"end":{"line":397,"column":49}},"397":{"start":{"line":398,"column":0},"end":{"line":398,"column":56}},"398":{"start":{"line":399,"column":0},"end":{"line":399,"column":13}},"399":{"start":{"line":400,"column":0},"end":{"line":400,"column":45}},"400":{"start":{"line":401,"column":0},"end":{"line":401,"column":55}},"401":{"start":{"line":402,"column":0},"end":{"line":402,"column":27}},"402":{"start":{"line":403,"column":0},"end":{"line":403,"column":49}},"403":{"start":{"line":404,"column":0},"end":{"line":404,"column":56}},"404":{"start":{"line":405,"column":0},"end":{"line":405,"column":17}},"405":{"start":{"line":406,"column":0},"end":{"line":406,"column":13}},"406":{"start":{"line":407,"column":0},"end":{"line":407,"column":108}},"407":{"start":{"line":408,"column":0},"end":{"line":408,"column":45}},"408":{"start":{"line":409,"column":0},"end":{"line":409,"column":92}},"409":{"start":{"line":410,"column":0},"end":{"line":410,"column":13}},"410":{"start":{"line":411,"column":0},"end":{"line":411,"column":43}},"411":{"start":{"line":412,"column":0},"end":{"line":412,"column":9}},"412":{"start":{"line":413,"column":0},"end":{"line":413,"column":93}},"413":{"start":{"line":414,"column":0},"end":{"line":414,"column":69}},"414":{"start":{"line":415,"column":0},"end":{"line":415,"column":5}},"416":{"start":{"line":417,"column":0},"end":{"line":417,"column":21}},"417":{"start":{"line":418,"column":0},"end":{"line":418,"column":75}},"418":{"start":{"line":419,"column":0},"end":{"line":419,"column":49}},"419":{"start":{"line":420,"column":0},"end":{"line":420,"column":55}},"420":{"start":{"line":421,"column":0},"end":{"line":421,"column":5}},"422":{"start":{"line":423,"column":0},"end":{"line":423,"column":17}},"423":{"start":{"line":424,"column":0},"end":{"line":424,"column":81}},"424":{"start":{"line":425,"column":0},"end":{"line":425,"column":5}},"426":{"start":{"line":427,"column":0},"end":{"line":427,"column":15}},"427":{"start":{"line":428,"column":0},"end":{"line":428,"column":76}},"428":{"start":{"line":429,"column":0},"end":{"line":429,"column":5}},"430":{"start":{"line":431,"column":0},"end":{"line":431,"column":21}},"431":{"start":{"line":432,"column":0},"end":{"line":432,"column":38}},"432":{"start":{"line":433,"column":0},"end":{"line":433,"column":5}},"434":{"start":{"line":435,"column":0},"end":{"line":435,"column":23}},"435":{"start":{"line":436,"column":0},"end":{"line":436,"column":38}},"436":{"start":{"line":437,"column":0},"end":{"line":437,"column":5}},"438":{"start":{"line":439,"column":0},"end":{"line":439,"column":18}},"439":{"start":{"line":440,"column":0},"end":{"line":440,"column":50}},"440":{"start":{"line":441,"column":0},"end":{"line":441,"column":5}},"442":{"start":{"line":443,"column":0},"end":{"line":443,"column":25}},"443":{"start":{"line":444,"column":0},"end":{"line":444,"column":29}},"444":{"start":{"line":445,"column":0},"end":{"line":445,"column":60}},"445":{"start":{"line":446,"column":0},"end":{"line":446,"column":46}},"446":{"start":{"line":447,"column":0},"end":{"line":447,"column":67}},"447":{"start":{"line":448,"column":0},"end":{"line":448,"column":9}},"448":{"start":{"line":449,"column":0},"end":{"line":449,"column":28}},"449":{"start":{"line":450,"column":0},"end":{"line":450,"column":59}},"450":{"start":{"line":451,"column":0},"end":{"line":451,"column":46}},"451":{"start":{"line":452,"column":0},"end":{"line":452,"column":42}},"452":{"start":{"line":453,"column":0},"end":{"line":453,"column":57}},"453":{"start":{"line":454,"column":0},"end":{"line":454,"column":13}},"454":{"start":{"line":455,"column":0},"end":{"line":455,"column":9}},"455":{"start":{"line":456,"column":0},"end":{"line":456,"column":27}},"456":{"start":{"line":457,"column":0},"end":{"line":457,"column":46}},"457":{"start":{"line":458,"column":0},"end":{"line":458,"column":59}},"458":{"start":{"line":459,"column":0},"end":{"line":459,"column":9}},"459":{"start":{"line":460,"column":0},"end":{"line":460,"column":16}},"460":{"start":{"line":461,"column":0},"end":{"line":461,"column":40}},"461":{"start":{"line":462,"column":0},"end":{"line":462,"column":54}},"462":{"start":{"line":463,"column":0},"end":{"line":463,"column":46}},"463":{"start":{"line":464,"column":0},"end":{"line":464,"column":22}},"464":{"start":{"line":465,"column":0},"end":{"line":465,"column":21}},"465":{"start":{"line":466,"column":0},"end":{"line":466,"column":20}},"466":{"start":{"line":467,"column":0},"end":{"line":467,"column":42}},"467":{"start":{"line":468,"column":0},"end":{"line":468,"column":10}},"468":{"start":{"line":469,"column":0},"end":{"line":469,"column":5}},"470":{"start":{"line":471,"column":0},"end":{"line":471,"column":33}},"471":{"start":{"line":472,"column":0},"end":{"line":472,"column":60}},"472":{"start":{"line":473,"column":0},"end":{"line":473,"column":64}},"473":{"start":{"line":474,"column":0},"end":{"line":474,"column":9}},"474":{"start":{"line":475,"column":0},"end":{"line":475,"column":44}},"475":{"start":{"line":476,"column":0},"end":{"line":476,"column":62}},"476":{"start":{"line":477,"column":0},"end":{"line":477,"column":9}},"477":{"start":{"line":478,"column":0},"end":{"line":478,"column":38}},"478":{"start":{"line":479,"column":0},"end":{"line":479,"column":33}},"479":{"start":{"line":480,"column":0},"end":{"line":480,"column":5}},"481":{"start":{"line":482,"column":0},"end":{"line":482,"column":32}},"482":{"start":{"line":483,"column":0},"end":{"line":483,"column":36}},"483":{"start":{"line":484,"column":0},"end":{"line":484,"column":59}},"484":{"start":{"line":485,"column":0},"end":{"line":485,"column":9}},"485":{"start":{"line":486,"column":0},"end":{"line":486,"column":45}},"486":{"start":{"line":487,"column":0},"end":{"line":487,"column":79}},"487":{"start":{"line":488,"column":0},"end":{"line":488,"column":13}},"488":{"start":{"line":489,"column":0},"end":{"line":489,"column":40}},"489":{"start":{"line":490,"column":0},"end":{"line":490,"column":45}},"490":{"start":{"line":491,"column":0},"end":{"line":491,"column":21}},"491":{"start":{"line":492,"column":0},"end":{"line":492,"column":87}},"492":{"start":{"line":493,"column":0},"end":{"line":493,"column":9}},"493":{"start":{"line":494,"column":0},"end":{"line":494,"column":5}},"495":{"start":{"line":496,"column":0},"end":{"line":496,"column":34}},"496":{"start":{"line":497,"column":0},"end":{"line":497,"column":62}},"497":{"start":{"line":498,"column":0},"end":{"line":498,"column":65}},"498":{"start":{"line":499,"column":0},"end":{"line":499,"column":9}},"499":{"start":{"line":500,"column":0},"end":{"line":500,"column":44}},"500":{"start":{"line":501,"column":0},"end":{"line":501,"column":62}},"501":{"start":{"line":502,"column":0},"end":{"line":502,"column":9}},"502":{"start":{"line":503,"column":0},"end":{"line":503,"column":37}},"503":{"start":{"line":504,"column":0},"end":{"line":504,"column":38}},"504":{"start":{"line":505,"column":0},"end":{"line":505,"column":9}},"505":{"start":{"line":506,"column":0},"end":{"line":506,"column":44}},"506":{"start":{"line":507,"column":0},"end":{"line":507,"column":33}},"507":{"start":{"line":508,"column":0},"end":{"line":508,"column":5}},"509":{"start":{"line":510,"column":0},"end":{"line":510,"column":31}},"510":{"start":{"line":511,"column":0},"end":{"line":511,"column":43}},"511":{"start":{"line":512,"column":0},"end":{"line":512,"column":54}},"512":{"start":{"line":513,"column":0},"end":{"line":513,"column":17}},"513":{"start":{"line":514,"column":0},"end":{"line":514,"column":30}},"514":{"start":{"line":515,"column":0},"end":{"line":515,"column":25}},"515":{"start":{"line":516,"column":0},"end":{"line":516,"column":25}},"516":{"start":{"line":517,"column":0},"end":{"line":517,"column":13}},"517":{"start":{"line":518,"column":0},"end":{"line":518,"column":9}},"518":{"start":{"line":519,"column":0},"end":{"line":519,"column":5}},"520":{"start":{"line":521,"column":0},"end":{"line":521,"column":36}},"521":{"start":{"line":522,"column":0},"end":{"line":522,"column":91}},"522":{"start":{"line":523,"column":0},"end":{"line":523,"column":47}},"523":{"start":{"line":524,"column":0},"end":{"line":524,"column":46}},"524":{"start":{"line":525,"column":0},"end":{"line":525,"column":76}},"525":{"start":{"line":526,"column":0},"end":{"line":526,"column":32}},"526":{"start":{"line":527,"column":0},"end":{"line":527,"column":33}},"527":{"start":{"line":528,"column":0},"end":{"line":528,"column":5}},"529":{"start":{"line":530,"column":0},"end":{"line":530,"column":14}},"530":{"start":{"line":531,"column":0},"end":{"line":531,"column":16}},"531":{"start":{"line":532,"column":0},"end":{"line":532,"column":39}},"532":{"start":{"line":533,"column":0},"end":{"line":533,"column":52}},"533":{"start":{"line":534,"column":0},"end":{"line":534,"column":62}},"534":{"start":{"line":535,"column":0},"end":{"line":535,"column":66}},"535":{"start":{"line":536,"column":0},"end":{"line":536,"column":64}},"536":{"start":{"line":537,"column":0},"end":{"line":537,"column":86}},"537":{"start":{"line":538,"column":0},"end":{"line":538,"column":37}},"538":{"start":{"line":539,"column":0},"end":{"line":539,"column":10}},"539":{"start":{"line":540,"column":0},"end":{"line":540,"column":5}},"541":{"start":{"line":542,"column":0},"end":{"line":542,"column":20}},"542":{"start":{"line":543,"column":0},"end":{"line":543,"column":94}},"543":{"start":{"line":544,"column":0},"end":{"line":544,"column":26}},"544":{"start":{"line":545,"column":0},"end":{"line":545,"column":61}},"545":{"start":{"line":546,"column":0},"end":{"line":546,"column":9}},"546":{"start":{"line":547,"column":0},"end":{"line":547,"column":54}},"547":{"start":{"line":548,"column":0},"end":{"line":548,"column":45}},"548":{"start":{"line":549,"column":0},"end":{"line":549,"column":9}},"549":{"start":{"line":550,"column":0},"end":{"line":550,"column":64}},"550":{"start":{"line":551,"column":0},"end":{"line":551,"column":55}},"551":{"start":{"line":552,"column":0},"end":{"line":552,"column":9}},"552":{"start":{"line":553,"column":0},"end":{"line":553,"column":68}},"553":{"start":{"line":554,"column":0},"end":{"line":554,"column":59}},"554":{"start":{"line":555,"column":0},"end":{"line":555,"column":9}},"555":{"start":{"line":556,"column":0},"end":{"line":556,"column":66}},"556":{"start":{"line":557,"column":0},"end":{"line":557,"column":57}},"557":{"start":{"line":558,"column":0},"end":{"line":558,"column":9}},"558":{"start":{"line":559,"column":0},"end":{"line":559,"column":56}},"559":{"start":{"line":560,"column":0},"end":{"line":560,"column":92}},"560":{"start":{"line":561,"column":0},"end":{"line":561,"column":9}},"561":{"start":{"line":562,"column":0},"end":{"line":562,"column":25}},"562":{"start":{"line":563,"column":0},"end":{"line":563,"column":58}},"563":{"start":{"line":564,"column":0},"end":{"line":564,"column":9}},"564":{"start":{"line":565,"column":0},"end":{"line":565,"column":33}},"565":{"start":{"line":566,"column":0},"end":{"line":566,"column":5}},"567":{"start":{"line":568,"column":0},"end":{"line":568,"column":16}},"568":{"start":{"line":569,"column":0},"end":{"line":569,"column":16}},"569":{"start":{"line":570,"column":0},"end":{"line":570,"column":26}},"570":{"start":{"line":571,"column":0},"end":{"line":571,"column":40}},"571":{"start":{"line":572,"column":0},"end":{"line":572,"column":46}},"572":{"start":{"line":573,"column":0},"end":{"line":573,"column":44}},"573":{"start":{"line":574,"column":0},"end":{"line":574,"column":10}},"574":{"start":{"line":575,"column":0},"end":{"line":575,"column":5}},"576":{"start":{"line":577,"column":0},"end":{"line":577,"column":18}},"577":{"start":{"line":578,"column":0},"end":{"line":578,"column":39}},"578":{"start":{"line":579,"column":0},"end":{"line":579,"column":61}},"579":{"start":{"line":580,"column":0},"end":{"line":580,"column":76}},"580":{"start":{"line":581,"column":0},"end":{"line":581,"column":5}},"582":{"start":{"line":583,"column":0},"end":{"line":583,"column":13}},"583":{"start":{"line":584,"column":0},"end":{"line":584,"column":27}},"584":{"start":{"line":585,"column":0},"end":{"line":585,"column":32}},"585":{"start":{"line":586,"column":0},"end":{"line":586,"column":34}},"586":{"start":{"line":587,"column":0},"end":{"line":587,"column":33}},"587":{"start":{"line":588,"column":0},"end":{"line":588,"column":25}},"588":{"start":{"line":589,"column":0},"end":{"line":589,"column":27}},"589":{"start":{"line":590,"column":0},"end":{"line":590,"column":22}},"590":{"start":{"line":591,"column":0},"end":{"line":591,"column":27}},"591":{"start":{"line":592,"column":0},"end":{"line":592,"column":30}},"592":{"start":{"line":593,"column":0},"end":{"line":593,"column":25}},"593":{"start":{"line":594,"column":0},"end":{"line":594,"column":30}},"594":{"start":{"line":595,"column":0},"end":{"line":595,"column":30}},"595":{"start":{"line":596,"column":0},"end":{"line":596,"column":24}},"596":{"start":{"line":597,"column":0},"end":{"line":597,"column":71}},"597":{"start":{"line":598,"column":0},"end":{"line":598,"column":14}},"598":{"start":{"line":599,"column":0},"end":{"line":599,"column":23}},"599":{"start":{"line":600,"column":0},"end":{"line":600,"column":71}},"600":{"start":{"line":601,"column":0},"end":{"line":601,"column":88}},"601":{"start":{"line":602,"column":0},"end":{"line":602,"column":14}},"602":{"start":{"line":603,"column":0},"end":{"line":603,"column":10}},"603":{"start":{"line":604,"column":0},"end":{"line":604,"column":37}},"604":{"start":{"line":605,"column":0},"end":{"line":605,"column":33}},"605":{"start":{"line":606,"column":0},"end":{"line":606,"column":5}},"606":{"start":{"line":607,"column":0},"end":{"line":607,"column":1}}},"s":{"0":1,"1":1,"2":1,"3":1,"4":1,"5":1,"6":1,"7":1,"8":1,"10":1,"11":1,"12":1,"13":1,"14":1,"15":1,"16":1,"17":1,"18":1,"20":1,"21":1,"22":1,"23":1,"24":1,"26":1,"27":1,"28":1,"29":1,"30":1,"32":1,"33":1,"34":1,"35":1,"36":1,"37":1,"38":1,"39":1,"40":1,"41":1,"42":1,"43":1,"44":1,"45":1,"46":1,"47":1,"48":1,"49":1,"51":1,"53":1,"54":1,"55":96,"56":96,"57":96,"58":96,"59":96,"60":96,"61":96,"62":96,"63":96,"64":96,"65":96,"66":96,"67":96,"68":96,"69":96,"70":96,"71":96,"72":96,"73":96,"74":96,"75":96,"76":96,"77":96,"78":96,"79":96,"80":96,"81":96,"82":96,"83":96,"84":96,"85":96,"86":96,"87":96,"89":1,"90":98,"91":98,"92":98,"93":98,"94":98,"95":98,"96":98,"98":1,"99":49,"100":49,"102":1,"103":101,"104":74,"105":74,"106":101,"107":101,"109":1,"110":98,"111":87,"112":87,"113":98,"114":98,"116":1,"117":101,"118":90,"119":90,"120":101,"121":101,"123":1,"124":228,"125":228,"126":228,"127":228,"128":228,"130":1,"131":104,"132":103,"133":103,"134":104,"135":108,"136":106,"137":106,"138":106,"139":108,"140":103,"141":104,"143":1,"144":109,"145":109,"146":106,"147":109,"149":1,"150":15,"151":15,"152":15,"153":15,"155":1,"156":109,"157":3,"158":3,"159":106,"160":109,"161":2,"162":2,"163":104,"164":109,"165":1,"166":1,"167":109,"168":109,"169":2,"170":2,"171":101,"172":109,"173":1,"174":1,"176":109,"177":109,"178":109,"179":109,"180":1,"181":1,"182":109,"183":1,"184":1,"186":109,"187":109,"188":109,"189":109,"190":109,"191":109,"193":109,"194":109,"195":109,"196":109,"197":109,"198":109,"199":109,"200":109,"201":109,"202":109,"203":109,"205":109,"206":109,"207":109,"208":109,"209":101,"210":101,"212":98,"213":109,"214":109,"215":101,"216":101,"218":98,"219":98,"220":109,"222":1,"223":6,"224":1,"225":1,"226":6,"227":1,"228":1,"229":6,"230":1,"231":1,"232":3,"233":6,"234":1,"235":1,"237":2,"238":2,"239":2,"240":2,"241":2,"242":2,"243":2,"244":2,"245":2,"246":2,"247":2,"248":2,"249":2,"250":2,"251":2,"252":2,"253":2,"254":2,"256":2,"257":2,"258":2,"259":6,"261":1,"262":3,"263":3,"264":3,"265":3,"266":3,"267":3,"268":3,"270":1,"271":4,"272":4,"273":4,"274":4,"275":4,"276":4,"277":4,"279":1,"280":4,"281":4,"282":4,"283":4,"284":4,"285":4,"286":4,"288":1,"289":4,"290":4,"291":1,"292":1,"294":3,"295":4,"296":4,"297":12,"298":12,"299":12,"300":12,"301":4,"302":4,"303":4,"304":4,"306":1,"307":14,"308":1,"309":1,"310":14,"311":1,"312":1,"313":12,"314":14,"315":3,"316":3,"317":14,"318":1,"319":1,"321":8,"322":8,"323":14,"324":10,"325":10,"326":10,"327":10,"328":10,"329":10,"330":8,"331":8,"332":8,"333":14,"334":10,"335":10,"337":8,"338":8,"339":8,"340":14,"341":14,"342":14,"343":14,"344":14,"346":14,"347":14,"348":14,"349":14,"350":8,"351":8,"352":8,"353":8,"354":8,"355":8,"356":8,"357":8,"358":14,"359":10,"360":10,"361":10,"362":10,"363":10,"364":10,"366":8,"367":14,"368":14,"369":10,"370":10,"372":8,"373":8,"374":14,"376":1,"377":5,"378":5,"379":5,"380":5,"381":6,"382":3,"383":3,"384":6,"385":5,"386":3,"387":3,"388":3,"389":3,"390":3,"391":3,"392":3,"393":3,"394":3,"395":3,"396":3,"397":3,"398":3,"399":3,"400":3,"401":3,"402":3,"403":3,"404":3,"405":3,"406":3,"407":3,"408":3,"409":3,"410":3,"411":3,"412":5,"413":5,"414":5,"416":1,"417":3,"418":3,"419":1,"420":3,"422":1,"423":1,"424":1,"426":1,"427":10,"428":10,"430":1,"431":1,"432":1,"434":1,"435":1,"436":1,"438":1,"439":1,"440":1,"442":1,"443":2,"444":2,"445":2,"446":2,"447":2,"448":2,"449":2,"450":2,"451":2,"452":2,"453":2,"454":2,"455":2,"456":2,"457":2,"458":2,"459":2,"460":2,"461":2,"462":2,"463":2,"464":2,"465":2,"466":2,"467":2,"468":2,"470":1,"471":594,"472":2,"473":2,"474":594,"475":1,"476":1,"477":591,"478":591,"479":594,"481":1,"482":4,"483":1,"484":1,"485":3,"486":4,"487":4,"488":4,"489":4,"490":4,"491":1,"492":1,"493":4,"495":1,"496":8,"497":2,"498":2,"499":8,"500":1,"501":1,"502":5,"503":5,"504":5,"505":5,"506":5,"507":8,"509":1,"510":117,"511":3,"512":3,"513":3,"514":3,"515":1,"516":1,"517":3,"518":117,"520":1,"521":3,"522":2,"523":2,"524":3,"525":1,"526":1,"527":3,"529":1,"530":2,"531":2,"532":2,"533":2,"534":2,"535":2,"536":2,"537":2,"538":2,"539":2,"541":1,"542":3,"543":3,"544":1,"545":1,"546":3,"547":2,"548":2,"549":3,"550":1,"551":1,"552":3,"553":1,"554":1,"555":3,"556":1,"557":1,"558":3,"559":1,"560":1,"561":3,"562":1,"563":1,"564":2,"565":3,"567":1,"568":4,"569":4,"570":4,"571":4,"572":4,"573":4,"574":4,"576":1,"577":1,"578":1,"579":1,"580":1,"582":1,"583":2,"584":2,"585":2,"586":2,"587":2,"588":2,"589":2,"590":2,"591":2,"592":2,"593":2,"594":2,"595":2,"596":2,"597":2,"598":2,"599":2,"600":2,"601":2,"602":2,"603":2,"604":2,"605":2,"606":1},"branchMap":{"0":{"type":"branch","line":55,"loc":{"start":{"line":55,"column":4},"end":{"line":88,"column":5}},"locations":[{"start":{"line":55,"column":4},"end":{"line":88,"column":5}}]},"1":{"type":"branch","line":57,"loc":{"start":{"line":57,"column":68},"end":{"line":57,"column":93}},"locations":[{"start":{"line":57,"column":68},"end":{"line":57,"column":93}}]},"2":{"type":"branch","line":57,"loc":{"start":{"line":57,"column":94},"end":{"line":57,"column":123}},"locations":[{"start":{"line":57,"column":94},"end":{"line":57,"column":123}}]},"3":{"type":"branch","line":58,"loc":{"start":{"line":58,"column":74},"end":{"line":58,"column":102}},"locations":[{"start":{"line":58,"column":74},"end":{"line":58,"column":102}}]},"4":{"type":"branch","line":59,"loc":{"start":{"line":59,"column":60},"end":{"line":59,"column":81}},"locations":[{"start":{"line":59,"column":60},"end":{"line":59,"column":81}}]},"5":{"type":"branch","line":59,"loc":{"start":{"line":59,"column":82},"end":{"line":59,"column":97}},"locations":[{"start":{"line":59,"column":82},"end":{"line":59,"column":97}}]},"6":{"type":"branch","line":60,"loc":{"start":{"line":60,"column":64},"end":{"line":60,"column":87}},"locations":[{"start":{"line":60,"column":64},"end":{"line":60,"column":87}}]},"7":{"type":"branch","line":61,"loc":{"start":{"line":61,"column":66},"end":{"line":61,"column":90}},"locations":[{"start":{"line":61,"column":66},"end":{"line":61,"column":90}}]},"8":{"type":"branch","line":62,"loc":{"start":{"line":62,"column":66},"end":{"line":62,"column":90}},"locations":[{"start":{"line":62,"column":66},"end":{"line":62,"column":90}}]},"9":{"type":"branch","line":63,"loc":{"start":{"line":63,"column":64},"end":{"line":63,"column":87}},"locations":[{"start":{"line":63,"column":64},"end":{"line":63,"column":87}}]},"10":{"type":"branch","line":63,"loc":{"start":{"line":63,"column":88},"end":{"line":63,"column":94}},"locations":[{"start":{"line":63,"column":88},"end":{"line":63,"column":94}}]},"11":{"type":"branch","line":90,"loc":{"start":{"line":90,"column":4},"end":{"line":97,"column":5}},"locations":[{"start":{"line":90,"column":4},"end":{"line":97,"column":5}}]},"12":{"type":"branch","line":99,"loc":{"start":{"line":99,"column":4},"end":{"line":101,"column":5}},"locations":[{"start":{"line":99,"column":4},"end":{"line":101,"column":5}}]},"13":{"type":"branch","line":103,"loc":{"start":{"line":103,"column":4},"end":{"line":108,"column":5}},"locations":[{"start":{"line":103,"column":4},"end":{"line":108,"column":5}}]},"14":{"type":"branch","line":104,"loc":{"start":{"line":104,"column":41},"end":{"line":106,"column":9}},"locations":[{"start":{"line":104,"column":41},"end":{"line":106,"column":9}}]},"15":{"type":"branch","line":110,"loc":{"start":{"line":110,"column":4},"end":{"line":115,"column":5}},"locations":[{"start":{"line":110,"column":4},"end":{"line":115,"column":5}}]},"16":{"type":"branch","line":111,"loc":{"start":{"line":111,"column":45},"end":{"line":113,"column":9}},"locations":[{"start":{"line":111,"column":45},"end":{"line":113,"column":9}}]},"17":{"type":"branch","line":117,"loc":{"start":{"line":117,"column":4},"end":{"line":122,"column":5}},"locations":[{"start":{"line":117,"column":4},"end":{"line":122,"column":5}}]},"18":{"type":"branch","line":118,"loc":{"start":{"line":118,"column":43},"end":{"line":120,"column":9}},"locations":[{"start":{"line":118,"column":43},"end":{"line":120,"column":9}}]},"19":{"type":"branch","line":124,"loc":{"start":{"line":124,"column":4},"end":{"line":129,"column":5}},"locations":[{"start":{"line":124,"column":4},"end":{"line":129,"column":5}}]},"20":{"type":"branch","line":127,"loc":{"start":{"line":127,"column":69},"end":{"line":127,"column":73}},"locations":[{"start":{"line":127,"column":69},"end":{"line":127,"column":73}}]},"21":{"type":"branch","line":131,"loc":{"start":{"line":131,"column":4},"end":{"line":142,"column":5}},"locations":[{"start":{"line":131,"column":4},"end":{"line":142,"column":5}}]},"22":{"type":"branch","line":132,"loc":{"start":{"line":132,"column":37},"end":{"line":132,"column":47}},"locations":[{"start":{"line":132,"column":37},"end":{"line":132,"column":47}}]},"23":{"type":"branch","line":132,"loc":{"start":{"line":132,"column":46},"end":{"line":135,"column":33}},"locations":[{"start":{"line":132,"column":46},"end":{"line":135,"column":33}}]},"24":{"type":"branch","line":135,"loc":{"start":{"line":135,"column":33},"end":{"line":140,"column":9}},"locations":[{"start":{"line":135,"column":33},"end":{"line":140,"column":9}}]},"25":{"type":"branch","line":136,"loc":{"start":{"line":136,"column":71},"end":{"line":136,"column":86}},"locations":[{"start":{"line":136,"column":71},"end":{"line":136,"column":86}}]},"26":{"type":"branch","line":136,"loc":{"start":{"line":136,"column":88},"end":{"line":139,"column":13}},"locations":[{"start":{"line":136,"column":88},"end":{"line":139,"column":13}}]},"27":{"type":"branch","line":140,"loc":{"start":{"line":140,"column":8},"end":{"line":142,"column":4}},"locations":[{"start":{"line":140,"column":8},"end":{"line":142,"column":4}}]},"28":{"type":"branch","line":144,"loc":{"start":{"line":144,"column":4},"end":{"line":148,"column":5}},"locations":[{"start":{"line":144,"column":4},"end":{"line":148,"column":5}}]},"29":{"type":"branch","line":145,"loc":{"start":{"line":145,"column":17},"end":{"line":145,"column":43}},"locations":[{"start":{"line":145,"column":17},"end":{"line":145,"column":43}}]},"30":{"type":"branch","line":145,"loc":{"start":{"line":145,"column":45},"end":{"line":145,"column":58}},"locations":[{"start":{"line":145,"column":45},"end":{"line":145,"column":58}}]},"31":{"type":"branch","line":145,"loc":{"start":{"line":145,"column":57},"end":{"line":146,"column":45}},"locations":[{"start":{"line":145,"column":57},"end":{"line":146,"column":45}}]},"32":{"type":"branch","line":146,"loc":{"start":{"line":146,"column":45},"end":{"line":146,"column":73}},"locations":[{"start":{"line":146,"column":45},"end":{"line":146,"column":73}}]},"33":{"type":"branch","line":146,"loc":{"start":{"line":146,"column":75},"end":{"line":146,"column":88}},"locations":[{"start":{"line":146,"column":75},"end":{"line":146,"column":88}}]},"34":{"type":"branch","line":146,"loc":{"start":{"line":146,"column":87},"end":{"line":148,"column":4}},"locations":[{"start":{"line":146,"column":87},"end":{"line":148,"column":4}}]},"35":{"type":"branch","line":150,"loc":{"start":{"line":150,"column":4},"end":{"line":154,"column":5}},"locations":[{"start":{"line":150,"column":4},"end":{"line":154,"column":5}}]},"36":{"type":"branch","line":151,"loc":{"start":{"line":151,"column":36},"end":{"line":151,"column":41}},"locations":[{"start":{"line":151,"column":36},"end":{"line":151,"column":41}}]},"37":{"type":"branch","line":151,"loc":{"start":{"line":151,"column":42},"end":{"line":151,"column":54}},"locations":[{"start":{"line":151,"column":42},"end":{"line":151,"column":54}}]},"38":{"type":"branch","line":152,"loc":{"start":{"line":152,"column":69},"end":{"line":152,"column":82}},"locations":[{"start":{"line":152,"column":69},"end":{"line":152,"column":82}}]},"39":{"type":"branch","line":156,"loc":{"start":{"line":156,"column":4},"end":{"line":221,"column":5}},"locations":[{"start":{"line":156,"column":4},"end":{"line":221,"column":5}}]},"40":{"type":"branch","line":157,"loc":{"start":{"line":157,"column":38},"end":{"line":159,"column":9}},"locations":[{"start":{"line":157,"column":38},"end":{"line":159,"column":9}}]},"41":{"type":"branch","line":159,"loc":{"start":{"line":159,"column":8},"end":{"line":161,"column":38}},"locations":[{"start":{"line":159,"column":8},"end":{"line":161,"column":38}}]},"42":{"type":"branch","line":161,"loc":{"start":{"line":161,"column":38},"end":{"line":163,"column":9}},"locations":[{"start":{"line":161,"column":38},"end":{"line":163,"column":9}}]},"43":{"type":"branch","line":163,"loc":{"start":{"line":163,"column":8},"end":{"line":165,"column":70}},"locations":[{"start":{"line":163,"column":8},"end":{"line":165,"column":70}}]},"44":{"type":"branch","line":165,"loc":{"start":{"line":165,"column":72},"end":{"line":167,"column":9}},"locations":[{"start":{"line":165,"column":72},"end":{"line":167,"column":9}}]},"45":{"type":"branch","line":167,"loc":{"start":{"line":167,"column":8},"end":{"line":168,"column":47}},"locations":[{"start":{"line":167,"column":8},"end":{"line":168,"column":47}}]},"46":{"type":"branch","line":168,"loc":{"start":{"line":168,"column":47},"end":{"line":168,"column":59}},"locations":[{"start":{"line":168,"column":47},"end":{"line":168,"column":59}}]},"47":{"type":"branch","line":168,"loc":{"start":{"line":168,"column":60},"end":{"line":168,"column":86}},"locations":[{"start":{"line":168,"column":60},"end":{"line":168,"column":86}}]},"48":{"type":"branch","line":169,"loc":{"start":{"line":169,"column":38},"end":{"line":169,"column":59}},"locations":[{"start":{"line":169,"column":38},"end":{"line":169,"column":59}}]},"49":{"type":"branch","line":169,"loc":{"start":{"line":169,"column":61},"end":{"line":171,"column":9}},"locations":[{"start":{"line":169,"column":61},"end":{"line":171,"column":9}}]},"50":{"type":"branch","line":171,"loc":{"start":{"line":171,"column":8},"end":{"line":173,"column":62}},"locations":[{"start":{"line":171,"column":8},"end":{"line":173,"column":62}}]},"51":{"type":"branch","line":173,"loc":{"start":{"line":173,"column":62},"end":{"line":175,"column":9}},"locations":[{"start":{"line":173,"column":62},"end":{"line":175,"column":9}}]},"52":{"type":"branch","line":175,"loc":{"start":{"line":175,"column":8},"end":{"line":177,"column":42}},"locations":[{"start":{"line":175,"column":8},"end":{"line":177,"column":42}}]},"53":{"type":"branch","line":177,"loc":{"start":{"line":177,"column":42},"end":{"line":177,"column":61}},"locations":[{"start":{"line":177,"column":42},"end":{"line":177,"column":61}}]},"54":{"type":"branch","line":177,"loc":{"start":{"line":177,"column":62},"end":{"line":177,"column":79}},"locations":[{"start":{"line":177,"column":62},"end":{"line":177,"column":79}}]},"55":{"type":"branch","line":178,"loc":{"start":{"line":178,"column":12},"end":{"line":178,"column":21}},"locations":[{"start":{"line":178,"column":12},"end":{"line":178,"column":21}}]},"56":{"type":"branch","line":179,"loc":{"start":{"line":179,"column":12},"end":{"line":179,"column":65}},"locations":[{"start":{"line":179,"column":12},"end":{"line":179,"column":65}}]},"57":{"type":"branch","line":179,"loc":{"start":{"line":179,"column":42},"end":{"line":179,"column":57}},"locations":[{"start":{"line":179,"column":42},"end":{"line":179,"column":57}}]},"58":{"type":"branch","line":179,"loc":{"start":{"line":179,"column":58},"end":{"line":179,"column":64}},"locations":[{"start":{"line":179,"column":58},"end":{"line":179,"column":64}}]},"59":{"type":"branch","line":180,"loc":{"start":{"line":180,"column":17},"end":{"line":182,"column":9}},"locations":[{"start":{"line":180,"column":17},"end":{"line":182,"column":9}}]},"60":{"type":"branch","line":182,"loc":{"start":{"line":182,"column":8},"end":{"line":183,"column":32}},"locations":[{"start":{"line":182,"column":8},"end":{"line":183,"column":32}}]},"61":{"type":"branch","line":183,"loc":{"start":{"line":183,"column":32},"end":{"line":185,"column":9}},"locations":[{"start":{"line":183,"column":32},"end":{"line":185,"column":9}}]},"62":{"type":"branch","line":185,"loc":{"start":{"line":185,"column":8},"end":{"line":187,"column":65}},"locations":[{"start":{"line":185,"column":8},"end":{"line":187,"column":65}}]},"63":{"type":"branch","line":187,"loc":{"start":{"line":187,"column":66},"end":{"line":187,"column":94}},"locations":[{"start":{"line":187,"column":66},"end":{"line":187,"column":94}}]},"64":{"type":"branch","line":188,"loc":{"start":{"line":188,"column":53},"end":{"line":188,"column":68}},"locations":[{"start":{"line":188,"column":53},"end":{"line":188,"column":68}}]},"65":{"type":"branch","line":188,"loc":{"start":{"line":188,"column":69},"end":{"line":188,"column":98}},"locations":[{"start":{"line":188,"column":69},"end":{"line":188,"column":98}}]},"66":{"type":"branch","line":191,"loc":{"start":{"line":191,"column":12},"end":{"line":191,"column":28}},"locations":[{"start":{"line":191,"column":12},"end":{"line":191,"column":28}}]},"67":{"type":"branch","line":192,"loc":{"start":{"line":192,"column":12},"end":{"line":192,"column":52}},"locations":[{"start":{"line":192,"column":12},"end":{"line":192,"column":52}}]},"68":{"type":"branch","line":209,"loc":{"start":{"line":209,"column":35},"end":{"line":211,"column":9}},"locations":[{"start":{"line":209,"column":35},"end":{"line":211,"column":9}}]},"69":{"type":"branch","line":211,"loc":{"start":{"line":211,"column":8},"end":{"line":214,"column":71}},"locations":[{"start":{"line":211,"column":8},"end":{"line":214,"column":71}}]},"70":{"type":"branch","line":214,"loc":{"start":{"line":214,"column":71},"end":{"line":214,"column":75}},"locations":[{"start":{"line":214,"column":71},"end":{"line":214,"column":75}}]},"71":{"type":"branch","line":215,"loc":{"start":{"line":215,"column":35},"end":{"line":217,"column":9}},"locations":[{"start":{"line":215,"column":35},"end":{"line":217,"column":9}}]},"72":{"type":"branch","line":216,"loc":{"start":{"line":216,"column":65},"end":{"line":216,"column":69}},"locations":[{"start":{"line":216,"column":65},"end":{"line":216,"column":69}}]},"73":{"type":"branch","line":217,"loc":{"start":{"line":217,"column":8},"end":{"line":221,"column":4}},"locations":[{"start":{"line":217,"column":8},"end":{"line":221,"column":4}}]},"74":{"type":"branch","line":223,"loc":{"start":{"line":223,"column":4},"end":{"line":260,"column":5}},"locations":[{"start":{"line":223,"column":4},"end":{"line":260,"column":5}}]},"75":{"type":"branch","line":224,"loc":{"start":{"line":224,"column":63},"end":{"line":226,"column":9}},"locations":[{"start":{"line":224,"column":63},"end":{"line":226,"column":9}}]},"76":{"type":"branch","line":226,"loc":{"start":{"line":226,"column":8},"end":{"line":227,"column":67}},"locations":[{"start":{"line":226,"column":8},"end":{"line":227,"column":67}}]},"77":{"type":"branch","line":227,"loc":{"start":{"line":227,"column":69},"end":{"line":229,"column":9}},"locations":[{"start":{"line":227,"column":69},"end":{"line":229,"column":9}}]},"78":{"type":"branch","line":229,"loc":{"start":{"line":229,"column":8},"end":{"line":230,"column":37}},"locations":[{"start":{"line":229,"column":8},"end":{"line":230,"column":37}}]},"79":{"type":"branch","line":230,"loc":{"start":{"line":230,"column":37},"end":{"line":232,"column":9}},"locations":[{"start":{"line":230,"column":37},"end":{"line":232,"column":9}}]},"80":{"type":"branch","line":232,"loc":{"start":{"line":232,"column":8},"end":{"line":234,"column":38}},"locations":[{"start":{"line":232,"column":8},"end":{"line":234,"column":38}}]},"81":{"type":"branch","line":234,"loc":{"start":{"line":234,"column":38},"end":{"line":236,"column":9}},"locations":[{"start":{"line":234,"column":38},"end":{"line":236,"column":9}}]},"82":{"type":"branch","line":236,"loc":{"start":{"line":236,"column":8},"end":{"line":260,"column":4}},"locations":[{"start":{"line":236,"column":8},"end":{"line":260,"column":4}}]},"83":{"type":"branch","line":262,"loc":{"start":{"line":262,"column":4},"end":{"line":269,"column":5}},"locations":[{"start":{"line":262,"column":4},"end":{"line":269,"column":5}}]},"84":{"type":"branch","line":263,"loc":{"start":{"line":263,"column":38},"end":{"line":263,"column":48}},"locations":[{"start":{"line":263,"column":38},"end":{"line":263,"column":48}}]},"85":{"type":"branch","line":263,"loc":{"start":{"line":263,"column":47},"end":{"line":264,"column":51}},"locations":[{"start":{"line":263,"column":47},"end":{"line":264,"column":51}}]},"86":{"type":"branch","line":264,"loc":{"start":{"line":264,"column":51},"end":{"line":264,"column":56}},"locations":[{"start":{"line":264,"column":51},"end":{"line":264,"column":56}}]},"87":{"type":"branch","line":266,"loc":{"start":{"line":266,"column":17},"end":{"line":266,"column":41}},"locations":[{"start":{"line":266,"column":17},"end":{"line":266,"column":41}}]},"88":{"type":"branch","line":267,"loc":{"start":{"line":267,"column":20},"end":{"line":267,"column":40}},"locations":[{"start":{"line":267,"column":20},"end":{"line":267,"column":40}}]},"89":{"type":"branch","line":268,"loc":{"start":{"line":268,"column":17},"end":{"line":268,"column":40}},"locations":[{"start":{"line":268,"column":17},"end":{"line":268,"column":40}}]},"90":{"type":"branch","line":271,"loc":{"start":{"line":271,"column":4},"end":{"line":278,"column":5}},"locations":[{"start":{"line":271,"column":4},"end":{"line":278,"column":5}}]},"91":{"type":"branch","line":272,"loc":{"start":{"line":272,"column":61},"end":{"line":272,"column":71}},"locations":[{"start":{"line":272,"column":61},"end":{"line":272,"column":71}}]},"92":{"type":"branch","line":272,"loc":{"start":{"line":272,"column":70},"end":{"line":273,"column":47}},"locations":[{"start":{"line":272,"column":70},"end":{"line":273,"column":47}}]},"93":{"type":"branch","line":273,"loc":{"start":{"line":273,"column":47},"end":{"line":273,"column":52}},"locations":[{"start":{"line":273,"column":47},"end":{"line":273,"column":52}}]},"94":{"type":"branch","line":275,"loc":{"start":{"line":275,"column":17},"end":{"line":275,"column":41}},"locations":[{"start":{"line":275,"column":17},"end":{"line":275,"column":41}}]},"95":{"type":"branch","line":276,"loc":{"start":{"line":276,"column":20},"end":{"line":276,"column":40}},"locations":[{"start":{"line":276,"column":20},"end":{"line":276,"column":40}}]},"96":{"type":"branch","line":277,"loc":{"start":{"line":277,"column":17},"end":{"line":277,"column":40}},"locations":[{"start":{"line":277,"column":17},"end":{"line":277,"column":40}}]},"97":{"type":"branch","line":280,"loc":{"start":{"line":280,"column":4},"end":{"line":287,"column":5}},"locations":[{"start":{"line":280,"column":4},"end":{"line":287,"column":5}}]},"98":{"type":"branch","line":281,"loc":{"start":{"line":281,"column":79},"end":{"line":281,"column":89}},"locations":[{"start":{"line":281,"column":79},"end":{"line":281,"column":89}}]},"99":{"type":"branch","line":281,"loc":{"start":{"line":281,"column":88},"end":{"line":282,"column":49}},"locations":[{"start":{"line":281,"column":88},"end":{"line":282,"column":49}}]},"100":{"type":"branch","line":282,"loc":{"start":{"line":282,"column":49},"end":{"line":282,"column":54}},"locations":[{"start":{"line":282,"column":49},"end":{"line":282,"column":54}}]},"101":{"type":"branch","line":284,"loc":{"start":{"line":284,"column":17},"end":{"line":284,"column":41}},"locations":[{"start":{"line":284,"column":17},"end":{"line":284,"column":41}}]},"102":{"type":"branch","line":285,"loc":{"start":{"line":285,"column":20},"end":{"line":285,"column":40}},"locations":[{"start":{"line":285,"column":20},"end":{"line":285,"column":40}}]},"103":{"type":"branch","line":286,"loc":{"start":{"line":286,"column":17},"end":{"line":286,"column":40}},"locations":[{"start":{"line":286,"column":17},"end":{"line":286,"column":40}}]},"104":{"type":"branch","line":289,"loc":{"start":{"line":289,"column":4},"end":{"line":305,"column":5}},"locations":[{"start":{"line":289,"column":4},"end":{"line":305,"column":5}}]},"105":{"type":"branch","line":290,"loc":{"start":{"line":290,"column":53},"end":{"line":290,"column":70}},"locations":[{"start":{"line":290,"column":53},"end":{"line":290,"column":70}}]},"106":{"type":"branch","line":290,"loc":{"start":{"line":290,"column":72},"end":{"line":290,"column":79}},"locations":[{"start":{"line":290,"column":72},"end":{"line":290,"column":79}}]},"107":{"type":"branch","line":290,"loc":{"start":{"line":290,"column":80},"end":{"line":290,"column":87}},"locations":[{"start":{"line":290,"column":80},"end":{"line":290,"column":87}}]},"108":{"type":"branch","line":291,"loc":{"start":{"line":291,"column":53},"end":{"line":293,"column":9}},"locations":[{"start":{"line":291,"column":53},"end":{"line":293,"column":9}}]},"109":{"type":"branch","line":293,"loc":{"start":{"line":293,"column":8},"end":{"line":296,"column":47}},"locations":[{"start":{"line":293,"column":8},"end":{"line":296,"column":47}}]},"110":{"type":"branch","line":296,"loc":{"start":{"line":296,"column":47},"end":{"line":296,"column":51}},"locations":[{"start":{"line":296,"column":47},"end":{"line":296,"column":51}}]},"111":{"type":"branch","line":296,"loc":{"start":{"line":296,"column":52},"end":{"line":296,"column":55}},"locations":[{"start":{"line":296,"column":52},"end":{"line":296,"column":55}}]},"112":{"type":"branch","line":295,"loc":{"start":{"line":295,"column":56},"end":{"line":295,"column":79}},"locations":[{"start":{"line":295,"column":56},"end":{"line":295,"column":79}}]},"113":{"type":"branch","line":297,"loc":{"start":{"line":297,"column":17},"end":{"line":302,"column":9}},"locations":[{"start":{"line":297,"column":17},"end":{"line":302,"column":9}}]},"114":{"type":"branch","line":298,"loc":{"start":{"line":298,"column":59},"end":{"line":298,"column":62}},"locations":[{"start":{"line":298,"column":59},"end":{"line":298,"column":62}}]},"115":{"type":"branch","line":299,"loc":{"start":{"line":299,"column":59},"end":{"line":299,"column":62}},"locations":[{"start":{"line":299,"column":59},"end":{"line":299,"column":62}}]},"116":{"type":"branch","line":300,"loc":{"start":{"line":300,"column":27},"end":{"line":300,"column":36}},"locations":[{"start":{"line":300,"column":27},"end":{"line":300,"column":36}}]},"117":{"type":"branch","line":301,"loc":{"start":{"line":301,"column":27},"end":{"line":301,"column":37}},"locations":[{"start":{"line":301,"column":27},"end":{"line":301,"column":37}}]},"118":{"type":"branch","line":301,"loc":{"start":{"line":301,"column":38},"end":{"line":301,"column":47}},"locations":[{"start":{"line":301,"column":38},"end":{"line":301,"column":47}}]},"119":{"type":"branch","line":307,"loc":{"start":{"line":307,"column":4},"end":{"line":375,"column":5}},"locations":[{"start":{"line":307,"column":4},"end":{"line":375,"column":5}}]},"120":{"type":"branch","line":308,"loc":{"start":{"line":308,"column":63},"end":{"line":310,"column":9}},"locations":[{"start":{"line":308,"column":63},"end":{"line":310,"column":9}}]},"121":{"type":"branch","line":310,"loc":{"start":{"line":310,"column":8},"end":{"line":311,"column":37}},"locations":[{"start":{"line":310,"column":8},"end":{"line":311,"column":37}}]},"122":{"type":"branch","line":311,"loc":{"start":{"line":311,"column":37},"end":{"line":313,"column":9}},"locations":[{"start":{"line":311,"column":37},"end":{"line":313,"column":9}}]},"123":{"type":"branch","line":313,"loc":{"start":{"line":313,"column":8},"end":{"line":315,"column":20}},"locations":[{"start":{"line":313,"column":8},"end":{"line":315,"column":20}}]},"124":{"type":"branch","line":315,"loc":{"start":{"line":315,"column":20},"end":{"line":315,"column":49}},"locations":[{"start":{"line":315,"column":20},"end":{"line":315,"column":49}}]},"125":{"type":"branch","line":315,"loc":{"start":{"line":315,"column":51},"end":{"line":317,"column":9}},"locations":[{"start":{"line":315,"column":51},"end":{"line":317,"column":9}}]},"126":{"type":"branch","line":317,"loc":{"start":{"line":317,"column":8},"end":{"line":318,"column":35}},"locations":[{"start":{"line":317,"column":8},"end":{"line":318,"column":35}}]},"127":{"type":"branch","line":318,"loc":{"start":{"line":318,"column":35},"end":{"line":320,"column":9}},"locations":[{"start":{"line":318,"column":35},"end":{"line":320,"column":9}}]},"128":{"type":"branch","line":320,"loc":{"start":{"line":320,"column":8},"end":{"line":324,"column":40}},"locations":[{"start":{"line":320,"column":8},"end":{"line":324,"column":40}}]},"129":{"type":"branch","line":324,"loc":{"start":{"line":324,"column":40},"end":{"line":330,"column":9}},"locations":[{"start":{"line":324,"column":40},"end":{"line":330,"column":9}}]},"130":{"type":"branch","line":330,"loc":{"start":{"line":330,"column":8},"end":{"line":334,"column":41}},"locations":[{"start":{"line":330,"column":8},"end":{"line":334,"column":41}}]},"131":{"type":"branch","line":334,"loc":{"start":{"line":334,"column":41},"end":{"line":336,"column":9}},"locations":[{"start":{"line":334,"column":41},"end":{"line":336,"column":9}}]},"132":{"type":"branch","line":336,"loc":{"start":{"line":336,"column":8},"end":{"line":341,"column":30}},"locations":[{"start":{"line":336,"column":8},"end":{"line":341,"column":30}}]},"133":{"type":"branch","line":341,"loc":{"start":{"line":341,"column":30},"end":{"line":341,"column":44}},"locations":[{"start":{"line":341,"column":30},"end":{"line":341,"column":44}}]},"134":{"type":"branch","line":341,"loc":{"start":{"line":341,"column":45},"end":{"line":341,"column":57}},"locations":[{"start":{"line":341,"column":45},"end":{"line":341,"column":57}}]},"135":{"type":"branch","line":350,"loc":{"start":{"line":350,"column":23},"end":{"line":359,"column":40}},"locations":[{"start":{"line":350,"column":23},"end":{"line":359,"column":40}}]},"136":{"type":"branch","line":359,"loc":{"start":{"line":359,"column":40},"end":{"line":365,"column":9}},"locations":[{"start":{"line":359,"column":40},"end":{"line":365,"column":9}}]},"137":{"type":"branch","line":365,"loc":{"start":{"line":365,"column":8},"end":{"line":368,"column":93}},"locations":[{"start":{"line":365,"column":8},"end":{"line":368,"column":93}}]},"138":{"type":"branch","line":368,"loc":{"start":{"line":368,"column":93},"end":{"line":368,"column":97}},"locations":[{"start":{"line":368,"column":93},"end":{"line":368,"column":97}}]},"139":{"type":"branch","line":369,"loc":{"start":{"line":369,"column":40},"end":{"line":371,"column":9}},"locations":[{"start":{"line":369,"column":40},"end":{"line":371,"column":9}}]},"140":{"type":"branch","line":370,"loc":{"start":{"line":370,"column":77},"end":{"line":370,"column":81}},"locations":[{"start":{"line":370,"column":77},"end":{"line":370,"column":81}}]},"141":{"type":"branch","line":371,"loc":{"start":{"line":371,"column":8},"end":{"line":375,"column":4}},"locations":[{"start":{"line":371,"column":8},"end":{"line":375,"column":4}}]},"142":{"type":"branch","line":377,"loc":{"start":{"line":377,"column":4},"end":{"line":415,"column":5}},"locations":[{"start":{"line":377,"column":4},"end":{"line":415,"column":5}}]},"143":{"type":"branch","line":381,"loc":{"start":{"line":381,"column":55},"end":{"line":385,"column":9}},"locations":[{"start":{"line":381,"column":55},"end":{"line":385,"column":9}}]},"144":{"type":"branch","line":382,"loc":{"start":{"line":382,"column":44},"end":{"line":384,"column":13}},"locations":[{"start":{"line":382,"column":44},"end":{"line":384,"column":13}}]},"145":{"type":"branch","line":386,"loc":{"start":{"line":386,"column":35},"end":{"line":412,"column":9}},"locations":[{"start":{"line":386,"column":35},"end":{"line":412,"column":9}}]},"146":{"type":"branch","line":407,"loc":{"start":{"line":407,"column":97},"end":{"line":407,"column":101}},"locations":[{"start":{"line":407,"column":97},"end":{"line":407,"column":101}}]},"147":{"type":"branch","line":409,"loc":{"start":{"line":409,"column":81},"end":{"line":409,"column":85}},"locations":[{"start":{"line":409,"column":81},"end":{"line":409,"column":85}}]},"148":{"type":"branch","line":417,"loc":{"start":{"line":417,"column":4},"end":{"line":421,"column":5}},"locations":[{"start":{"line":417,"column":4},"end":{"line":421,"column":5}}]},"149":{"type":"branch","line":418,"loc":{"start":{"line":418,"column":63},"end":{"line":418,"column":75}},"locations":[{"start":{"line":418,"column":63},"end":{"line":418,"column":75}}]},"150":{"type":"branch","line":418,"loc":{"start":{"line":418,"column":74},"end":{"line":419,"column":37}},"locations":[{"start":{"line":418,"column":74},"end":{"line":419,"column":37}}]},"151":{"type":"branch","line":419,"loc":{"start":{"line":419,"column":37},"end":{"line":421,"column":4}},"locations":[{"start":{"line":419,"column":37},"end":{"line":421,"column":4}}]},"152":{"type":"branch","line":423,"loc":{"start":{"line":423,"column":4},"end":{"line":425,"column":5}},"locations":[{"start":{"line":423,"column":4},"end":{"line":425,"column":5}}]},"153":{"type":"branch","line":424,"loc":{"start":{"line":424,"column":31},"end":{"line":424,"column":79}},"locations":[{"start":{"line":424,"column":31},"end":{"line":424,"column":79}}]},"154":{"type":"branch","line":424,"loc":{"start":{"line":424,"column":69},"end":{"line":424,"column":74}},"locations":[{"start":{"line":424,"column":69},"end":{"line":424,"column":74}}]},"155":{"type":"branch","line":427,"loc":{"start":{"line":427,"column":4},"end":{"line":429,"column":5}},"locations":[{"start":{"line":427,"column":4},"end":{"line":429,"column":5}}]},"156":{"type":"branch","line":428,"loc":{"start":{"line":428,"column":51},"end":{"line":428,"column":74}},"locations":[{"start":{"line":428,"column":51},"end":{"line":428,"column":74}}]},"157":{"type":"branch","line":431,"loc":{"start":{"line":431,"column":4},"end":{"line":433,"column":5}},"locations":[{"start":{"line":431,"column":4},"end":{"line":433,"column":5}}]},"158":{"type":"branch","line":435,"loc":{"start":{"line":435,"column":4},"end":{"line":437,"column":5}},"locations":[{"start":{"line":435,"column":4},"end":{"line":437,"column":5}}]},"159":{"type":"branch","line":439,"loc":{"start":{"line":439,"column":4},"end":{"line":441,"column":5}},"locations":[{"start":{"line":439,"column":4},"end":{"line":441,"column":5}}]},"160":{"type":"branch","line":443,"loc":{"start":{"line":443,"column":4},"end":{"line":469,"column":5}},"locations":[{"start":{"line":443,"column":4},"end":{"line":469,"column":5}}]},"161":{"type":"branch","line":445,"loc":{"start":{"line":445,"column":43},"end":{"line":445,"column":60}},"locations":[{"start":{"line":445,"column":43},"end":{"line":445,"column":60}}]},"162":{"type":"branch","line":450,"loc":{"start":{"line":450,"column":43},"end":{"line":450,"column":59}},"locations":[{"start":{"line":450,"column":43},"end":{"line":450,"column":59}}]},"163":{"type":"branch","line":458,"loc":{"start":{"line":458,"column":49},"end":{"line":458,"column":53}},"locations":[{"start":{"line":458,"column":49},"end":{"line":458,"column":53}}]},"164":{"type":"branch","line":471,"loc":{"start":{"line":471,"column":4},"end":{"line":480,"column":5}},"locations":[{"start":{"line":471,"column":4},"end":{"line":480,"column":5}}]},"165":{"type":"branch","line":472,"loc":{"start":{"line":472,"column":37},"end":{"line":472,"column":57}},"locations":[{"start":{"line":472,"column":37},"end":{"line":472,"column":57}}]},"166":{"type":"branch","line":472,"loc":{"start":{"line":472,"column":59},"end":{"line":474,"column":9}},"locations":[{"start":{"line":472,"column":59},"end":{"line":474,"column":9}}]},"167":{"type":"branch","line":474,"loc":{"start":{"line":474,"column":8},"end":{"line":475,"column":43}},"locations":[{"start":{"line":474,"column":8},"end":{"line":475,"column":43}}]},"168":{"type":"branch","line":475,"loc":{"start":{"line":475,"column":43},"end":{"line":477,"column":9}},"locations":[{"start":{"line":475,"column":43},"end":{"line":477,"column":9}}]},"169":{"type":"branch","line":477,"loc":{"start":{"line":477,"column":8},"end":{"line":480,"column":4}},"locations":[{"start":{"line":477,"column":8},"end":{"line":480,"column":4}}]},"170":{"type":"branch","line":482,"loc":{"start":{"line":482,"column":4},"end":{"line":494,"column":5}},"locations":[{"start":{"line":482,"column":4},"end":{"line":494,"column":5}}]},"171":{"type":"branch","line":483,"loc":{"start":{"line":483,"column":35},"end":{"line":485,"column":9}},"locations":[{"start":{"line":483,"column":35},"end":{"line":485,"column":9}}]},"172":{"type":"branch","line":485,"loc":{"start":{"line":485,"column":8},"end":{"line":487,"column":43}},"locations":[{"start":{"line":485,"column":8},"end":{"line":487,"column":43}}]},"173":{"type":"branch","line":487,"loc":{"start":{"line":487,"column":43},"end":{"line":487,"column":62}},"locations":[{"start":{"line":487,"column":43},"end":{"line":487,"column":62}}]},"174":{"type":"branch","line":487,"loc":{"start":{"line":487,"column":64},"end":{"line":487,"column":73}},"locations":[{"start":{"line":487,"column":64},"end":{"line":487,"column":73}}]},"175":{"type":"branch","line":487,"loc":{"start":{"line":487,"column":74},"end":{"line":487,"column":78}},"locations":[{"start":{"line":487,"column":74},"end":{"line":487,"column":78}}]},"176":{"type":"branch","line":491,"loc":{"start":{"line":491,"column":10},"end":{"line":493,"column":9}},"locations":[{"start":{"line":491,"column":10},"end":{"line":493,"column":9}}]},"177":{"type":"branch","line":496,"loc":{"start":{"line":496,"column":4},"end":{"line":508,"column":5}},"locations":[{"start":{"line":496,"column":4},"end":{"line":508,"column":5}}]},"178":{"type":"branch","line":497,"loc":{"start":{"line":497,"column":38},"end":{"line":497,"column":59}},"locations":[{"start":{"line":497,"column":38},"end":{"line":497,"column":59}}]},"179":{"type":"branch","line":497,"loc":{"start":{"line":497,"column":61},"end":{"line":499,"column":9}},"locations":[{"start":{"line":497,"column":61},"end":{"line":499,"column":9}}]},"180":{"type":"branch","line":499,"loc":{"start":{"line":499,"column":8},"end":{"line":500,"column":43}},"locations":[{"start":{"line":499,"column":8},"end":{"line":500,"column":43}}]},"181":{"type":"branch","line":500,"loc":{"start":{"line":500,"column":43},"end":{"line":502,"column":9}},"locations":[{"start":{"line":500,"column":43},"end":{"line":502,"column":9}}]},"182":{"type":"branch","line":502,"loc":{"start":{"line":502,"column":8},"end":{"line":508,"column":4}},"locations":[{"start":{"line":502,"column":8},"end":{"line":508,"column":4}}]},"183":{"type":"branch","line":510,"loc":{"start":{"line":510,"column":4},"end":{"line":519,"column":5}},"locations":[{"start":{"line":510,"column":4},"end":{"line":519,"column":5}}]},"184":{"type":"branch","line":511,"loc":{"start":{"line":511,"column":36},"end":{"line":511,"column":43}},"locations":[{"start":{"line":511,"column":36},"end":{"line":511,"column":43}}]},"185":{"type":"branch","line":511,"loc":{"start":{"line":511,"column":42},"end":{"line":519,"column":4}},"locations":[{"start":{"line":511,"column":42},"end":{"line":519,"column":4}}]},"186":{"type":"branch","line":515,"loc":{"start":{"line":515,"column":14},"end":{"line":517,"column":13}},"locations":[{"start":{"line":515,"column":14},"end":{"line":517,"column":13}}]},"187":{"type":"branch","line":521,"loc":{"start":{"line":521,"column":4},"end":{"line":528,"column":5}},"locations":[{"start":{"line":521,"column":4},"end":{"line":528,"column":5}}]},"188":{"type":"branch","line":522,"loc":{"start":{"line":522,"column":36},"end":{"line":522,"column":91}},"locations":[{"start":{"line":522,"column":36},"end":{"line":522,"column":91}}]},"189":{"type":"branch","line":522,"loc":{"start":{"line":522,"column":90},"end":{"line":525,"column":24}},"locations":[{"start":{"line":522,"column":90},"end":{"line":525,"column":24}}]},"190":{"type":"branch","line":525,"loc":{"start":{"line":525,"column":24},"end":{"line":528,"column":4}},"locations":[{"start":{"line":525,"column":24},"end":{"line":528,"column":4}}]},"191":{"type":"branch","line":530,"loc":{"start":{"line":530,"column":4},"end":{"line":540,"column":5}},"locations":[{"start":{"line":530,"column":4},"end":{"line":540,"column":5}}]},"192":{"type":"branch","line":542,"loc":{"start":{"line":542,"column":4},"end":{"line":566,"column":5}},"locations":[{"start":{"line":542,"column":4},"end":{"line":566,"column":5}}]},"193":{"type":"branch","line":543,"loc":{"start":{"line":543,"column":18},"end":{"line":543,"column":45}},"locations":[{"start":{"line":543,"column":18},"end":{"line":543,"column":45}}]},"194":{"type":"branch","line":543,"loc":{"start":{"line":543,"column":47},"end":{"line":543,"column":94}},"locations":[{"start":{"line":543,"column":47},"end":{"line":543,"column":94}}]},"195":{"type":"branch","line":543,"loc":{"start":{"line":543,"column":93},"end":{"line":544,"column":25}},"locations":[{"start":{"line":543,"column":93},"end":{"line":544,"column":25}}]},"196":{"type":"branch","line":544,"loc":{"start":{"line":544,"column":25},"end":{"line":546,"column":9}},"locations":[{"start":{"line":544,"column":25},"end":{"line":546,"column":9}}]},"197":{"type":"branch","line":546,"loc":{"start":{"line":546,"column":8},"end":{"line":547,"column":51}},"locations":[{"start":{"line":546,"column":8},"end":{"line":547,"column":51}}]},"198":{"type":"branch","line":547,"loc":{"start":{"line":547,"column":53},"end":{"line":550,"column":28}},"locations":[{"start":{"line":547,"column":53},"end":{"line":550,"column":28}}]},"199":{"type":"branch","line":550,"loc":{"start":{"line":550,"column":28},"end":{"line":550,"column":61}},"locations":[{"start":{"line":550,"column":28},"end":{"line":550,"column":61}}]},"200":{"type":"branch","line":550,"loc":{"start":{"line":550,"column":63},"end":{"line":552,"column":9}},"locations":[{"start":{"line":550,"column":63},"end":{"line":552,"column":9}}]},"201":{"type":"branch","line":552,"loc":{"start":{"line":552,"column":8},"end":{"line":553,"column":30}},"locations":[{"start":{"line":552,"column":8},"end":{"line":553,"column":30}}]},"202":{"type":"branch","line":553,"loc":{"start":{"line":553,"column":30},"end":{"line":553,"column":65}},"locations":[{"start":{"line":553,"column":30},"end":{"line":553,"column":65}}]},"203":{"type":"branch","line":553,"loc":{"start":{"line":553,"column":67},"end":{"line":555,"column":9}},"locations":[{"start":{"line":553,"column":67},"end":{"line":555,"column":9}}]},"204":{"type":"branch","line":555,"loc":{"start":{"line":555,"column":8},"end":{"line":556,"column":29}},"locations":[{"start":{"line":555,"column":8},"end":{"line":556,"column":29}}]},"205":{"type":"branch","line":556,"loc":{"start":{"line":556,"column":29},"end":{"line":556,"column":63}},"locations":[{"start":{"line":556,"column":29},"end":{"line":556,"column":63}}]},"206":{"type":"branch","line":556,"loc":{"start":{"line":556,"column":65},"end":{"line":558,"column":9}},"locations":[{"start":{"line":556,"column":65},"end":{"line":558,"column":9}}]},"207":{"type":"branch","line":558,"loc":{"start":{"line":558,"column":8},"end":{"line":559,"column":24}},"locations":[{"start":{"line":558,"column":8},"end":{"line":559,"column":24}}]},"208":{"type":"branch","line":559,"loc":{"start":{"line":559,"column":24},"end":{"line":559,"column":53}},"locations":[{"start":{"line":559,"column":24},"end":{"line":559,"column":53}}]},"209":{"type":"branch","line":559,"loc":{"start":{"line":559,"column":55},"end":{"line":561,"column":9}},"locations":[{"start":{"line":559,"column":55},"end":{"line":561,"column":9}}]},"210":{"type":"branch","line":561,"loc":{"start":{"line":561,"column":8},"end":{"line":562,"column":24}},"locations":[{"start":{"line":561,"column":8},"end":{"line":562,"column":24}}]},"211":{"type":"branch","line":562,"loc":{"start":{"line":562,"column":24},"end":{"line":564,"column":9}},"locations":[{"start":{"line":562,"column":24},"end":{"line":564,"column":9}}]},"212":{"type":"branch","line":564,"loc":{"start":{"line":564,"column":8},"end":{"line":566,"column":4}},"locations":[{"start":{"line":564,"column":8},"end":{"line":566,"column":4}}]},"213":{"type":"branch","line":568,"loc":{"start":{"line":568,"column":4},"end":{"line":575,"column":5}},"locations":[{"start":{"line":568,"column":4},"end":{"line":575,"column":5}}]},"214":{"type":"branch","line":577,"loc":{"start":{"line":577,"column":4},"end":{"line":581,"column":5}},"locations":[{"start":{"line":577,"column":4},"end":{"line":581,"column":5}}]},"215":{"type":"branch","line":583,"loc":{"start":{"line":583,"column":4},"end":{"line":606,"column":5}},"locations":[{"start":{"line":583,"column":4},"end":{"line":606,"column":5}}]}},"b":{"0":[96],"1":[2],"2":[94],"3":[0],"4":[1],"5":[95],"6":[0],"7":[0],"8":[0],"9":[1],"10":[95],"11":[98],"12":[49],"13":[101],"14":[74],"15":[98],"16":[87],"17":[101],"18":[90],"19":[228],"20":[0],"21":[104],"22":[1],"23":[103],"24":[108],"25":[107],"26":[106],"27":[103],"28":[109],"29":[108],"30":[1],"31":[108],"32":[107],"33":[2],"34":[106],"35":[15],"36":[6],"37":[9],"38":[0],"39":[109],"40":[3],"41":[106],"42":[2],"43":[104],"44":[1],"45":[103],"46":[102],"47":[1],"48":[102],"49":[2],"50":[101],"51":[1],"52":[100],"53":[50],"54":[50],"55":[50],"56":[50],"57":[49],"58":[1],"59":[1],"60":[99],"61":[1],"62":[98],"63":[0],"64":[98],"65":[0],"66":[6],"67":[92],"68":[101],"69":[98],"70":[87],"71":[101],"72":[90],"73":[98],"74":[6],"75":[1],"76":[5],"77":[1],"78":[4],"79":[1],"80":[3],"81":[1],"82":[2],"83":[3],"84":[1],"85":[2],"86":[0],"87":[2],"88":[2],"89":[2],"90":[4],"91":[1],"92":[3],"93":[1],"94":[3],"95":[3],"96":[3],"97":[4],"98":[1],"99":[3],"100":[0],"101":[3],"102":[3],"103":[3],"104":[4],"105":[3],"106":[3],"107":[1],"108":[1],"109":[3],"110":[1],"111":[2],"112":[9],"113":[12],"114":[0],"115":[0],"116":[0],"117":[6],"118":[6],"119":[14],"120":[1],"121":[13],"122":[1],"123":[12],"124":[10],"125":[3],"126":[9],"127":[1],"128":[8],"129":[10],"130":[8],"131":[10],"132":[8],"133":[0],"134":[0],"135":[8],"136":[10],"137":[8],"138":[0],"139":[10],"140":[0],"141":[8],"142":[5],"143":[6],"144":[3],"145":[3],"146":[0],"147":[0],"148":[3],"149":[1],"150":[2],"151":[1],"152":[1],"153":[1],"154":[0],"155":[10],"156":[7],"157":[1],"158":[1],"159":[1],"160":[2],"161":[10],"162":[16],"163":[1],"164":[594],"165":[593],"166":[2],"167":[592],"168":[1],"169":[591],"170":[4],"171":[1],"172":[3],"173":[1],"174":[1],"175":[2],"176":[1],"177":[8],"178":[7],"179":[2],"180":[6],"181":[1],"182":[5],"183":[117],"184":[114],"185":[3],"186":[1],"187":[3],"188":[1],"189":[2],"190":[1],"191":[2],"192":[3],"193":[2],"194":[1],"195":[2],"196":[1],"197":[2],"198":[2],"199":[1],"200":[1],"201":[2],"202":[1],"203":[1],"204":[2],"205":[1],"206":[1],"207":[2],"208":[1],"209":[1],"210":[2],"211":[1],"212":[2],"213":[4],"214":[1],"215":[2]},"fnMap":{"0":{"name":"CultivationPillInventory","decl":{"start":{"line":55,"column":4},"end":{"line":88,"column":5}},"loc":{"start":{"line":55,"column":4},"end":{"line":88,"column":5}},"line":55},"1":{"name":"_registerDefaultTools","decl":{"start":{"line":90,"column":4},"end":{"line":97,"column":5}},"loc":{"start":{"line":90,"column":4},"end":{"line":97,"column":5}},"line":90},"2":{"name":"_genId","decl":{"start":{"line":99,"column":4},"end":{"line":101,"column":5}},"loc":{"start":{"line":99,"column":4},"end":{"line":101,"column":5}},"line":99},"3":{"name":"_ensureOwnerIndex","decl":{"start":{"line":103,"column":4},"end":{"line":108,"column":5}},"loc":{"start":{"line":103,"column":4},"end":{"line":108,"column":5}},"line":103},"4":{"name":"_ensureQualityIndex","decl":{"start":{"line":110,"column":4},"end":{"line":115,"column":5}},"loc":{"start":{"line":110,"column":4},"end":{"line":115,"column":5}},"line":110},"5":{"name":"_ensureEffectIndex","decl":{"start":{"line":117,"column":4},"end":{"line":122,"column":5}},"loc":{"start":{"line":117,"column":4},"end":{"line":122,"column":5}},"line":117},"6":{"name":"_clonePill","decl":{"start":{"line":124,"column":4},"end":{"line":129,"column":5}},"loc":{"start":{"line":124,"column":4},"end":{"line":129,"column":5}},"line":124},"7":{"name":"_normalizeEffects","decl":{"start":{"line":131,"column":4},"end":{"line":142,"column":5}},"loc":{"start":{"line":131,"column":4},"end":{"line":142,"column":5}},"line":131},"8":{"name":"_isValidPill","decl":{"start":{"line":144,"column":4},"end":{"line":148,"column":5}},"loc":{"start":{"line":144,"column":4},"end":{"line":148,"column":5}},"line":144},"9":{"name":"_isExpired","decl":{"start":{"line":150,"column":4},"end":{"line":154,"column":5}},"loc":{"start":{"line":150,"column":4},"end":{"line":154,"column":5}},"line":150},"10":{"name":"storePill","decl":{"start":{"line":156,"column":4},"end":{"line":221,"column":5}},"loc":{"start":{"line":156,"column":4},"end":{"line":221,"column":5}},"line":156},"11":{"name":"retrievePill","decl":{"start":{"line":223,"column":4},"end":{"line":260,"column":5}},"loc":{"start":{"line":223,"column":4},"end":{"line":260,"column":5}},"line":223},"12":{"name":"listByQuality","decl":{"start":{"line":262,"column":4},"end":{"line":269,"column":5}},"loc":{"start":{"line":262,"column":4},"end":{"line":269,"column":5}},"line":262},"13":{"name":"listByOwner","decl":{"start":{"line":271,"column":4},"end":{"line":278,"column":5}},"loc":{"start":{"line":271,"column":4},"end":{"line":278,"column":5}},"line":271},"14":{"name":"listByEffect","decl":{"start":{"line":280,"column":4},"end":{"line":287,"column":5}},"loc":{"start":{"line":280,"column":4},"end":{"line":287,"column":5}},"line":280},"15":{"name":"sortByPotency","decl":{"start":{"line":289,"column":4},"end":{"line":305,"column":5}},"loc":{"start":{"line":289,"column":4},"end":{"line":305,"column":5}},"line":289},"16":{"name":"usePill","decl":{"start":{"line":307,"column":4},"end":{"line":375,"column":5}},"loc":{"start":{"line":307,"column":4},"end":{"line":375,"column":5}},"line":307},"17":{"name":"discardExpired","decl":{"start":{"line":377,"column":4},"end":{"line":415,"column":5}},"loc":{"start":{"line":377,"column":4},"end":{"line":415,"column":5}},"line":377},"18":{"name":"getPill","decl":{"start":{"line":417,"column":4},"end":{"line":421,"column":5}},"loc":{"start":{"line":417,"column":4},"end":{"line":421,"column":5}},"line":417},"19":{"name":"getUseLog","decl":{"start":{"line":423,"column":4},"end":{"line":425,"column":5}},"loc":{"start":{"line":423,"column":4},"end":{"line":425,"column":5}},"line":423},"20":{"name":"listAll","decl":{"start":{"line":427,"column":4},"end":{"line":429,"column":5}},"loc":{"start":{"line":427,"column":4},"end":{"line":429,"column":5}},"line":427},"21":{"name":"listQualities","decl":{"start":{"line":431,"column":4},"end":{"line":433,"column":5}},"loc":{"start":{"line":431,"column":4},"end":{"line":433,"column":5}},"line":431},"22":{"name":"listEffectTypes","decl":{"start":{"line":435,"column":4},"end":{"line":437,"column":5}},"loc":{"start":{"line":435,"column":4},"end":{"line":437,"column":5}},"line":435},"23":{"name":"listOwners","decl":{"start":{"line":439,"column":4},"end":{"line":441,"column":5}},"loc":{"start":{"line":439,"column":4},"end":{"line":441,"column":5}},"line":439},"24":{"name":"getInventoryStats","decl":{"start":{"line":443,"column":4},"end":{"line":469,"column":5}},"loc":{"start":{"line":443,"column":4},"end":{"line":469,"column":5}},"line":443},"25":{"name":"registerTool","decl":{"start":{"line":471,"column":4},"end":{"line":480,"column":5}},"loc":{"start":{"line":471,"column":4},"end":{"line":480,"column":5}},"line":471},"26":{"name":"executeTool","decl":{"start":{"line":482,"column":4},"end":{"line":494,"column":5}},"loc":{"start":{"line":482,"column":4},"end":{"line":494,"column":5}},"line":482},"27":{"name":"registerHook","decl":{"start":{"line":496,"column":4},"end":{"line":508,"column":5}},"loc":{"start":{"line":496,"column":4},"end":{"line":508,"column":5}},"line":496},"28":{"name":"_triggerHook","decl":{"start":{"line":510,"column":4},"end":{"line":519,"column":5}},"loc":{"start":{"line":510,"column":4},"end":{"line":519,"column":5}},"line":510},"29":{"name":"unregisterHook","decl":{"start":{"line":521,"column":4},"end":{"line":528,"column":5}},"loc":{"start":{"line":521,"column":4},"end":{"line":528,"column":5}},"line":521},"30":{"name":"toJSON","decl":{"start":{"line":530,"column":4},"end":{"line":540,"column":5}},"loc":{"start":{"line":530,"column":4},"end":{"line":540,"column":5}},"line":530},"31":{"name":"fromJSON","decl":{"start":{"line":542,"column":4},"end":{"line":566,"column":5}},"loc":{"start":{"line":542,"column":4},"end":{"line":566,"column":5}},"line":542},"32":{"name":"getStats","decl":{"start":{"line":568,"column":4},"end":{"line":575,"column":5}},"loc":{"start":{"line":568,"column":4},"end":{"line":575,"column":5}},"line":568},"33":{"name":"autoEvolve","decl":{"start":{"line":577,"column":4},"end":{"line":581,"column":5}},"loc":{"start":{"line":577,"column":4},"end":{"line":581,"column":5}},"line":577},"34":{"name":"reset","decl":{"start":{"line":583,"column":4},"end":{"line":606,"column":5}},"loc":{"start":{"line":583,"column":4},"end":{"line":606,"column":5}},"line":583}},"f":{"0":96,"1":98,"2":49,"3":101,"4":98,"5":101,"6":228,"7":104,"8":109,"9":15,"10":109,"11":6,"12":3,"13":4,"14":4,"15":4,"16":14,"17":5,"18":3,"19":1,"20":10,"21":1,"22":1,"23":1,"24":2,"25":594,"26":4,"27":8,"28":117,"29":3,"30":2,"31":3,"32":4,"33":1,"34":2}}
}
