{"/tmp/wt-r36-v928-37/src/systems/tools/CultivationIceArtTool.js": {"path":"/tmp/wt-r36-v928-37/src/systems/tools/CultivationIceArtTool.js","all":false,"statementMap":{"0":{"start":{"line":1,"column":0},"end":{"line":1,"column":3}},"1":{"start":{"line":2,"column":0},"end":{"line":2,"column":36}},"2":{"start":{"line":3,"column":0},"end":{"line":3,"column":47}},"3":{"start":{"line":4,"column":0},"end":{"line":4,"column":2}},"4":{"start":{"line":5,"column":0},"end":{"line":5,"column":56}},"5":{"start":{"line":6,"column":0},"end":{"line":6,"column":62}},"6":{"start":{"line":7,"column":0},"end":{"line":7,"column":129}},"7":{"start":{"line":8,"column":0},"end":{"line":8,"column":89}},"8":{"start":{"line":9,"column":0},"end":{"line":9,"column":3}},"10":{"start":{"line":11,"column":0},"end":{"line":11,"column":31}},"11":{"start":{"line":12,"column":0},"end":{"line":12,"column":35}},"12":{"start":{"line":13,"column":0},"end":{"line":13,"column":100}},"13":{"start":{"line":14,"column":0},"end":{"line":14,"column":32}},"14":{"start":{"line":15,"column":0},"end":{"line":15,"column":33}},"16":{"start":{"line":17,"column":0},"end":{"line":17,"column":41}},"17":{"start":{"line":18,"column":0},"end":{"line":18,"column":39}},"18":{"start":{"line":19,"column":0},"end":{"line":19,"column":39}},"19":{"start":{"line":20,"column":0},"end":{"line":20,"column":84}},"20":{"start":{"line":21,"column":0},"end":{"line":21,"column":35}},"22":{"start":{"line":23,"column":0},"end":{"line":23,"column":39}},"23":{"start":{"line":24,"column":0},"end":{"line":24,"column":45}},"24":{"start":{"line":25,"column":0},"end":{"line":25,"column":41}},"25":{"start":{"line":26,"column":0},"end":{"line":26,"column":43}},"26":{"start":{"line":27,"column":0},"end":{"line":27,"column":101}},"27":{"start":{"line":28,"column":0},"end":{"line":28,"column":33}},"29":{"start":{"line":30,"column":0},"end":{"line":30,"column":78}},"30":{"start":{"line":31,"column":0},"end":{"line":31,"column":42}},"32":{"start":{"line":33,"column":0},"end":{"line":33,"column":31}},"33":{"start":{"line":34,"column":0},"end":{"line":34,"column":13}},"34":{"start":{"line":35,"column":0},"end":{"line":35,"column":14}},"35":{"start":{"line":36,"column":0},"end":{"line":36,"column":16}},"36":{"start":{"line":37,"column":0},"end":{"line":37,"column":14}},"37":{"start":{"line":38,"column":0},"end":{"line":38,"column":15}},"38":{"start":{"line":39,"column":0},"end":{"line":39,"column":2}},"40":{"start":{"line":41,"column":0},"end":{"line":41,"column":32}},"41":{"start":{"line":42,"column":0},"end":{"line":42,"column":45}},"42":{"start":{"line":43,"column":0},"end":{"line":43,"column":35}},"43":{"start":{"line":44,"column":0},"end":{"line":44,"column":36}},"44":{"start":{"line":45,"column":0},"end":{"line":45,"column":33}},"45":{"start":{"line":46,"column":0},"end":{"line":46,"column":32}},"47":{"start":{"line":48,"column":0},"end":{"line":48,"column":32}},"48":{"start":{"line":49,"column":0},"end":{"line":49,"column":18}},"49":{"start":{"line":50,"column":0},"end":{"line":50,"column":20}},"50":{"start":{"line":51,"column":0},"end":{"line":51,"column":21}},"51":{"start":{"line":52,"column":0},"end":{"line":52,"column":18}},"52":{"start":{"line":53,"column":0},"end":{"line":53,"column":20}},"53":{"start":{"line":54,"column":0},"end":{"line":54,"column":38}},"54":{"start":{"line":55,"column":0},"end":{"line":55,"column":22}},"55":{"start":{"line":56,"column":0},"end":{"line":56,"column":37}},"56":{"start":{"line":57,"column":0},"end":{"line":57,"column":6}},"57":{"start":{"line":58,"column":0},"end":{"line":58,"column":17}},"58":{"start":{"line":59,"column":0},"end":{"line":59,"column":19}},"59":{"start":{"line":60,"column":0},"end":{"line":60,"column":21}},"60":{"start":{"line":61,"column":0},"end":{"line":61,"column":18}},"61":{"start":{"line":62,"column":0},"end":{"line":62,"column":20}},"62":{"start":{"line":63,"column":0},"end":{"line":63,"column":38}},"63":{"start":{"line":64,"column":0},"end":{"line":64,"column":23}},"64":{"start":{"line":65,"column":0},"end":{"line":65,"column":41}},"65":{"start":{"line":66,"column":0},"end":{"line":66,"column":6}},"66":{"start":{"line":67,"column":0},"end":{"line":67,"column":20}},"67":{"start":{"line":68,"column":0},"end":{"line":68,"column":20}},"68":{"start":{"line":69,"column":0},"end":{"line":69,"column":21}},"69":{"start":{"line":70,"column":0},"end":{"line":70,"column":18}},"70":{"start":{"line":71,"column":0},"end":{"line":71,"column":20}},"71":{"start":{"line":72,"column":0},"end":{"line":72,"column":38}},"72":{"start":{"line":73,"column":0},"end":{"line":73,"column":22}},"73":{"start":{"line":74,"column":0},"end":{"line":74,"column":37}},"74":{"start":{"line":75,"column":0},"end":{"line":75,"column":6}},"75":{"start":{"line":76,"column":0},"end":{"line":76,"column":15}},"76":{"start":{"line":77,"column":0},"end":{"line":77,"column":20}},"77":{"start":{"line":78,"column":0},"end":{"line":78,"column":21}},"78":{"start":{"line":79,"column":0},"end":{"line":79,"column":18}},"79":{"start":{"line":80,"column":0},"end":{"line":80,"column":20}},"80":{"start":{"line":81,"column":0},"end":{"line":81,"column":37}},"81":{"start":{"line":82,"column":0},"end":{"line":82,"column":23}},"82":{"start":{"line":83,"column":0},"end":{"line":83,"column":46}},"83":{"start":{"line":84,"column":0},"end":{"line":84,"column":6}},"84":{"start":{"line":85,"column":0},"end":{"line":85,"column":20}},"85":{"start":{"line":86,"column":0},"end":{"line":86,"column":21}},"86":{"start":{"line":87,"column":0},"end":{"line":87,"column":22}},"87":{"start":{"line":88,"column":0},"end":{"line":88,"column":19}},"88":{"start":{"line":89,"column":0},"end":{"line":89,"column":21}},"89":{"start":{"line":90,"column":0},"end":{"line":90,"column":37}},"90":{"start":{"line":91,"column":0},"end":{"line":91,"column":23}},"91":{"start":{"line":92,"column":0},"end":{"line":92,"column":46}},"92":{"start":{"line":93,"column":0},"end":{"line":93,"column":6}},"93":{"start":{"line":94,"column":0},"end":{"line":94,"column":2}},"95":{"start":{"line":96,"column":0},"end":{"line":96,"column":28}},"96":{"start":{"line":97,"column":0},"end":{"line":97,"column":41}},"97":{"start":{"line":98,"column":0},"end":{"line":98,"column":37}},"98":{"start":{"line":99,"column":0},"end":{"line":99,"column":37}},"99":{"start":{"line":100,"column":0},"end":{"line":100,"column":37}},"100":{"start":{"line":101,"column":0},"end":{"line":101,"column":41}},"101":{"start":{"line":102,"column":0},"end":{"line":102,"column":43}},"102":{"start":{"line":103,"column":0},"end":{"line":103,"column":43}},"103":{"start":{"line":104,"column":0},"end":{"line":104,"column":31}},"104":{"start":{"line":105,"column":0},"end":{"line":105,"column":31}},"105":{"start":{"line":106,"column":0},"end":{"line":106,"column":41}},"106":{"start":{"line":107,"column":0},"end":{"line":107,"column":2}},"108":{"start":{"line":109,"column":0},"end":{"line":109,"column":36}},"109":{"start":{"line":110,"column":0},"end":{"line":110,"column":30}},"110":{"start":{"line":111,"column":0},"end":{"line":111,"column":23}},"111":{"start":{"line":112,"column":0},"end":{"line":112,"column":94}},"112":{"start":{"line":113,"column":0},"end":{"line":113,"column":106}},"113":{"start":{"line":114,"column":0},"end":{"line":114,"column":94}},"114":{"start":{"line":115,"column":0},"end":{"line":115,"column":135}},"115":{"start":{"line":116,"column":0},"end":{"line":116,"column":90}},"116":{"start":{"line":117,"column":0},"end":{"line":117,"column":93}},"117":{"start":{"line":118,"column":0},"end":{"line":118,"column":22}},"118":{"start":{"line":119,"column":0},"end":{"line":119,"column":10}},"119":{"start":{"line":120,"column":0},"end":{"line":120,"column":30}},"120":{"start":{"line":121,"column":0},"end":{"line":121,"column":33}},"121":{"start":{"line":122,"column":0},"end":{"line":122,"column":35}},"122":{"start":{"line":123,"column":0},"end":{"line":123,"column":33}},"123":{"start":{"line":124,"column":0},"end":{"line":124,"column":37}},"124":{"start":{"line":125,"column":0},"end":{"line":125,"column":37}},"125":{"start":{"line":126,"column":0},"end":{"line":126,"column":39}},"126":{"start":{"line":127,"column":0},"end":{"line":127,"column":31}},"127":{"start":{"line":128,"column":0},"end":{"line":128,"column":31}},"128":{"start":{"line":129,"column":0},"end":{"line":129,"column":22}},"129":{"start":{"line":130,"column":0},"end":{"line":130,"column":26}},"130":{"start":{"line":131,"column":0},"end":{"line":131,"column":26}},"131":{"start":{"line":132,"column":0},"end":{"line":132,"column":35}},"132":{"start":{"line":133,"column":0},"end":{"line":133,"column":32}},"133":{"start":{"line":134,"column":0},"end":{"line":134,"column":38}},"134":{"start":{"line":135,"column":0},"end":{"line":135,"column":35}},"135":{"start":{"line":136,"column":0},"end":{"line":136,"column":30}},"136":{"start":{"line":137,"column":0},"end":{"line":137,"column":20}},"137":{"start":{"line":138,"column":0},"end":{"line":138,"column":31}},"138":{"start":{"line":139,"column":0},"end":{"line":139,"column":30}},"139":{"start":{"line":140,"column":0},"end":{"line":140,"column":33}},"140":{"start":{"line":141,"column":0},"end":{"line":141,"column":28}},"141":{"start":{"line":142,"column":0},"end":{"line":142,"column":33}},"142":{"start":{"line":143,"column":0},"end":{"line":143,"column":14}},"143":{"start":{"line":144,"column":0},"end":{"line":144,"column":27}},"144":{"start":{"line":145,"column":0},"end":{"line":145,"column":25}},"145":{"start":{"line":146,"column":0},"end":{"line":146,"column":24}},"146":{"start":{"line":147,"column":0},"end":{"line":147,"column":24}},"147":{"start":{"line":148,"column":0},"end":{"line":148,"column":14}},"148":{"start":{"line":149,"column":0},"end":{"line":149,"column":30}},"149":{"start":{"line":150,"column":0},"end":{"line":150,"column":10}},"150":{"start":{"line":151,"column":0},"end":{"line":151,"column":37}},"151":{"start":{"line":152,"column":0},"end":{"line":152,"column":5}},"153":{"start":{"line":154,"column":0},"end":{"line":154,"column":29}},"154":{"start":{"line":155,"column":0},"end":{"line":155,"column":110}},"155":{"start":{"line":156,"column":0},"end":{"line":156,"column":100}},"156":{"start":{"line":157,"column":0},"end":{"line":157,"column":95}},"157":{"start":{"line":158,"column":0},"end":{"line":158,"column":127}},"158":{"start":{"line":159,"column":0},"end":{"line":159,"column":61}},"159":{"start":{"line":160,"column":0},"end":{"line":160,"column":61}},"160":{"start":{"line":161,"column":0},"end":{"line":161,"column":5}},"162":{"start":{"line":163,"column":0},"end":{"line":163,"column":14}},"163":{"start":{"line":164,"column":0},"end":{"line":164,"column":80}},"164":{"start":{"line":165,"column":0},"end":{"line":165,"column":5}},"166":{"start":{"line":167,"column":0},"end":{"line":167,"column":12}},"167":{"start":{"line":168,"column":0},"end":{"line":168,"column":26}},"168":{"start":{"line":169,"column":0},"end":{"line":169,"column":5}},"170":{"start":{"line":171,"column":0},"end":{"line":171,"column":31}},"171":{"start":{"line":172,"column":0},"end":{"line":172,"column":73}},"172":{"start":{"line":173,"column":0},"end":{"line":173,"column":5}},"174":{"start":{"line":175,"column":0},"end":{"line":175,"column":29}},"175":{"start":{"line":176,"column":0},"end":{"line":176,"column":66}},"176":{"start":{"line":177,"column":0},"end":{"line":177,"column":65}},"177":{"start":{"line":178,"column":0},"end":{"line":178,"column":79}},"178":{"start":{"line":179,"column":0},"end":{"line":179,"column":21}},"179":{"start":{"line":180,"column":0},"end":{"line":180,"column":5}},"181":{"start":{"line":182,"column":0},"end":{"line":182,"column":29}},"182":{"start":{"line":183,"column":0},"end":{"line":183,"column":66}},"183":{"start":{"line":184,"column":0},"end":{"line":184,"column":65}},"184":{"start":{"line":185,"column":0},"end":{"line":185,"column":79}},"185":{"start":{"line":186,"column":0},"end":{"line":186,"column":21}},"186":{"start":{"line":187,"column":0},"end":{"line":187,"column":5}},"188":{"start":{"line":189,"column":0},"end":{"line":189,"column":26}},"189":{"start":{"line":190,"column":0},"end":{"line":190,"column":54}},"190":{"start":{"line":191,"column":0},"end":{"line":191,"column":25}},"191":{"start":{"line":192,"column":0},"end":{"line":192,"column":5}},"193":{"start":{"line":194,"column":0},"end":{"line":194,"column":26}},"194":{"start":{"line":195,"column":0},"end":{"line":195,"column":54}},"195":{"start":{"line":196,"column":0},"end":{"line":196,"column":25}},"196":{"start":{"line":197,"column":0},"end":{"line":197,"column":5}},"198":{"start":{"line":199,"column":0},"end":{"line":199,"column":22}},"199":{"start":{"line":200,"column":0},"end":{"line":200,"column":51}},"200":{"start":{"line":201,"column":0},"end":{"line":201,"column":42}},"201":{"start":{"line":202,"column":0},"end":{"line":202,"column":131}},"202":{"start":{"line":203,"column":0},"end":{"line":203,"column":52}},"203":{"start":{"line":204,"column":0},"end":{"line":204,"column":47}},"204":{"start":{"line":205,"column":0},"end":{"line":205,"column":9}},"205":{"start":{"line":206,"column":0},"end":{"line":206,"column":42}},"206":{"start":{"line":207,"column":0},"end":{"line":207,"column":5}},"208":{"start":{"line":209,"column":0},"end":{"line":209,"column":33}},"209":{"start":{"line":210,"column":0},"end":{"line":210,"column":44}},"210":{"start":{"line":211,"column":0},"end":{"line":211,"column":52}},"211":{"start":{"line":212,"column":0},"end":{"line":212,"column":9}},"212":{"start":{"line":213,"column":0},"end":{"line":213,"column":46}},"213":{"start":{"line":214,"column":0},"end":{"line":214,"column":47}},"214":{"start":{"line":215,"column":0},"end":{"line":215,"column":9}},"215":{"start":{"line":216,"column":0},"end":{"line":216,"column":5}},"217":{"start":{"line":218,"column":0},"end":{"line":218,"column":38}},"218":{"start":{"line":219,"column":0},"end":{"line":219,"column":56}},"219":{"start":{"line":220,"column":0},"end":{"line":220,"column":48}},"220":{"start":{"line":221,"column":0},"end":{"line":221,"column":43}},"221":{"start":{"line":222,"column":0},"end":{"line":222,"column":56}},"222":{"start":{"line":223,"column":0},"end":{"line":223,"column":29}},"223":{"start":{"line":224,"column":0},"end":{"line":224,"column":5}},"225":{"start":{"line":226,"column":0},"end":{"line":226,"column":46}},"226":{"start":{"line":227,"column":0},"end":{"line":227,"column":52}},"227":{"start":{"line":228,"column":0},"end":{"line":228,"column":48}},"228":{"start":{"line":229,"column":0},"end":{"line":229,"column":39}},"229":{"start":{"line":230,"column":0},"end":{"line":230,"column":56}},"230":{"start":{"line":231,"column":0},"end":{"line":231,"column":45}},"231":{"start":{"line":232,"column":0},"end":{"line":232,"column":5}},"233":{"start":{"line":234,"column":0},"end":{"line":234,"column":54}},"234":{"start":{"line":235,"column":0},"end":{"line":235,"column":82}},"235":{"start":{"line":236,"column":0},"end":{"line":236,"column":62}},"236":{"start":{"line":237,"column":0},"end":{"line":237,"column":44}},"237":{"start":{"line":238,"column":0},"end":{"line":238,"column":52}},"238":{"start":{"line":239,"column":0},"end":{"line":239,"column":9}},"239":{"start":{"line":240,"column":0},"end":{"line":240,"column":61}},"240":{"start":{"line":241,"column":0},"end":{"line":241,"column":5}},"242":{"start":{"line":243,"column":0},"end":{"line":243,"column":56}},"243":{"start":{"line":244,"column":0},"end":{"line":244,"column":113}},"244":{"start":{"line":245,"column":0},"end":{"line":245,"column":67}},"245":{"start":{"line":246,"column":0},"end":{"line":246,"column":58}},"246":{"start":{"line":247,"column":0},"end":{"line":247,"column":39}},"247":{"start":{"line":248,"column":0},"end":{"line":248,"column":34}},"248":{"start":{"line":249,"column":0},"end":{"line":249,"column":5}},"250":{"start":{"line":251,"column":0},"end":{"line":251,"column":32}},"251":{"start":{"line":252,"column":0},"end":{"line":252,"column":119}},"252":{"start":{"line":253,"column":0},"end":{"line":253,"column":45}},"253":{"start":{"line":254,"column":0},"end":{"line":254,"column":5}},"255":{"start":{"line":256,"column":0},"end":{"line":256,"column":30}},"256":{"start":{"line":257,"column":0},"end":{"line":257,"column":96}},"257":{"start":{"line":258,"column":0},"end":{"line":258,"column":72}},"258":{"start":{"line":259,"column":0},"end":{"line":259,"column":77}},"259":{"start":{"line":260,"column":0},"end":{"line":260,"column":27}},"260":{"start":{"line":261,"column":0},"end":{"line":261,"column":5}},"262":{"start":{"line":263,"column":0},"end":{"line":263,"column":47}},"263":{"start":{"line":264,"column":0},"end":{"line":264,"column":46}},"264":{"start":{"line":265,"column":0},"end":{"line":265,"column":70}},"265":{"start":{"line":266,"column":0},"end":{"line":266,"column":9}},"266":{"start":{"line":267,"column":0},"end":{"line":267,"column":78}},"267":{"start":{"line":268,"column":0},"end":{"line":268,"column":44}},"268":{"start":{"line":269,"column":0},"end":{"line":269,"column":73}},"269":{"start":{"line":270,"column":0},"end":{"line":270,"column":9}},"270":{"start":{"line":271,"column":0},"end":{"line":271,"column":44}},"271":{"start":{"line":272,"column":0},"end":{"line":272,"column":73}},"272":{"start":{"line":273,"column":0},"end":{"line":273,"column":9}},"274":{"start":{"line":275,"column":0},"end":{"line":275,"column":48}},"275":{"start":{"line":276,"column":0},"end":{"line":276,"column":51}},"276":{"start":{"line":277,"column":0},"end":{"line":277,"column":51}},"277":{"start":{"line":278,"column":0},"end":{"line":278,"column":50}},"278":{"start":{"line":279,"column":0},"end":{"line":279,"column":60}},"280":{"start":{"line":281,"column":0},"end":{"line":281,"column":52}},"281":{"start":{"line":282,"column":0},"end":{"line":282,"column":20}},"282":{"start":{"line":283,"column":0},"end":{"line":283,"column":31}},"283":{"start":{"line":284,"column":0},"end":{"line":284,"column":47}},"284":{"start":{"line":285,"column":0},"end":{"line":285,"column":73}},"285":{"start":{"line":286,"column":0},"end":{"line":286,"column":14}},"286":{"start":{"line":287,"column":0},"end":{"line":287,"column":9}},"288":{"start":{"line":289,"column":0},"end":{"line":289,"column":49}},"289":{"start":{"line":290,"column":0},"end":{"line":290,"column":76}},"290":{"start":{"line":291,"column":0},"end":{"line":291,"column":9}},"292":{"start":{"line":293,"column":0},"end":{"line":293,"column":39}},"293":{"start":{"line":294,"column":0},"end":{"line":294,"column":101}},"294":{"start":{"line":295,"column":0},"end":{"line":295,"column":49}},"295":{"start":{"line":296,"column":0},"end":{"line":296,"column":73}},"296":{"start":{"line":297,"column":0},"end":{"line":297,"column":9}},"298":{"start":{"line":299,"column":0},"end":{"line":299,"column":63}},"299":{"start":{"line":300,"column":0},"end":{"line":300,"column":75}},"300":{"start":{"line":301,"column":0},"end":{"line":301,"column":41}},"301":{"start":{"line":302,"column":0},"end":{"line":302,"column":33}},"302":{"start":{"line":303,"column":0},"end":{"line":303,"column":35}},"304":{"start":{"line":305,"column":0},"end":{"line":305,"column":22}},"305":{"start":{"line":306,"column":0},"end":{"line":306,"column":75}},"307":{"start":{"line":308,"column":0},"end":{"line":308,"column":23}},"308":{"start":{"line":309,"column":0},"end":{"line":309,"column":98}},"309":{"start":{"line":310,"column":0},"end":{"line":310,"column":60}},"311":{"start":{"line":312,"column":0},"end":{"line":312,"column":29}},"312":{"start":{"line":313,"column":0},"end":{"line":313,"column":82}},"313":{"start":{"line":314,"column":0},"end":{"line":314,"column":47}},"314":{"start":{"line":315,"column":0},"end":{"line":315,"column":48}},"315":{"start":{"line":316,"column":0},"end":{"line":316,"column":9}},"316":{"start":{"line":317,"column":0},"end":{"line":317,"column":48}},"317":{"start":{"line":318,"column":0},"end":{"line":318,"column":50}},"318":{"start":{"line":319,"column":0},"end":{"line":319,"column":40}},"319":{"start":{"line":320,"column":0},"end":{"line":320,"column":9}},"321":{"start":{"line":322,"column":0},"end":{"line":322,"column":22}},"322":{"start":{"line":323,"column":0},"end":{"line":323,"column":15}},"323":{"start":{"line":324,"column":0},"end":{"line":324,"column":20}},"324":{"start":{"line":325,"column":0},"end":{"line":325,"column":33}},"325":{"start":{"line":326,"column":0},"end":{"line":326,"column":38}},"326":{"start":{"line":327,"column":0},"end":{"line":327,"column":18}},"327":{"start":{"line":328,"column":0},"end":{"line":328,"column":36}},"328":{"start":{"line":329,"column":0},"end":{"line":329,"column":36}},"329":{"start":{"line":330,"column":0},"end":{"line":330,"column":23}},"330":{"start":{"line":331,"column":0},"end":{"line":331,"column":21}},"331":{"start":{"line":332,"column":0},"end":{"line":332,"column":41}},"332":{"start":{"line":333,"column":0},"end":{"line":333,"column":21}},"333":{"start":{"line":334,"column":0},"end":{"line":334,"column":21}},"334":{"start":{"line":335,"column":0},"end":{"line":335,"column":19}},"335":{"start":{"line":336,"column":0},"end":{"line":336,"column":19}},"336":{"start":{"line":337,"column":0},"end":{"line":337,"column":21}},"337":{"start":{"line":338,"column":0},"end":{"line":338,"column":10}},"339":{"start":{"line":340,"column":0},"end":{"line":340,"column":29}},"340":{"start":{"line":341,"column":0},"end":{"line":341,"column":50}},"342":{"start":{"line":343,"column":0},"end":{"line":343,"column":58}},"343":{"start":{"line":344,"column":0},"end":{"line":344,"column":46}},"344":{"start":{"line":345,"column":0},"end":{"line":345,"column":46}},"345":{"start":{"line":346,"column":0},"end":{"line":346,"column":49}},"346":{"start":{"line":347,"column":0},"end":{"line":347,"column":13}},"347":{"start":{"line":348,"column":0},"end":{"line":348,"column":9}},"349":{"start":{"line":350,"column":0},"end":{"line":350,"column":16}},"350":{"start":{"line":351,"column":0},"end":{"line":351,"column":35}},"351":{"start":{"line":352,"column":0},"end":{"line":352,"column":73}},"352":{"start":{"line":353,"column":0},"end":{"line":353,"column":93}},"353":{"start":{"line":354,"column":0},"end":{"line":354,"column":53}},"354":{"start":{"line":355,"column":0},"end":{"line":355,"column":47}},"355":{"start":{"line":356,"column":0},"end":{"line":356,"column":47}},"356":{"start":{"line":357,"column":0},"end":{"line":357,"column":51}},"357":{"start":{"line":358,"column":0},"end":{"line":358,"column":9}},"359":{"start":{"line":360,"column":0},"end":{"line":360,"column":46}},"360":{"start":{"line":361,"column":0},"end":{"line":361,"column":39}},"361":{"start":{"line":362,"column":0},"end":{"line":362,"column":5}},"363":{"start":{"line":364,"column":0},"end":{"line":364,"column":40}},"364":{"start":{"line":365,"column":0},"end":{"line":365,"column":44}},"365":{"start":{"line":366,"column":0},"end":{"line":366,"column":73}},"366":{"start":{"line":367,"column":0},"end":{"line":367,"column":9}},"367":{"start":{"line":368,"column":0},"end":{"line":368,"column":61}},"368":{"start":{"line":369,"column":0},"end":{"line":369,"column":76}},"369":{"start":{"line":370,"column":0},"end":{"line":370,"column":9}},"370":{"start":{"line":371,"column":0},"end":{"line":371,"column":51}},"371":{"start":{"line":372,"column":0},"end":{"line":372,"column":98}},"372":{"start":{"line":373,"column":0},"end":{"line":373,"column":80}},"373":{"start":{"line":374,"column":0},"end":{"line":374,"column":50}},"374":{"start":{"line":375,"column":0},"end":{"line":375,"column":47}},"375":{"start":{"line":376,"column":0},"end":{"line":376,"column":86}},"376":{"start":{"line":377,"column":0},"end":{"line":377,"column":80}},"377":{"start":{"line":378,"column":0},"end":{"line":378,"column":5}},"379":{"start":{"line":380,"column":0},"end":{"line":380,"column":36}},"380":{"start":{"line":381,"column":0},"end":{"line":381,"column":44}},"381":{"start":{"line":382,"column":0},"end":{"line":382,"column":73}},"382":{"start":{"line":383,"column":0},"end":{"line":383,"column":9}},"383":{"start":{"line":384,"column":0},"end":{"line":384,"column":86}},"384":{"start":{"line":385,"column":0},"end":{"line":385,"column":73}},"385":{"start":{"line":386,"column":0},"end":{"line":386,"column":9}},"386":{"start":{"line":387,"column":0},"end":{"line":387,"column":51}},"387":{"start":{"line":388,"column":0},"end":{"line":388,"column":77}},"388":{"start":{"line":389,"column":0},"end":{"line":389,"column":54}},"389":{"start":{"line":390,"column":0},"end":{"line":390,"column":66}},"390":{"start":{"line":391,"column":0},"end":{"line":391,"column":39}},"391":{"start":{"line":392,"column":0},"end":{"line":392,"column":49}},"392":{"start":{"line":393,"column":0},"end":{"line":393,"column":56}},"393":{"start":{"line":394,"column":0},"end":{"line":394,"column":79}},"394":{"start":{"line":395,"column":0},"end":{"line":395,"column":16}},"395":{"start":{"line":396,"column":0},"end":{"line":396,"column":26}},"396":{"start":{"line":397,"column":0},"end":{"line":397,"column":21}},"397":{"start":{"line":398,"column":0},"end":{"line":398,"column":19}},"398":{"start":{"line":399,"column":0},"end":{"line":399,"column":26}},"399":{"start":{"line":400,"column":0},"end":{"line":400,"column":41}},"400":{"start":{"line":401,"column":0},"end":{"line":401,"column":10}},"401":{"start":{"line":402,"column":0},"end":{"line":402,"column":5}},"403":{"start":{"line":404,"column":0},"end":{"line":404,"column":33}},"404":{"start":{"line":405,"column":0},"end":{"line":405,"column":44}},"405":{"start":{"line":406,"column":0},"end":{"line":406,"column":73}},"406":{"start":{"line":407,"column":0},"end":{"line":407,"column":9}},"407":{"start":{"line":408,"column":0},"end":{"line":408,"column":90}},"408":{"start":{"line":409,"column":0},"end":{"line":409,"column":50}},"409":{"start":{"line":410,"column":0},"end":{"line":410,"column":75}},"410":{"start":{"line":411,"column":0},"end":{"line":411,"column":9}},"411":{"start":{"line":412,"column":0},"end":{"line":412,"column":51}},"412":{"start":{"line":413,"column":0},"end":{"line":413,"column":50}},"413":{"start":{"line":414,"column":0},"end":{"line":414,"column":24}},"414":{"start":{"line":415,"column":0},"end":{"line":415,"column":30}},"415":{"start":{"line":416,"column":0},"end":{"line":416,"column":21}},"416":{"start":{"line":417,"column":0},"end":{"line":417,"column":31}},"417":{"start":{"line":418,"column":0},"end":{"line":418,"column":26}},"418":{"start":{"line":419,"column":0},"end":{"line":419,"column":27}},"419":{"start":{"line":420,"column":0},"end":{"line":420,"column":35}},"420":{"start":{"line":421,"column":0},"end":{"line":421,"column":41}},"421":{"start":{"line":422,"column":0},"end":{"line":422,"column":10}},"422":{"start":{"line":423,"column":0},"end":{"line":423,"column":43}},"423":{"start":{"line":424,"column":0},"end":{"line":424,"column":44}},"424":{"start":{"line":425,"column":0},"end":{"line":425,"column":51}},"425":{"start":{"line":426,"column":0},"end":{"line":426,"column":50}},"426":{"start":{"line":427,"column":0},"end":{"line":427,"column":41}},"427":{"start":{"line":428,"column":0},"end":{"line":428,"column":5}},"429":{"start":{"line":430,"column":0},"end":{"line":430,"column":28}},"430":{"start":{"line":431,"column":0},"end":{"line":431,"column":53}},"431":{"start":{"line":432,"column":0},"end":{"line":432,"column":51}},"432":{"start":{"line":433,"column":0},"end":{"line":433,"column":55}},"433":{"start":{"line":434,"column":0},"end":{"line":434,"column":51}},"434":{"start":{"line":435,"column":0},"end":{"line":435,"column":5}},"436":{"start":{"line":437,"column":0},"end":{"line":437,"column":28}},"437":{"start":{"line":438,"column":0},"end":{"line":438,"column":52}},"438":{"start":{"line":439,"column":0},"end":{"line":439,"column":51}},"439":{"start":{"line":440,"column":0},"end":{"line":440,"column":83}},"440":{"start":{"line":441,"column":0},"end":{"line":441,"column":5}},"442":{"start":{"line":443,"column":0},"end":{"line":443,"column":23}},"443":{"start":{"line":444,"column":0},"end":{"line":444,"column":55}},"444":{"start":{"line":445,"column":0},"end":{"line":445,"column":51}},"445":{"start":{"line":446,"column":0},"end":{"line":446,"column":53}},"446":{"start":{"line":447,"column":0},"end":{"line":447,"column":50}},"447":{"start":{"line":448,"column":0},"end":{"line":448,"column":32}},"448":{"start":{"line":449,"column":0},"end":{"line":449,"column":38}},"449":{"start":{"line":450,"column":0},"end":{"line":450,"column":42}},"450":{"start":{"line":451,"column":0},"end":{"line":451,"column":24}},"451":{"start":{"line":452,"column":0},"end":{"line":452,"column":9}},"452":{"start":{"line":453,"column":0},"end":{"line":453,"column":29}},"453":{"start":{"line":454,"column":0},"end":{"line":454,"column":5}},"455":{"start":{"line":456,"column":0},"end":{"line":456,"column":21}},"456":{"start":{"line":457,"column":0},"end":{"line":457,"column":51}},"457":{"start":{"line":458,"column":0},"end":{"line":458,"column":72}},"458":{"start":{"line":459,"column":0},"end":{"line":459,"column":47}},"459":{"start":{"line":460,"column":0},"end":{"line":460,"column":5}},"461":{"start":{"line":462,"column":0},"end":{"line":462,"column":29}},"462":{"start":{"line":463,"column":0},"end":{"line":463,"column":104}},"463":{"start":{"line":464,"column":0},"end":{"line":464,"column":51}},"464":{"start":{"line":465,"column":0},"end":{"line":465,"column":50}},"465":{"start":{"line":466,"column":0},"end":{"line":466,"column":47}},"466":{"start":{"line":467,"column":0},"end":{"line":467,"column":57}},"467":{"start":{"line":468,"column":0},"end":{"line":468,"column":5}},"469":{"start":{"line":470,"column":0},"end":{"line":470,"column":35}},"470":{"start":{"line":471,"column":0},"end":{"line":471,"column":104}},"471":{"start":{"line":472,"column":0},"end":{"line":472,"column":117}},"472":{"start":{"line":473,"column":0},"end":{"line":473,"column":51}},"473":{"start":{"line":474,"column":0},"end":{"line":474,"column":50}},"474":{"start":{"line":475,"column":0},"end":{"line":475,"column":40}},"475":{"start":{"line":476,"column":0},"end":{"line":476,"column":43}},"476":{"start":{"line":477,"column":0},"end":{"line":477,"column":5}},"478":{"start":{"line":479,"column":0},"end":{"line":479,"column":27}},"479":{"start":{"line":480,"column":0},"end":{"line":480,"column":104}},"480":{"start":{"line":481,"column":0},"end":{"line":481,"column":51}},"481":{"start":{"line":482,"column":0},"end":{"line":482,"column":80}},"482":{"start":{"line":483,"column":0},"end":{"line":483,"column":48}},"483":{"start":{"line":484,"column":0},"end":{"line":484,"column":32}},"484":{"start":{"line":485,"column":0},"end":{"line":485,"column":24}},"485":{"start":{"line":486,"column":0},"end":{"line":486,"column":58}},"486":{"start":{"line":487,"column":0},"end":{"line":487,"column":35}},"487":{"start":{"line":488,"column":0},"end":{"line":488,"column":35}},"488":{"start":{"line":489,"column":0},"end":{"line":489,"column":29}},"489":{"start":{"line":490,"column":0},"end":{"line":490,"column":13}},"490":{"start":{"line":491,"column":0},"end":{"line":491,"column":9}},"491":{"start":{"line":492,"column":0},"end":{"line":492,"column":42}},"492":{"start":{"line":493,"column":0},"end":{"line":493,"column":5}},"494":{"start":{"line":495,"column":0},"end":{"line":495,"column":16}},"495":{"start":{"line":496,"column":0},"end":{"line":496,"column":73}},"496":{"start":{"line":497,"column":0},"end":{"line":497,"column":20}},"497":{"start":{"line":498,"column":0},"end":{"line":498,"column":19}},"498":{"start":{"line":499,"column":0},"end":{"line":499,"column":33}},"499":{"start":{"line":500,"column":0},"end":{"line":500,"column":12}},"500":{"start":{"line":501,"column":0},"end":{"line":501,"column":5}},"502":{"start":{"line":503,"column":0},"end":{"line":503,"column":33}},"503":{"start":{"line":504,"column":0},"end":{"line":504,"column":60}},"504":{"start":{"line":505,"column":0},"end":{"line":505,"column":66}},"505":{"start":{"line":506,"column":0},"end":{"line":506,"column":9}},"506":{"start":{"line":507,"column":0},"end":{"line":507,"column":44}},"507":{"start":{"line":508,"column":0},"end":{"line":508,"column":64}},"508":{"start":{"line":509,"column":0},"end":{"line":509,"column":9}},"509":{"start":{"line":510,"column":0},"end":{"line":510,"column":38}},"510":{"start":{"line":511,"column":0},"end":{"line":511,"column":33}},"511":{"start":{"line":512,"column":0},"end":{"line":512,"column":5}},"513":{"start":{"line":514,"column":0},"end":{"line":514,"column":32}},"514":{"start":{"line":515,"column":0},"end":{"line":515,"column":36}},"515":{"start":{"line":516,"column":0},"end":{"line":516,"column":61}},"516":{"start":{"line":517,"column":0},"end":{"line":517,"column":9}},"517":{"start":{"line":518,"column":0},"end":{"line":518,"column":45}},"518":{"start":{"line":519,"column":0},"end":{"line":519,"column":77}},"519":{"start":{"line":520,"column":0},"end":{"line":520,"column":13}},"520":{"start":{"line":521,"column":0},"end":{"line":521,"column":40}},"521":{"start":{"line":522,"column":0},"end":{"line":522,"column":45}},"522":{"start":{"line":523,"column":0},"end":{"line":523,"column":21}},"523":{"start":{"line":524,"column":0},"end":{"line":524,"column":89}},"524":{"start":{"line":525,"column":0},"end":{"line":525,"column":9}},"525":{"start":{"line":526,"column":0},"end":{"line":526,"column":5}},"527":{"start":{"line":528,"column":0},"end":{"line":528,"column":34}},"528":{"start":{"line":529,"column":0},"end":{"line":529,"column":62}},"529":{"start":{"line":530,"column":0},"end":{"line":530,"column":67}},"530":{"start":{"line":531,"column":0},"end":{"line":531,"column":9}},"531":{"start":{"line":532,"column":0},"end":{"line":532,"column":44}},"532":{"start":{"line":533,"column":0},"end":{"line":533,"column":64}},"533":{"start":{"line":534,"column":0},"end":{"line":534,"column":9}},"534":{"start":{"line":535,"column":0},"end":{"line":535,"column":37}},"535":{"start":{"line":536,"column":0},"end":{"line":536,"column":38}},"536":{"start":{"line":537,"column":0},"end":{"line":537,"column":9}},"537":{"start":{"line":538,"column":0},"end":{"line":538,"column":44}},"538":{"start":{"line":539,"column":0},"end":{"line":539,"column":33}},"539":{"start":{"line":540,"column":0},"end":{"line":540,"column":5}},"541":{"start":{"line":542,"column":0},"end":{"line":542,"column":31}},"542":{"start":{"line":543,"column":0},"end":{"line":543,"column":43}},"543":{"start":{"line":544,"column":0},"end":{"line":544,"column":54}},"544":{"start":{"line":545,"column":0},"end":{"line":545,"column":17}},"545":{"start":{"line":546,"column":0},"end":{"line":546,"column":30}},"546":{"start":{"line":547,"column":0},"end":{"line":547,"column":25}},"547":{"start":{"line":548,"column":0},"end":{"line":548,"column":40}},"548":{"start":{"line":549,"column":0},"end":{"line":549,"column":13}},"549":{"start":{"line":550,"column":0},"end":{"line":550,"column":9}},"550":{"start":{"line":551,"column":0},"end":{"line":551,"column":5}},"552":{"start":{"line":553,"column":0},"end":{"line":553,"column":36}},"553":{"start":{"line":554,"column":0},"end":{"line":554,"column":88}},"554":{"start":{"line":555,"column":0},"end":{"line":555,"column":47}},"555":{"start":{"line":556,"column":0},"end":{"line":556,"column":46}},"556":{"start":{"line":557,"column":0},"end":{"line":557,"column":78}},"557":{"start":{"line":558,"column":0},"end":{"line":558,"column":32}},"558":{"start":{"line":559,"column":0},"end":{"line":559,"column":33}},"559":{"start":{"line":560,"column":0},"end":{"line":560,"column":5}},"561":{"start":{"line":562,"column":0},"end":{"line":562,"column":25}},"562":{"start":{"line":563,"column":0},"end":{"line":563,"column":104}},"563":{"start":{"line":564,"column":0},"end":{"line":564,"column":51}},"564":{"start":{"line":565,"column":0},"end":{"line":565,"column":42}},"565":{"start":{"line":566,"column":0},"end":{"line":566,"column":33}},"566":{"start":{"line":567,"column":0},"end":{"line":567,"column":5}},"568":{"start":{"line":569,"column":0},"end":{"line":569,"column":26}},"569":{"start":{"line":570,"column":0},"end":{"line":570,"column":104}},"570":{"start":{"line":571,"column":0},"end":{"line":571,"column":51}},"571":{"start":{"line":572,"column":0},"end":{"line":572,"column":87}},"572":{"start":{"line":573,"column":0},"end":{"line":573,"column":38}},"573":{"start":{"line":574,"column":0},"end":{"line":574,"column":33}},"574":{"start":{"line":575,"column":0},"end":{"line":575,"column":5}},"576":{"start":{"line":577,"column":0},"end":{"line":577,"column":14}},"577":{"start":{"line":578,"column":0},"end":{"line":578,"column":16}},"578":{"start":{"line":579,"column":0},"end":{"line":579,"column":32}},"579":{"start":{"line":580,"column":0},"end":{"line":580,"column":56}},"580":{"start":{"line":581,"column":0},"end":{"line":581,"column":106}},"581":{"start":{"line":582,"column":0},"end":{"line":582,"column":56}},"582":{"start":{"line":583,"column":0},"end":{"line":583,"column":64}},"583":{"start":{"line":584,"column":0},"end":{"line":584,"column":64}},"584":{"start":{"line":585,"column":0},"end":{"line":585,"column":68}},"585":{"start":{"line":586,"column":0},"end":{"line":586,"column":30}},"586":{"start":{"line":587,"column":0},"end":{"line":587,"column":10}},"587":{"start":{"line":588,"column":0},"end":{"line":588,"column":5}},"589":{"start":{"line":590,"column":0},"end":{"line":590,"column":20}},"590":{"start":{"line":591,"column":0},"end":{"line":591,"column":96}},"591":{"start":{"line":592,"column":0},"end":{"line":592,"column":26}},"592":{"start":{"line":593,"column":0},"end":{"line":593,"column":61}},"593":{"start":{"line":594,"column":0},"end":{"line":594,"column":9}},"594":{"start":{"line":595,"column":0},"end":{"line":595,"column":58}},"595":{"start":{"line":596,"column":0},"end":{"line":596,"column":49}},"596":{"start":{"line":597,"column":0},"end":{"line":597,"column":9}},"597":{"start":{"line":598,"column":0},"end":{"line":598,"column":62}},"598":{"start":{"line":599,"column":0},"end":{"line":599,"column":86}},"599":{"start":{"line":600,"column":0},"end":{"line":600,"column":9}},"600":{"start":{"line":601,"column":0},"end":{"line":601,"column":58}},"601":{"start":{"line":602,"column":0},"end":{"line":602,"column":49}},"602":{"start":{"line":603,"column":0},"end":{"line":603,"column":9}},"603":{"start":{"line":604,"column":0},"end":{"line":604,"column":66}},"604":{"start":{"line":605,"column":0},"end":{"line":605,"column":57}},"605":{"start":{"line":606,"column":0},"end":{"line":606,"column":9}},"606":{"start":{"line":607,"column":0},"end":{"line":607,"column":66}},"607":{"start":{"line":608,"column":0},"end":{"line":608,"column":57}},"608":{"start":{"line":609,"column":0},"end":{"line":609,"column":9}},"609":{"start":{"line":610,"column":0},"end":{"line":610,"column":70}},"610":{"start":{"line":611,"column":0},"end":{"line":611,"column":61}},"611":{"start":{"line":612,"column":0},"end":{"line":612,"column":9}},"612":{"start":{"line":613,"column":0},"end":{"line":613,"column":25}},"613":{"start":{"line":614,"column":0},"end":{"line":614,"column":58}},"614":{"start":{"line":615,"column":0},"end":{"line":615,"column":9}},"615":{"start":{"line":616,"column":0},"end":{"line":616,"column":33}},"616":{"start":{"line":617,"column":0},"end":{"line":617,"column":5}},"618":{"start":{"line":619,"column":0},"end":{"line":619,"column":16}},"619":{"start":{"line":620,"column":0},"end":{"line":620,"column":16}},"620":{"start":{"line":621,"column":0},"end":{"line":621,"column":26}},"621":{"start":{"line":622,"column":0},"end":{"line":622,"column":44}},"622":{"start":{"line":623,"column":0},"end":{"line":623,"column":50}},"623":{"start":{"line":624,"column":0},"end":{"line":624,"column":55}},"624":{"start":{"line":625,"column":0},"end":{"line":625,"column":10}},"625":{"start":{"line":626,"column":0},"end":{"line":626,"column":5}},"627":{"start":{"line":628,"column":0},"end":{"line":628,"column":18}},"628":{"start":{"line":629,"column":0},"end":{"line":629,"column":39}},"629":{"start":{"line":630,"column":0},"end":{"line":630,"column":61}},"630":{"start":{"line":631,"column":0},"end":{"line":631,"column":76}},"631":{"start":{"line":632,"column":0},"end":{"line":632,"column":5}},"633":{"start":{"line":634,"column":0},"end":{"line":634,"column":13}},"634":{"start":{"line":635,"column":0},"end":{"line":635,"column":29}},"635":{"start":{"line":636,"column":0},"end":{"line":636,"column":31}},"636":{"start":{"line":637,"column":0},"end":{"line":637,"column":29}},"637":{"start":{"line":638,"column":0},"end":{"line":638,"column":33}},"638":{"start":{"line":639,"column":0},"end":{"line":639,"column":33}},"639":{"start":{"line":640,"column":0},"end":{"line":640,"column":35}},"640":{"start":{"line":641,"column":0},"end":{"line":641,"column":27}},"641":{"start":{"line":642,"column":0},"end":{"line":642,"column":22}},"642":{"start":{"line":643,"column":0},"end":{"line":643,"column":26}},"643":{"start":{"line":644,"column":0},"end":{"line":644,"column":26}},"644":{"start":{"line":645,"column":0},"end":{"line":645,"column":35}},"645":{"start":{"line":646,"column":0},"end":{"line":646,"column":32}},"646":{"start":{"line":647,"column":0},"end":{"line":647,"column":38}},"647":{"start":{"line":648,"column":0},"end":{"line":648,"column":35}},"648":{"start":{"line":649,"column":0},"end":{"line":649,"column":30}},"649":{"start":{"line":650,"column":0},"end":{"line":650,"column":20}},"650":{"start":{"line":651,"column":0},"end":{"line":651,"column":31}},"651":{"start":{"line":652,"column":0},"end":{"line":652,"column":30}},"652":{"start":{"line":653,"column":0},"end":{"line":653,"column":33}},"653":{"start":{"line":654,"column":0},"end":{"line":654,"column":28}},"654":{"start":{"line":655,"column":0},"end":{"line":655,"column":33}},"655":{"start":{"line":656,"column":0},"end":{"line":656,"column":14}},"656":{"start":{"line":657,"column":0},"end":{"line":657,"column":27}},"657":{"start":{"line":658,"column":0},"end":{"line":658,"column":25}},"658":{"start":{"line":659,"column":0},"end":{"line":659,"column":24}},"659":{"start":{"line":660,"column":0},"end":{"line":660,"column":24}},"660":{"start":{"line":661,"column":0},"end":{"line":661,"column":14}},"661":{"start":{"line":662,"column":0},"end":{"line":662,"column":30}},"662":{"start":{"line":663,"column":0},"end":{"line":663,"column":10}},"663":{"start":{"line":664,"column":0},"end":{"line":664,"column":37}},"664":{"start":{"line":665,"column":0},"end":{"line":665,"column":33}},"665":{"start":{"line":666,"column":0},"end":{"line":666,"column":5}},"666":{"start":{"line":667,"column":0},"end":{"line":667,"column":1}}},"s":{"0":1,"1":1,"2":1,"3":1,"4":1,"5":1,"6":1,"7":1,"8":1,"10":1,"11":1,"12":1,"13":1,"14":1,"16":1,"17":1,"18":1,"19":1,"20":1,"22":1,"23":1,"24":1,"25":1,"26":1,"27":1,"29":1,"30":1,"32":1,"33":1,"34":1,"35":1,"36":1,"37":1,"38":1,"40":1,"41":1,"42":1,"43":1,"44":1,"45":1,"47":1,"48":1,"49":1,"50":1,"51":1,"52":1,"53":1,"54":1,"55":1,"56":1,"57":1,"58":1,"59":1,"60":1,"61":1,"62":1,"63":1,"64":1,"65":1,"66":1,"67":1,"68":1,"69":1,"70":1,"71":1,"72":1,"73":1,"74":1,"75":1,"76":1,"77":1,"78":1,"79":1,"80":1,"81":1,"82":1,"83":1,"84":1,"85":1,"86":1,"87":1,"88":1,"89":1,"90":1,"91":1,"92":1,"93":1,"95":1,"96":1,"97":1,"98":1,"99":1,"100":1,"101":1,"102":1,"103":1,"104":1,"105":1,"106":1,"108":1,"109":1,"110":81,"111":81,"112":81,"113":81,"114":81,"115":81,"116":81,"117":81,"118":81,"119":81,"120":81,"121":81,"122":81,"123":81,"124":81,"125":81,"126":81,"127":81,"128":81,"129":81,"130":81,"131":81,"132":81,"133":81,"134":81,"135":81,"136":81,"137":81,"138":81,"139":81,"140":81,"141":81,"142":81,"143":81,"144":81,"145":81,"146":81,"147":81,"148":81,"149":81,"150":81,"151":81,"153":1,"154":82,"155":82,"156":82,"157":82,"158":82,"159":82,"160":82,"162":1,"163":22,"164":22,"166":1,"167":48,"168":48,"170":1,"171":23,"172":23,"174":1,"175":57,"176":57,"177":57,"178":0,"179":57,"181":1,"182":45,"183":45,"184":45,"185":0,"186":45,"188":1,"189":61,"190":59,"191":61,"193":1,"194":47,"195":45,"196":47,"198":1,"199":24,"200":24,"201":23,"202":23,"203":23,"204":23,"205":24,"206":24,"208":1,"209":0,"210":0,"211":0,"212":0,"213":0,"214":0,"215":0,"217":1,"218":20,"219":20,"220":20,"221":1,"222":1,"223":20,"225":1,"226":1,"227":1,"228":1,"229":1,"230":1,"231":1,"233":1,"234":18,"235":18,"236":18,"237":0,"238":0,"239":18,"240":18,"242":1,"243":18,"244":18,"245":18,"246":18,"247":18,"248":18,"250":1,"251":18,"252":18,"253":18,"255":1,"256":20,"257":0,"258":20,"259":0,"260":20,"262":1,"263":23,"264":1,"265":1,"266":23,"267":23,"268":1,"269":1,"270":23,"271":1,"272":1,"274":20,"275":20,"276":20,"277":20,"278":20,"280":23,"281":1,"282":1,"283":1,"284":1,"285":1,"286":1,"288":23,"289":0,"290":0,"292":19,"293":23,"294":23,"295":1,"296":1,"298":18,"299":18,"300":18,"301":18,"302":18,"304":18,"305":18,"307":18,"308":23,"309":23,"311":23,"312":23,"313":23,"314":17,"315":17,"316":23,"317":1,"318":1,"319":1,"321":18,"322":18,"323":18,"324":18,"325":18,"326":18,"327":18,"328":18,"329":18,"330":18,"331":18,"332":18,"333":18,"334":18,"335":18,"336":18,"337":18,"339":18,"340":18,"342":18,"343":23,"344":2,"345":2,"346":2,"347":2,"349":18,"350":18,"351":23,"352":23,"353":23,"354":23,"355":23,"356":17,"357":17,"359":18,"360":18,"361":23,"363":1,"364":26,"365":1,"366":1,"367":26,"368":2,"369":2,"370":23,"371":26,"372":26,"373":26,"374":26,"375":26,"376":26,"377":26,"379":1,"380":5,"381":1,"382":1,"383":5,"384":3,"385":3,"386":1,"387":1,"388":1,"389":1,"390":1,"391":1,"392":1,"393":1,"394":1,"395":1,"396":1,"397":1,"398":1,"399":1,"400":1,"401":5,"403":1,"404":5,"405":1,"406":1,"407":5,"408":5,"409":0,"410":0,"411":4,"412":4,"413":4,"414":4,"415":4,"416":4,"417":4,"418":4,"419":4,"420":4,"421":4,"422":4,"423":4,"424":4,"425":4,"426":4,"427":5,"429":1,"430":3,"431":2,"432":3,"433":1,"434":3,"436":1,"437":3,"438":2,"439":3,"440":3,"442":1,"443":3,"444":2,"445":3,"446":1,"447":1,"448":3,"449":0,"450":0,"451":0,"452":1,"453":3,"455":1,"456":2,"457":2,"458":1,"459":2,"461":1,"462":4,"463":3,"464":3,"465":3,"466":3,"467":4,"469":1,"470":3,"471":3,"472":1,"473":1,"474":1,"475":1,"476":3,"478":1,"479":3,"480":2,"481":3,"482":1,"483":1,"484":1,"485":1,"486":1,"487":0,"488":0,"489":0,"490":1,"491":1,"492":3,"494":1,"495":6,"496":30,"497":30,"498":30,"499":6,"500":6,"502":1,"503":498,"504":2,"505":2,"506":498,"507":1,"508":1,"509":495,"510":495,"511":498,"513":1,"514":4,"515":1,"516":1,"517":3,"518":4,"519":4,"520":4,"521":4,"522":4,"523":1,"524":1,"525":4,"527":1,"528":7,"529":2,"530":2,"531":7,"532":1,"533":1,"534":4,"535":4,"536":4,"537":4,"538":4,"539":7,"541":1,"542":47,"543":2,"544":2,"545":2,"546":2,"547":1,"548":1,"549":2,"550":47,"552":1,"553":3,"554":2,"555":2,"556":3,"557":1,"558":1,"559":3,"561":1,"562":2,"563":1,"564":1,"565":1,"566":2,"568":1,"569":2,"570":1,"571":2,"572":1,"573":1,"574":2,"576":1,"577":2,"578":2,"579":2,"580":2,"581":2,"582":2,"583":2,"584":2,"585":2,"586":2,"587":2,"589":1,"590":3,"591":3,"592":1,"593":1,"594":3,"595":1,"596":1,"597":3,"598":1,"599":1,"600":3,"601":1,"602":1,"603":3,"604":1,"605":1,"606":3,"607":1,"608":1,"609":3,"610":1,"611":1,"612":3,"613":1,"614":1,"615":2,"616":3,"618":1,"619":2,"620":2,"621":2,"622":2,"623":2,"624":2,"625":2,"627":1,"628":1,"629":1,"630":1,"631":1,"633":1,"634":1,"635":1,"636":1,"637":1,"638":1,"639":1,"640":1,"641":1,"642":1,"643":1,"644":1,"645":1,"646":1,"647":1,"648":1,"649":1,"650":1,"651":1,"652":1,"653":1,"654":1,"655":1,"656":1,"657":1,"658":1,"659":1,"660":1,"661":1,"662":1,"663":1,"664":1,"665":1,"666":1},"branchMap":{"0":{"type":"branch","line":110,"loc":{"start":{"line":110,"column":4},"end":{"line":152,"column":5}},"locations":[{"start":{"line":110,"column":4},"end":{"line":152,"column":5}}]},"1":{"type":"branch","line":112,"loc":{"start":{"line":112,"column":58},"end":{"line":112,"column":78}},"locations":[{"start":{"line":112,"column":58},"end":{"line":112,"column":78}}]},"2":{"type":"branch","line":112,"loc":{"start":{"line":112,"column":79},"end":{"line":112,"column":93}},"locations":[{"start":{"line":112,"column":79},"end":{"line":112,"column":93}}]},"3":{"type":"branch","line":113,"loc":{"start":{"line":113,"column":64},"end":{"line":113,"column":87}},"locations":[{"start":{"line":113,"column":64},"end":{"line":113,"column":87}}]},"4":{"type":"branch","line":114,"loc":{"start":{"line":114,"column":58},"end":{"line":114,"column":78}},"locations":[{"start":{"line":114,"column":58},"end":{"line":114,"column":78}}]},"5":{"type":"branch","line":115,"loc":{"start":{"line":115,"column":78},"end":{"line":115,"column":108}},"locations":[{"start":{"line":115,"column":78},"end":{"line":115,"column":108}}]},"6":{"type":"branch","line":116,"loc":{"start":{"line":116,"column":56},"end":{"line":116,"column":75}},"locations":[{"start":{"line":116,"column":56},"end":{"line":116,"column":75}}]},"7":{"type":"branch","line":116,"loc":{"start":{"line":116,"column":76},"end":{"line":116,"column":89}},"locations":[{"start":{"line":116,"column":76},"end":{"line":116,"column":89}}]},"8":{"type":"branch","line":117,"loc":{"start":{"line":117,"column":62},"end":{"line":117,"column":84}},"locations":[{"start":{"line":117,"column":62},"end":{"line":117,"column":84}}]},"9":{"type":"branch","line":154,"loc":{"start":{"line":154,"column":4},"end":{"line":161,"column":5}},"locations":[{"start":{"line":154,"column":4},"end":{"line":161,"column":5}}]},"10":{"type":"branch","line":163,"loc":{"start":{"line":163,"column":4},"end":{"line":165,"column":5}},"locations":[{"start":{"line":163,"column":4},"end":{"line":165,"column":5}}]},"11":{"type":"branch","line":167,"loc":{"start":{"line":167,"column":4},"end":{"line":169,"column":5}},"locations":[{"start":{"line":167,"column":4},"end":{"line":169,"column":5}}]},"12":{"type":"branch","line":171,"loc":{"start":{"line":171,"column":4},"end":{"line":173,"column":5}},"locations":[{"start":{"line":171,"column":4},"end":{"line":173,"column":5}}]},"13":{"type":"branch","line":175,"loc":{"start":{"line":175,"column":4},"end":{"line":180,"column":5}},"locations":[{"start":{"line":175,"column":4},"end":{"line":180,"column":5}}]},"14":{"type":"branch","line":176,"loc":{"start":{"line":176,"column":28},"end":{"line":176,"column":51}},"locations":[{"start":{"line":176,"column":28},"end":{"line":176,"column":51}}]},"15":{"type":"branch","line":176,"loc":{"start":{"line":176,"column":53},"end":{"line":176,"column":66}},"locations":[{"start":{"line":176,"column":53},"end":{"line":176,"column":66}}]},"16":{"type":"branch","line":176,"loc":{"start":{"line":176,"column":65},"end":{"line":177,"column":40}},"locations":[{"start":{"line":176,"column":65},"end":{"line":177,"column":40}}]},"17":{"type":"branch","line":177,"loc":{"start":{"line":177,"column":40},"end":{"line":177,"column":65}},"locations":[{"start":{"line":177,"column":40},"end":{"line":177,"column":65}}]},"18":{"type":"branch","line":177,"loc":{"start":{"line":177,"column":64},"end":{"line":178,"column":65}},"locations":[{"start":{"line":177,"column":64},"end":{"line":178,"column":65}}]},"19":{"type":"branch","line":178,"loc":{"start":{"line":178,"column":67},"end":{"line":178,"column":79}},"locations":[{"start":{"line":178,"column":67},"end":{"line":178,"column":79}}]},"20":{"type":"branch","line":178,"loc":{"start":{"line":178,"column":78},"end":{"line":180,"column":4}},"locations":[{"start":{"line":178,"column":78},"end":{"line":180,"column":4}}]},"21":{"type":"branch","line":182,"loc":{"start":{"line":182,"column":4},"end":{"line":187,"column":5}},"locations":[{"start":{"line":182,"column":4},"end":{"line":187,"column":5}}]},"22":{"type":"branch","line":183,"loc":{"start":{"line":183,"column":28},"end":{"line":183,"column":51}},"locations":[{"start":{"line":183,"column":28},"end":{"line":183,"column":51}}]},"23":{"type":"branch","line":183,"loc":{"start":{"line":183,"column":53},"end":{"line":183,"column":66}},"locations":[{"start":{"line":183,"column":53},"end":{"line":183,"column":66}}]},"24":{"type":"branch","line":183,"loc":{"start":{"line":183,"column":65},"end":{"line":184,"column":40}},"locations":[{"start":{"line":183,"column":65},"end":{"line":184,"column":40}}]},"25":{"type":"branch","line":184,"loc":{"start":{"line":184,"column":40},"end":{"line":184,"column":65}},"locations":[{"start":{"line":184,"column":40},"end":{"line":184,"column":65}}]},"26":{"type":"branch","line":184,"loc":{"start":{"line":184,"column":64},"end":{"line":185,"column":65}},"locations":[{"start":{"line":184,"column":64},"end":{"line":185,"column":65}}]},"27":{"type":"branch","line":185,"loc":{"start":{"line":185,"column":67},"end":{"line":185,"column":79}},"locations":[{"start":{"line":185,"column":67},"end":{"line":185,"column":79}}]},"28":{"type":"branch","line":185,"loc":{"start":{"line":185,"column":78},"end":{"line":187,"column":4}},"locations":[{"start":{"line":185,"column":78},"end":{"line":187,"column":4}}]},"29":{"type":"branch","line":189,"loc":{"start":{"line":189,"column":4},"end":{"line":192,"column":5}},"locations":[{"start":{"line":189,"column":4},"end":{"line":192,"column":5}}]},"30":{"type":"branch","line":190,"loc":{"start":{"line":190,"column":40},"end":{"line":190,"column":54}},"locations":[{"start":{"line":190,"column":40},"end":{"line":190,"column":54}}]},"31":{"type":"branch","line":190,"loc":{"start":{"line":190,"column":53},"end":{"line":192,"column":4}},"locations":[{"start":{"line":190,"column":53},"end":{"line":192,"column":4}}]},"32":{"type":"branch","line":194,"loc":{"start":{"line":194,"column":4},"end":{"line":197,"column":5}},"locations":[{"start":{"line":194,"column":4},"end":{"line":197,"column":5}}]},"33":{"type":"branch","line":195,"loc":{"start":{"line":195,"column":40},"end":{"line":195,"column":54}},"locations":[{"start":{"line":195,"column":40},"end":{"line":195,"column":54}}]},"34":{"type":"branch","line":195,"loc":{"start":{"line":195,"column":53},"end":{"line":197,"column":4}},"locations":[{"start":{"line":195,"column":53},"end":{"line":197,"column":4}}]},"35":{"type":"branch","line":199,"loc":{"start":{"line":199,"column":4},"end":{"line":207,"column":5}},"locations":[{"start":{"line":199,"column":4},"end":{"line":207,"column":5}}]},"36":{"type":"branch","line":201,"loc":{"start":{"line":201,"column":41},"end":{"line":205,"column":9}},"locations":[{"start":{"line":201,"column":41},"end":{"line":205,"column":9}}]},"37":{"type":"branch","line":218,"loc":{"start":{"line":218,"column":4},"end":{"line":224,"column":5}},"locations":[{"start":{"line":218,"column":4},"end":{"line":224,"column":5}}]},"38":{"type":"branch","line":219,"loc":{"start":{"line":219,"column":43},"end":{"line":219,"column":56}},"locations":[{"start":{"line":219,"column":43},"end":{"line":219,"column":56}}]},"39":{"type":"branch","line":221,"loc":{"start":{"line":221,"column":30},"end":{"line":221,"column":43}},"locations":[{"start":{"line":221,"column":30},"end":{"line":221,"column":43}}]},"40":{"type":"branch","line":221,"loc":{"start":{"line":221,"column":42},"end":{"line":224,"column":4}},"locations":[{"start":{"line":221,"column":42},"end":{"line":224,"column":4}}]},"41":{"type":"branch","line":226,"loc":{"start":{"line":226,"column":4},"end":{"line":232,"column":5}},"locations":[{"start":{"line":226,"column":4},"end":{"line":232,"column":5}}]},"42":{"type":"branch","line":227,"loc":{"start":{"line":227,"column":43},"end":{"line":227,"column":52}},"locations":[{"start":{"line":227,"column":43},"end":{"line":227,"column":52}}]},"43":{"type":"branch","line":229,"loc":{"start":{"line":229,"column":30},"end":{"line":229,"column":39}},"locations":[{"start":{"line":229,"column":30},"end":{"line":229,"column":39}}]},"44":{"type":"branch","line":231,"loc":{"start":{"line":231,"column":41},"end":{"line":231,"column":44}},"locations":[{"start":{"line":231,"column":41},"end":{"line":231,"column":44}}]},"45":{"type":"branch","line":234,"loc":{"start":{"line":234,"column":4},"end":{"line":241,"column":5}},"locations":[{"start":{"line":234,"column":4},"end":{"line":241,"column":5}}]},"46":{"type":"branch","line":237,"loc":{"start":{"line":237,"column":43},"end":{"line":239,"column":9}},"locations":[{"start":{"line":237,"column":43},"end":{"line":239,"column":9}}]},"47":{"type":"branch","line":243,"loc":{"start":{"line":243,"column":4},"end":{"line":249,"column":5}},"locations":[{"start":{"line":243,"column":4},"end":{"line":249,"column":5}}]},"48":{"type":"branch","line":244,"loc":{"start":{"line":244,"column":107},"end":{"line":244,"column":112}},"locations":[{"start":{"line":244,"column":107},"end":{"line":244,"column":112}}]},"49":{"type":"branch","line":245,"loc":{"start":{"line":245,"column":32},"end":{"line":245,"column":60}},"locations":[{"start":{"line":245,"column":32},"end":{"line":245,"column":60}}]},"50":{"type":"branch","line":245,"loc":{"start":{"line":245,"column":61},"end":{"line":245,"column":66}},"locations":[{"start":{"line":245,"column":61},"end":{"line":245,"column":66}}]},"51":{"type":"branch","line":251,"loc":{"start":{"line":251,"column":4},"end":{"line":254,"column":5}},"locations":[{"start":{"line":251,"column":4},"end":{"line":254,"column":5}}]},"52":{"type":"branch","line":252,"loc":{"start":{"line":252,"column":79},"end":{"line":252,"column":91}},"locations":[{"start":{"line":252,"column":79},"end":{"line":252,"column":91}}]},"53":{"type":"branch","line":252,"loc":{"start":{"line":252,"column":92},"end":{"line":252,"column":116}},"locations":[{"start":{"line":252,"column":92},"end":{"line":252,"column":116}}]},"54":{"type":"branch","line":256,"loc":{"start":{"line":256,"column":4},"end":{"line":261,"column":5}},"locations":[{"start":{"line":256,"column":4},"end":{"line":261,"column":5}}]},"55":{"type":"branch","line":257,"loc":{"start":{"line":257,"column":95},"end":{"line":259,"column":47}},"locations":[{"start":{"line":257,"column":95},"end":{"line":259,"column":47}}]},"56":{"type":"branch","line":259,"loc":{"start":{"line":259,"column":49},"end":{"line":261,"column":4}},"locations":[{"start":{"line":259,"column":49},"end":{"line":261,"column":4}}]},"57":{"type":"branch","line":263,"loc":{"start":{"line":263,"column":4},"end":{"line":362,"column":5}},"locations":[{"start":{"line":263,"column":4},"end":{"line":362,"column":5}}]},"58":{"type":"branch","line":264,"loc":{"start":{"line":264,"column":45},"end":{"line":266,"column":9}},"locations":[{"start":{"line":264,"column":45},"end":{"line":266,"column":9}}]},"59":{"type":"branch","line":266,"loc":{"start":{"line":266,"column":8},"end":{"line":267,"column":68}},"locations":[{"start":{"line":266,"column":8},"end":{"line":267,"column":68}}]},"60":{"type":"branch","line":267,"loc":{"start":{"line":267,"column":69},"end":{"line":267,"column":77}},"locations":[{"start":{"line":267,"column":69},"end":{"line":267,"column":77}}]},"61":{"type":"branch","line":268,"loc":{"start":{"line":268,"column":43},"end":{"line":270,"column":9}},"locations":[{"start":{"line":268,"column":43},"end":{"line":270,"column":9}}]},"62":{"type":"branch","line":270,"loc":{"start":{"line":270,"column":8},"end":{"line":271,"column":43}},"locations":[{"start":{"line":270,"column":8},"end":{"line":271,"column":43}}]},"63":{"type":"branch","line":271,"loc":{"start":{"line":271,"column":43},"end":{"line":273,"column":9}},"locations":[{"start":{"line":271,"column":43},"end":{"line":273,"column":9}}]},"64":{"type":"branch","line":273,"loc":{"start":{"line":273,"column":8},"end":{"line":281,"column":51}},"locations":[{"start":{"line":273,"column":8},"end":{"line":281,"column":51}}]},"65":{"type":"branch","line":281,"loc":{"start":{"line":281,"column":51},"end":{"line":287,"column":9}},"locations":[{"start":{"line":281,"column":51},"end":{"line":287,"column":9}}]},"66":{"type":"branch","line":287,"loc":{"start":{"line":287,"column":8},"end":{"line":289,"column":48}},"locations":[{"start":{"line":287,"column":8},"end":{"line":289,"column":48}}]},"67":{"type":"branch","line":289,"loc":{"start":{"line":289,"column":48},"end":{"line":291,"column":9}},"locations":[{"start":{"line":289,"column":48},"end":{"line":291,"column":9}}]},"68":{"type":"branch","line":291,"loc":{"start":{"line":291,"column":8},"end":{"line":294,"column":60}},"locations":[{"start":{"line":291,"column":8},"end":{"line":294,"column":60}}]},"69":{"type":"branch","line":294,"loc":{"start":{"line":294,"column":60},"end":{"line":294,"column":80}},"locations":[{"start":{"line":294,"column":60},"end":{"line":294,"column":80}}]},"70":{"type":"branch","line":294,"loc":{"start":{"line":294,"column":81},"end":{"line":294,"column":100}},"locations":[{"start":{"line":294,"column":81},"end":{"line":294,"column":100}}]},"71":{"type":"branch","line":295,"loc":{"start":{"line":295,"column":48},"end":{"line":297,"column":9}},"locations":[{"start":{"line":295,"column":48},"end":{"line":297,"column":9}}]},"72":{"type":"branch","line":297,"loc":{"start":{"line":297,"column":8},"end":{"line":309,"column":61}},"locations":[{"start":{"line":297,"column":8},"end":{"line":309,"column":61}}]},"73":{"type":"branch","line":309,"loc":{"start":{"line":309,"column":61},"end":{"line":309,"column":79}},"locations":[{"start":{"line":309,"column":61},"end":{"line":309,"column":79}}]},"74":{"type":"branch","line":309,"loc":{"start":{"line":309,"column":80},"end":{"line":309,"column":97}},"locations":[{"start":{"line":309,"column":80},"end":{"line":309,"column":97}}]},"75":{"type":"branch","line":313,"loc":{"start":{"line":313,"column":58},"end":{"line":313,"column":77}},"locations":[{"start":{"line":313,"column":58},"end":{"line":313,"column":77}}]},"76":{"type":"branch","line":313,"loc":{"start":{"line":313,"column":78},"end":{"line":313,"column":81}},"locations":[{"start":{"line":313,"column":78},"end":{"line":313,"column":81}}]},"77":{"type":"branch","line":314,"loc":{"start":{"line":314,"column":46},"end":{"line":316,"column":9}},"locations":[{"start":{"line":314,"column":46},"end":{"line":316,"column":9}}]},"78":{"type":"branch","line":316,"loc":{"start":{"line":316,"column":8},"end":{"line":317,"column":47}},"locations":[{"start":{"line":316,"column":8},"end":{"line":317,"column":47}}]},"79":{"type":"branch","line":317,"loc":{"start":{"line":317,"column":47},"end":{"line":320,"column":9}},"locations":[{"start":{"line":317,"column":47},"end":{"line":320,"column":9}}]},"80":{"type":"branch","line":320,"loc":{"start":{"line":320,"column":8},"end":{"line":344,"column":45}},"locations":[{"start":{"line":320,"column":8},"end":{"line":344,"column":45}}]},"81":{"type":"branch","line":344,"loc":{"start":{"line":344,"column":45},"end":{"line":348,"column":9}},"locations":[{"start":{"line":344,"column":45},"end":{"line":348,"column":9}}]},"82":{"type":"branch","line":348,"loc":{"start":{"line":348,"column":8},"end":{"line":352,"column":63}},"locations":[{"start":{"line":348,"column":8},"end":{"line":352,"column":63}}]},"83":{"type":"branch","line":352,"loc":{"start":{"line":352,"column":63},"end":{"line":352,"column":67}},"locations":[{"start":{"line":352,"column":63},"end":{"line":352,"column":67}}]},"84":{"type":"branch","line":353,"loc":{"start":{"line":353,"column":83},"end":{"line":353,"column":87}},"locations":[{"start":{"line":353,"column":83},"end":{"line":353,"column":87}}]},"85":{"type":"branch","line":355,"loc":{"start":{"line":355,"column":20},"end":{"line":355,"column":47}},"locations":[{"start":{"line":355,"column":20},"end":{"line":355,"column":47}}]},"86":{"type":"branch","line":355,"loc":{"start":{"line":355,"column":46},"end":{"line":356,"column":46}},"locations":[{"start":{"line":355,"column":46},"end":{"line":356,"column":46}}]},"87":{"type":"branch","line":356,"loc":{"start":{"line":356,"column":46},"end":{"line":358,"column":9}},"locations":[{"start":{"line":356,"column":46},"end":{"line":358,"column":9}}]},"88":{"type":"branch","line":358,"loc":{"start":{"line":358,"column":8},"end":{"line":362,"column":4}},"locations":[{"start":{"line":358,"column":8},"end":{"line":362,"column":4}}]},"89":{"type":"branch","line":364,"loc":{"start":{"line":364,"column":4},"end":{"line":378,"column":5}},"locations":[{"start":{"line":364,"column":4},"end":{"line":378,"column":5}}]},"90":{"type":"branch","line":365,"loc":{"start":{"line":365,"column":43},"end":{"line":367,"column":9}},"locations":[{"start":{"line":365,"column":43},"end":{"line":367,"column":9}}]},"91":{"type":"branch","line":367,"loc":{"start":{"line":367,"column":8},"end":{"line":368,"column":42}},"locations":[{"start":{"line":367,"column":8},"end":{"line":368,"column":42}}]},"92":{"type":"branch","line":368,"loc":{"start":{"line":368,"column":42},"end":{"line":368,"column":58}},"locations":[{"start":{"line":368,"column":42},"end":{"line":368,"column":58}}]},"93":{"type":"branch","line":368,"loc":{"start":{"line":368,"column":60},"end":{"line":370,"column":9}},"locations":[{"start":{"line":368,"column":60},"end":{"line":370,"column":9}}]},"94":{"type":"branch","line":370,"loc":{"start":{"line":370,"column":8},"end":{"line":372,"column":61}},"locations":[{"start":{"line":370,"column":8},"end":{"line":372,"column":61}}]},"95":{"type":"branch","line":372,"loc":{"start":{"line":372,"column":61},"end":{"line":372,"column":93}},"locations":[{"start":{"line":372,"column":61},"end":{"line":372,"column":93}}]},"96":{"type":"branch","line":372,"loc":{"start":{"line":372,"column":94},"end":{"line":372,"column":97}},"locations":[{"start":{"line":372,"column":94},"end":{"line":372,"column":97}}]},"97":{"type":"branch","line":380,"loc":{"start":{"line":380,"column":4},"end":{"line":402,"column":5}},"locations":[{"start":{"line":380,"column":4},"end":{"line":402,"column":5}}]},"98":{"type":"branch","line":381,"loc":{"start":{"line":381,"column":43},"end":{"line":383,"column":9}},"locations":[{"start":{"line":381,"column":43},"end":{"line":383,"column":9}}]},"99":{"type":"branch","line":383,"loc":{"start":{"line":383,"column":8},"end":{"line":384,"column":39}},"locations":[{"start":{"line":383,"column":8},"end":{"line":384,"column":39}}]},"100":{"type":"branch","line":384,"loc":{"start":{"line":384,"column":39},"end":{"line":384,"column":53}},"locations":[{"start":{"line":384,"column":39},"end":{"line":384,"column":53}}]},"101":{"type":"branch","line":384,"loc":{"start":{"line":384,"column":54},"end":{"line":384,"column":83}},"locations":[{"start":{"line":384,"column":54},"end":{"line":384,"column":83}}]},"102":{"type":"branch","line":384,"loc":{"start":{"line":384,"column":85},"end":{"line":386,"column":9}},"locations":[{"start":{"line":384,"column":85},"end":{"line":386,"column":9}}]},"103":{"type":"branch","line":386,"loc":{"start":{"line":386,"column":8},"end":{"line":402,"column":4}},"locations":[{"start":{"line":386,"column":8},"end":{"line":402,"column":4}}]},"104":{"type":"branch","line":404,"loc":{"start":{"line":404,"column":4},"end":{"line":428,"column":5}},"locations":[{"start":{"line":404,"column":4},"end":{"line":428,"column":5}}]},"105":{"type":"branch","line":405,"loc":{"start":{"line":405,"column":43},"end":{"line":407,"column":9}},"locations":[{"start":{"line":405,"column":43},"end":{"line":407,"column":9}}]},"106":{"type":"branch","line":407,"loc":{"start":{"line":407,"column":8},"end":{"line":408,"column":43}},"locations":[{"start":{"line":407,"column":8},"end":{"line":408,"column":43}}]},"107":{"type":"branch","line":408,"loc":{"start":{"line":408,"column":43},"end":{"line":408,"column":53}},"locations":[{"start":{"line":408,"column":43},"end":{"line":408,"column":53}}]},"108":{"type":"branch","line":408,"loc":{"start":{"line":408,"column":54},"end":{"line":408,"column":89}},"locations":[{"start":{"line":408,"column":54},"end":{"line":408,"column":89}}]},"109":{"type":"branch","line":409,"loc":{"start":{"line":409,"column":36},"end":{"line":409,"column":47}},"locations":[{"start":{"line":409,"column":36},"end":{"line":409,"column":47}}]},"110":{"type":"branch","line":409,"loc":{"start":{"line":409,"column":49},"end":{"line":411,"column":9}},"locations":[{"start":{"line":409,"column":49},"end":{"line":411,"column":9}}]},"111":{"type":"branch","line":411,"loc":{"start":{"line":411,"column":8},"end":{"line":428,"column":4}},"locations":[{"start":{"line":411,"column":8},"end":{"line":428,"column":4}}]},"112":{"type":"branch","line":430,"loc":{"start":{"line":430,"column":4},"end":{"line":435,"column":5}},"locations":[{"start":{"line":430,"column":4},"end":{"line":435,"column":5}}]},"113":{"type":"branch","line":431,"loc":{"start":{"line":431,"column":43},"end":{"line":431,"column":53}},"locations":[{"start":{"line":431,"column":43},"end":{"line":431,"column":53}}]},"114":{"type":"branch","line":431,"loc":{"start":{"line":431,"column":52},"end":{"line":433,"column":45}},"locations":[{"start":{"line":431,"column":52},"end":{"line":433,"column":45}}]},"115":{"type":"branch","line":433,"loc":{"start":{"line":433,"column":45},"end":{"line":435,"column":4}},"locations":[{"start":{"line":433,"column":45},"end":{"line":435,"column":4}}]},"116":{"type":"branch","line":437,"loc":{"start":{"line":437,"column":4},"end":{"line":441,"column":5}},"locations":[{"start":{"line":437,"column":4},"end":{"line":441,"column":5}}]},"117":{"type":"branch","line":438,"loc":{"start":{"line":438,"column":43},"end":{"line":438,"column":52}},"locations":[{"start":{"line":438,"column":43},"end":{"line":438,"column":52}}]},"118":{"type":"branch","line":438,"loc":{"start":{"line":438,"column":51},"end":{"line":440,"column":46}},"locations":[{"start":{"line":438,"column":51},"end":{"line":440,"column":46}}]},"119":{"type":"branch","line":440,"loc":{"start":{"line":440,"column":46},"end":{"line":440,"column":78}},"locations":[{"start":{"line":440,"column":46},"end":{"line":440,"column":78}}]},"120":{"type":"branch","line":440,"loc":{"start":{"line":440,"column":79},"end":{"line":440,"column":82}},"locations":[{"start":{"line":440,"column":79},"end":{"line":440,"column":82}}]},"121":{"type":"branch","line":443,"loc":{"start":{"line":443,"column":4},"end":{"line":454,"column":5}},"locations":[{"start":{"line":443,"column":4},"end":{"line":454,"column":5}}]},"122":{"type":"branch","line":444,"loc":{"start":{"line":444,"column":43},"end":{"line":444,"column":55}},"locations":[{"start":{"line":444,"column":43},"end":{"line":444,"column":55}}]},"123":{"type":"branch","line":444,"loc":{"start":{"line":444,"column":54},"end":{"line":446,"column":41}},"locations":[{"start":{"line":444,"column":54},"end":{"line":446,"column":41}}]},"124":{"type":"branch","line":446,"loc":{"start":{"line":446,"column":41},"end":{"line":449,"column":37}},"locations":[{"start":{"line":446,"column":41},"end":{"line":449,"column":37}}]},"125":{"type":"branch","line":449,"loc":{"start":{"line":449,"column":37},"end":{"line":452,"column":9}},"locations":[{"start":{"line":449,"column":37},"end":{"line":452,"column":9}}]},"126":{"type":"branch","line":452,"loc":{"start":{"line":452,"column":8},"end":{"line":454,"column":4}},"locations":[{"start":{"line":452,"column":8},"end":{"line":454,"column":4}}]},"127":{"type":"branch","line":456,"loc":{"start":{"line":456,"column":4},"end":{"line":460,"column":5}},"locations":[{"start":{"line":456,"column":4},"end":{"line":460,"column":5}}]},"128":{"type":"branch","line":458,"loc":{"start":{"line":458,"column":41},"end":{"line":460,"column":4}},"locations":[{"start":{"line":458,"column":41},"end":{"line":460,"column":4}}]},"129":{"type":"branch","line":462,"loc":{"start":{"line":462,"column":4},"end":{"line":468,"column":5}},"locations":[{"start":{"line":462,"column":4},"end":{"line":468,"column":5}}]},"130":{"type":"branch","line":463,"loc":{"start":{"line":463,"column":43},"end":{"line":463,"column":104}},"locations":[{"start":{"line":463,"column":43},"end":{"line":463,"column":104}}]},"131":{"type":"branch","line":463,"loc":{"start":{"line":463,"column":103},"end":{"line":468,"column":4}},"locations":[{"start":{"line":463,"column":103},"end":{"line":468,"column":4}}]},"132":{"type":"branch","line":470,"loc":{"start":{"line":470,"column":4},"end":{"line":477,"column":5}},"locations":[{"start":{"line":470,"column":4},"end":{"line":477,"column":5}}]},"133":{"type":"branch","line":471,"loc":{"start":{"line":471,"column":43},"end":{"line":471,"column":104}},"locations":[{"start":{"line":471,"column":43},"end":{"line":471,"column":104}}]},"134":{"type":"branch","line":471,"loc":{"start":{"line":471,"column":103},"end":{"line":472,"column":54}},"locations":[{"start":{"line":471,"column":103},"end":{"line":472,"column":54}}]},"135":{"type":"branch","line":472,"loc":{"start":{"line":472,"column":54},"end":{"line":477,"column":4}},"locations":[{"start":{"line":472,"column":54},"end":{"line":477,"column":4}}]},"136":{"type":"branch","line":479,"loc":{"start":{"line":479,"column":4},"end":{"line":493,"column":5}},"locations":[{"start":{"line":479,"column":4},"end":{"line":493,"column":5}}]},"137":{"type":"branch","line":480,"loc":{"start":{"line":480,"column":43},"end":{"line":480,"column":104}},"locations":[{"start":{"line":480,"column":43},"end":{"line":480,"column":104}}]},"138":{"type":"branch","line":480,"loc":{"start":{"line":480,"column":103},"end":{"line":482,"column":43}},"locations":[{"start":{"line":480,"column":103},"end":{"line":482,"column":43}}]},"139":{"type":"branch","line":482,"loc":{"start":{"line":482,"column":43},"end":{"line":493,"column":4}},"locations":[{"start":{"line":482,"column":43},"end":{"line":493,"column":4}}]},"140":{"type":"branch","line":487,"loc":{"start":{"line":487,"column":34},"end":{"line":490,"column":13}},"locations":[{"start":{"line":487,"column":34},"end":{"line":490,"column":13}}]},"141":{"type":"branch","line":495,"loc":{"start":{"line":495,"column":4},"end":{"line":501,"column":5}},"locations":[{"start":{"line":495,"column":4},"end":{"line":501,"column":5}}]},"142":{"type":"branch","line":496,"loc":{"start":{"line":496,"column":51},"end":{"line":500,"column":10}},"locations":[{"start":{"line":496,"column":51},"end":{"line":500,"column":10}}]},"143":{"type":"branch","line":503,"loc":{"start":{"line":503,"column":4},"end":{"line":512,"column":5}},"locations":[{"start":{"line":503,"column":4},"end":{"line":512,"column":5}}]},"144":{"type":"branch","line":504,"loc":{"start":{"line":504,"column":37},"end":{"line":504,"column":57}},"locations":[{"start":{"line":504,"column":37},"end":{"line":504,"column":57}}]},"145":{"type":"branch","line":504,"loc":{"start":{"line":504,"column":59},"end":{"line":506,"column":9}},"locations":[{"start":{"line":504,"column":59},"end":{"line":506,"column":9}}]},"146":{"type":"branch","line":506,"loc":{"start":{"line":506,"column":8},"end":{"line":507,"column":43}},"locations":[{"start":{"line":506,"column":8},"end":{"line":507,"column":43}}]},"147":{"type":"branch","line":507,"loc":{"start":{"line":507,"column":43},"end":{"line":509,"column":9}},"locations":[{"start":{"line":507,"column":43},"end":{"line":509,"column":9}}]},"148":{"type":"branch","line":509,"loc":{"start":{"line":509,"column":8},"end":{"line":512,"column":4}},"locations":[{"start":{"line":509,"column":8},"end":{"line":512,"column":4}}]},"149":{"type":"branch","line":514,"loc":{"start":{"line":514,"column":4},"end":{"line":526,"column":5}},"locations":[{"start":{"line":514,"column":4},"end":{"line":526,"column":5}}]},"150":{"type":"branch","line":515,"loc":{"start":{"line":515,"column":35},"end":{"line":517,"column":9}},"locations":[{"start":{"line":515,"column":35},"end":{"line":517,"column":9}}]},"151":{"type":"branch","line":517,"loc":{"start":{"line":517,"column":8},"end":{"line":519,"column":42}},"locations":[{"start":{"line":517,"column":8},"end":{"line":519,"column":42}}]},"152":{"type":"branch","line":519,"loc":{"start":{"line":519,"column":42},"end":{"line":519,"column":61}},"locations":[{"start":{"line":519,"column":42},"end":{"line":519,"column":61}}]},"153":{"type":"branch","line":519,"loc":{"start":{"line":519,"column":62},"end":{"line":519,"column":71}},"locations":[{"start":{"line":519,"column":62},"end":{"line":519,"column":71}}]},"154":{"type":"branch","line":519,"loc":{"start":{"line":519,"column":72},"end":{"line":519,"column":76}},"locations":[{"start":{"line":519,"column":72},"end":{"line":519,"column":76}}]},"155":{"type":"branch","line":523,"loc":{"start":{"line":523,"column":10},"end":{"line":525,"column":9}},"locations":[{"start":{"line":523,"column":10},"end":{"line":525,"column":9}}]},"156":{"type":"branch","line":528,"loc":{"start":{"line":528,"column":4},"end":{"line":540,"column":5}},"locations":[{"start":{"line":528,"column":4},"end":{"line":540,"column":5}}]},"157":{"type":"branch","line":529,"loc":{"start":{"line":529,"column":38},"end":{"line":529,"column":59}},"locations":[{"start":{"line":529,"column":38},"end":{"line":529,"column":59}}]},"158":{"type":"branch","line":529,"loc":{"start":{"line":529,"column":61},"end":{"line":531,"column":9}},"locations":[{"start":{"line":529,"column":61},"end":{"line":531,"column":9}}]},"159":{"type":"branch","line":531,"loc":{"start":{"line":531,"column":8},"end":{"line":532,"column":43}},"locations":[{"start":{"line":531,"column":8},"end":{"line":532,"column":43}}]},"160":{"type":"branch","line":532,"loc":{"start":{"line":532,"column":43},"end":{"line":534,"column":9}},"locations":[{"start":{"line":532,"column":43},"end":{"line":534,"column":9}}]},"161":{"type":"branch","line":534,"loc":{"start":{"line":534,"column":8},"end":{"line":540,"column":4}},"locations":[{"start":{"line":534,"column":8},"end":{"line":540,"column":4}}]},"162":{"type":"branch","line":542,"loc":{"start":{"line":542,"column":4},"end":{"line":551,"column":5}},"locations":[{"start":{"line":542,"column":4},"end":{"line":551,"column":5}}]},"163":{"type":"branch","line":543,"loc":{"start":{"line":543,"column":36},"end":{"line":543,"column":43}},"locations":[{"start":{"line":543,"column":36},"end":{"line":543,"column":43}}]},"164":{"type":"branch","line":543,"loc":{"start":{"line":543,"column":42},"end":{"line":551,"column":4}},"locations":[{"start":{"line":543,"column":42},"end":{"line":551,"column":4}}]},"165":{"type":"branch","line":547,"loc":{"start":{"line":547,"column":14},"end":{"line":549,"column":13}},"locations":[{"start":{"line":547,"column":14},"end":{"line":549,"column":13}}]},"166":{"type":"branch","line":553,"loc":{"start":{"line":553,"column":4},"end":{"line":560,"column":5}},"locations":[{"start":{"line":553,"column":4},"end":{"line":560,"column":5}}]},"167":{"type":"branch","line":554,"loc":{"start":{"line":554,"column":36},"end":{"line":554,"column":88}},"locations":[{"start":{"line":554,"column":36},"end":{"line":554,"column":88}}]},"168":{"type":"branch","line":554,"loc":{"start":{"line":554,"column":87},"end":{"line":557,"column":24}},"locations":[{"start":{"line":554,"column":87},"end":{"line":557,"column":24}}]},"169":{"type":"branch","line":557,"loc":{"start":{"line":557,"column":24},"end":{"line":560,"column":4}},"locations":[{"start":{"line":557,"column":24},"end":{"line":560,"column":4}}]},"170":{"type":"branch","line":562,"loc":{"start":{"line":562,"column":4},"end":{"line":567,"column":5}},"locations":[{"start":{"line":562,"column":4},"end":{"line":567,"column":5}}]},"171":{"type":"branch","line":563,"loc":{"start":{"line":563,"column":43},"end":{"line":567,"column":4}},"locations":[{"start":{"line":563,"column":43},"end":{"line":567,"column":4}}]},"172":{"type":"branch","line":569,"loc":{"start":{"line":569,"column":4},"end":{"line":575,"column":5}},"locations":[{"start":{"line":569,"column":4},"end":{"line":575,"column":5}}]},"173":{"type":"branch","line":570,"loc":{"start":{"line":570,"column":43},"end":{"line":572,"column":41}},"locations":[{"start":{"line":570,"column":43},"end":{"line":572,"column":41}}]},"174":{"type":"branch","line":572,"loc":{"start":{"line":572,"column":41},"end":{"line":572,"column":87}},"locations":[{"start":{"line":572,"column":41},"end":{"line":572,"column":87}}]},"175":{"type":"branch","line":572,"loc":{"start":{"line":572,"column":86},"end":{"line":575,"column":4}},"locations":[{"start":{"line":572,"column":86},"end":{"line":575,"column":4}}]},"176":{"type":"branch","line":577,"loc":{"start":{"line":577,"column":4},"end":{"line":588,"column":5}},"locations":[{"start":{"line":577,"column":4},"end":{"line":588,"column":5}}]},"177":{"type":"branch","line":581,"loc":{"start":{"line":581,"column":64},"end":{"line":581,"column":104}},"locations":[{"start":{"line":581,"column":64},"end":{"line":581,"column":104}}]},"178":{"type":"branch","line":590,"loc":{"start":{"line":590,"column":4},"end":{"line":617,"column":5}},"locations":[{"start":{"line":590,"column":4},"end":{"line":617,"column":5}}]},"179":{"type":"branch","line":591,"loc":{"start":{"line":591,"column":18},"end":{"line":591,"column":45}},"locations":[{"start":{"line":591,"column":18},"end":{"line":591,"column":45}}]},"180":{"type":"branch","line":591,"loc":{"start":{"line":591,"column":47},"end":{"line":591,"column":96}},"locations":[{"start":{"line":591,"column":47},"end":{"line":591,"column":96}}]},"181":{"type":"branch","line":591,"loc":{"start":{"line":591,"column":95},"end":{"line":592,"column":25}},"locations":[{"start":{"line":591,"column":95},"end":{"line":592,"column":25}}]},"182":{"type":"branch","line":592,"loc":{"start":{"line":592,"column":25},"end":{"line":594,"column":9}},"locations":[{"start":{"line":592,"column":25},"end":{"line":594,"column":9}}]},"183":{"type":"branch","line":594,"loc":{"start":{"line":594,"column":8},"end":{"line":595,"column":25}},"locations":[{"start":{"line":594,"column":8},"end":{"line":595,"column":25}}]},"184":{"type":"branch","line":595,"loc":{"start":{"line":595,"column":25},"end":{"line":595,"column":55}},"locations":[{"start":{"line":595,"column":25},"end":{"line":595,"column":55}}]},"185":{"type":"branch","line":595,"loc":{"start":{"line":595,"column":57},"end":{"line":597,"column":9}},"locations":[{"start":{"line":595,"column":57},"end":{"line":597,"column":9}}]},"186":{"type":"branch","line":597,"loc":{"start":{"line":597,"column":8},"end":{"line":598,"column":27}},"locations":[{"start":{"line":597,"column":8},"end":{"line":598,"column":27}}]},"187":{"type":"branch","line":598,"loc":{"start":{"line":598,"column":27},"end":{"line":598,"column":59}},"locations":[{"start":{"line":598,"column":27},"end":{"line":598,"column":59}}]},"188":{"type":"branch","line":598,"loc":{"start":{"line":598,"column":61},"end":{"line":600,"column":9}},"locations":[{"start":{"line":598,"column":61},"end":{"line":600,"column":9}}]},"189":{"type":"branch","line":600,"loc":{"start":{"line":600,"column":8},"end":{"line":601,"column":25}},"locations":[{"start":{"line":600,"column":8},"end":{"line":601,"column":25}}]},"190":{"type":"branch","line":601,"loc":{"start":{"line":601,"column":25},"end":{"line":601,"column":55}},"locations":[{"start":{"line":601,"column":25},"end":{"line":601,"column":55}}]},"191":{"type":"branch","line":601,"loc":{"start":{"line":601,"column":57},"end":{"line":603,"column":9}},"locations":[{"start":{"line":601,"column":57},"end":{"line":603,"column":9}}]},"192":{"type":"branch","line":603,"loc":{"start":{"line":603,"column":8},"end":{"line":604,"column":29}},"locations":[{"start":{"line":603,"column":8},"end":{"line":604,"column":29}}]},"193":{"type":"branch","line":604,"loc":{"start":{"line":604,"column":29},"end":{"line":604,"column":63}},"locations":[{"start":{"line":604,"column":29},"end":{"line":604,"column":63}}]},"194":{"type":"branch","line":604,"loc":{"start":{"line":604,"column":65},"end":{"line":606,"column":9}},"locations":[{"start":{"line":604,"column":65},"end":{"line":606,"column":9}}]},"195":{"type":"branch","line":606,"loc":{"start":{"line":606,"column":8},"end":{"line":607,"column":29}},"locations":[{"start":{"line":606,"column":8},"end":{"line":607,"column":29}}]},"196":{"type":"branch","line":607,"loc":{"start":{"line":607,"column":29},"end":{"line":607,"column":63}},"locations":[{"start":{"line":607,"column":29},"end":{"line":607,"column":63}}]},"197":{"type":"branch","line":607,"loc":{"start":{"line":607,"column":65},"end":{"line":609,"column":9}},"locations":[{"start":{"line":607,"column":65},"end":{"line":609,"column":9}}]},"198":{"type":"branch","line":609,"loc":{"start":{"line":609,"column":8},"end":{"line":610,"column":31}},"locations":[{"start":{"line":609,"column":8},"end":{"line":610,"column":31}}]},"199":{"type":"branch","line":610,"loc":{"start":{"line":610,"column":31},"end":{"line":610,"column":67}},"locations":[{"start":{"line":610,"column":31},"end":{"line":610,"column":67}}]},"200":{"type":"branch","line":610,"loc":{"start":{"line":610,"column":69},"end":{"line":612,"column":9}},"locations":[{"start":{"line":610,"column":69},"end":{"line":612,"column":9}}]},"201":{"type":"branch","line":612,"loc":{"start":{"line":612,"column":8},"end":{"line":613,"column":24}},"locations":[{"start":{"line":612,"column":8},"end":{"line":613,"column":24}}]},"202":{"type":"branch","line":613,"loc":{"start":{"line":613,"column":24},"end":{"line":615,"column":9}},"locations":[{"start":{"line":613,"column":24},"end":{"line":615,"column":9}}]},"203":{"type":"branch","line":615,"loc":{"start":{"line":615,"column":8},"end":{"line":617,"column":4}},"locations":[{"start":{"line":615,"column":8},"end":{"line":617,"column":4}}]},"204":{"type":"branch","line":599,"loc":{"start":{"line":599,"column":56},"end":{"line":599,"column":83}},"locations":[{"start":{"line":599,"column":56},"end":{"line":599,"column":83}}]},"205":{"type":"branch","line":619,"loc":{"start":{"line":619,"column":4},"end":{"line":626,"column":5}},"locations":[{"start":{"line":619,"column":4},"end":{"line":626,"column":5}}]},"206":{"type":"branch","line":628,"loc":{"start":{"line":628,"column":4},"end":{"line":632,"column":5}},"locations":[{"start":{"line":628,"column":4},"end":{"line":632,"column":5}}]},"207":{"type":"branch","line":634,"loc":{"start":{"line":634,"column":4},"end":{"line":666,"column":5}},"locations":[{"start":{"line":634,"column":4},"end":{"line":666,"column":5}}]}},"b":{"0":[81],"1":[1],"2":[80],"3":[0],"4":[0],"5":[0],"6":[1],"7":[80],"8":[0],"9":[82],"10":[22],"11":[48],"12":[23],"13":[57],"14":[52],"15":[5],"16":[52],"17":[2],"18":[50],"19":[50],"20":[0],"21":[45],"22":[37],"23":[8],"24":[37],"25":[1],"26":[36],"27":[36],"28":[0],"29":[61],"30":[2],"31":[59],"32":[47],"33":[2],"34":[45],"35":[24],"36":[23],"37":[20],"38":[0],"39":[19],"40":[1],"41":[1],"42":[0],"43":[0],"44":[0],"45":[18],"46":[0],"47":[18],"48":[0],"49":[1],"50":[17],"51":[18],"52":[1],"53":[17],"54":[20],"55":[0],"56":[0],"57":[23],"58":[1],"59":[22],"60":[0],"61":[1],"62":[21],"63":[1],"64":[20],"65":[1],"66":[19],"67":[0],"68":[19],"69":[4],"70":[15],"71":[1],"72":[18],"73":[0],"74":[18],"75":[0],"76":[18],"77":[17],"78":[18],"79":[1],"80":[18],"81":[2],"82":[18],"83":[17],"84":[17],"85":[1],"86":[18],"87":[17],"88":[18],"89":[26],"90":[1],"91":[25],"92":[24],"93":[2],"94":[23],"95":[0],"96":[23],"97":[5],"98":[1],"99":[4],"100":[3],"101":[2],"102":[3],"103":[1],"104":[5],"105":[1],"106":[4],"107":[3],"108":[1],"109":[4],"110":[0],"111":[4],"112":[3],"113":[1],"114":[2],"115":[1],"116":[3],"117":[1],"118":[2],"119":[1],"120":[1],"121":[3],"122":[1],"123":[2],"124":[1],"125":[0],"126":[1],"127":[2],"128":[1],"129":[4],"130":[1],"131":[3],"132":[3],"133":[1],"134":[2],"135":[1],"136":[3],"137":[1],"138":[2],"139":[1],"140":[0],"141":[6],"142":[30],"143":[498],"144":[497],"145":[2],"146":[496],"147":[1],"148":[495],"149":[4],"150":[1],"151":[3],"152":[1],"153":[1],"154":[2],"155":[1],"156":[7],"157":[6],"158":[2],"159":[5],"160":[1],"161":[4],"162":[47],"163":[45],"164":[2],"165":[1],"166":[3],"167":[1],"168":[2],"169":[1],"170":[2],"171":[1],"172":[2],"173":[1],"174":[0],"175":[1],"176":[2],"177":[1],"178":[3],"179":[2],"180":[1],"181":[2],"182":[1],"183":[2],"184":[1],"185":[1],"186":[2],"187":[1],"188":[1],"189":[2],"190":[1],"191":[1],"192":[2],"193":[1],"194":[1],"195":[2],"196":[1],"197":[1],"198":[2],"199":[1],"200":[1],"201":[2],"202":[1],"203":[2],"204":[1],"205":[2],"206":[1],"207":[1]},"fnMap":{"0":{"name":"CultivationIceArtTool","decl":{"start":{"line":110,"column":4},"end":{"line":152,"column":5}},"loc":{"start":{"line":110,"column":4},"end":{"line":152,"column":5}},"line":110},"1":{"name":"_registerDefaultTools","decl":{"start":{"line":154,"column":4},"end":{"line":161,"column":5}},"loc":{"start":{"line":154,"column":4},"end":{"line":161,"column":5}},"line":154},"2":{"name":"_genId","decl":{"start":{"line":163,"column":4},"end":{"line":165,"column":5}},"loc":{"start":{"line":163,"column":4},"end":{"line":165,"column":5}},"line":163},"3":{"name":"_now","decl":{"start":{"line":167,"column":4},"end":{"line":169,"column":5}},"loc":{"start":{"line":167,"column":4},"end":{"line":169,"column":5}},"line":167},"4":{"name":"_validateArtName","decl":{"start":{"line":171,"column":4},"end":{"line":173,"column":5}},"loc":{"start":{"line":171,"column":4},"end":{"line":173,"column":5}},"line":171},"5":{"name":"_validateTarget","decl":{"start":{"line":175,"column":4},"end":{"line":180,"column":5}},"loc":{"start":{"line":175,"column":4},"end":{"line":180,"column":5}},"line":175},"6":{"name":"_validateCaster","decl":{"start":{"line":182,"column":4},"end":{"line":187,"column":5}},"loc":{"start":{"line":182,"column":4},"end":{"line":187,"column":5}},"line":182},"7":{"name":"_getCasterId","decl":{"start":{"line":189,"column":4},"end":{"line":192,"column":5}},"loc":{"start":{"line":189,"column":4},"end":{"line":192,"column":5}},"line":189},"8":{"name":"_getTargetId","decl":{"start":{"line":194,"column":4},"end":{"line":197,"column":5}},"loc":{"start":{"line":194,"column":4},"end":{"line":197,"column":5}},"line":194},"9":{"name":"_getMana","decl":{"start":{"line":199,"column":4},"end":{"line":207,"column":5}},"loc":{"start":{"line":199,"column":4},"end":{"line":207,"column":5}},"line":199},"10":{"name":"_ensureCasterMaps","decl":{"start":{"line":209,"column":4},"end":{"line":216,"column":5}},"loc":{"start":{"line":209,"column":4},"end":{"line":216,"column":5}},"line":209},"11":{"name":"_isOnCooldown","decl":{"start":{"line":218,"column":4},"end":{"line":224,"column":5}},"loc":{"start":{"line":218,"column":4},"end":{"line":224,"column":5}},"line":218},"12":{"name":"_getCooldownRemaining","decl":{"start":{"line":226,"column":4},"end":{"line":232,"column":5}},"loc":{"start":{"line":226,"column":4},"end":{"line":232,"column":5}},"line":226},"13":{"name":"_setCooldown","decl":{"start":{"line":234,"column":4},"end":{"line":241,"column":5}},"loc":{"start":{"line":234,"column":4},"end":{"line":241,"column":5}},"line":234},"14":{"name":"_calculatePower","decl":{"start":{"line":243,"column":4},"end":{"line":249,"column":5}},"loc":{"start":{"line":243,"column":4},"end":{"line":249,"column":5}},"line":243},"15":{"name":"_calculateCrit","decl":{"start":{"line":251,"column":4},"end":{"line":254,"column":5}},"loc":{"start":{"line":251,"column":4},"end":{"line":254,"column":5}},"line":251},"16":{"name":"_resolveAffinity","decl":{"start":{"line":256,"column":4},"end":{"line":261,"column":5}},"loc":{"start":{"line":256,"column":4},"end":{"line":261,"column":5}},"line":256},"17":{"name":"castIceArt","decl":{"start":{"line":263,"column":4},"end":{"line":362,"column":5}},"loc":{"start":{"line":263,"column":4},"end":{"line":362,"column":5}},"line":263},"18":{"name":"chillTarget","decl":{"start":{"line":364,"column":4},"end":{"line":378,"column":5}},"loc":{"start":{"line":364,"column":4},"end":{"line":378,"column":5}},"line":364},"19":{"name":"freezeArea","decl":{"start":{"line":380,"column":4},"end":{"line":402,"column":5}},"loc":{"start":{"line":380,"column":4},"end":{"line":402,"column":5}},"line":380},"20":{"name":"iceShield","decl":{"start":{"line":404,"column":4},"end":{"line":428,"column":5}},"loc":{"start":{"line":404,"column":4},"end":{"line":428,"column":5}},"line":404},"21":{"name":"getCastHistory","decl":{"start":{"line":430,"column":4},"end":{"line":435,"column":5}},"loc":{"start":{"line":430,"column":4},"end":{"line":435,"column":5}},"line":430},"22":{"name":"getChillStacks","decl":{"start":{"line":437,"column":4},"end":{"line":441,"column":5}},"loc":{"start":{"line":437,"column":4},"end":{"line":441,"column":5}},"line":437},"23":{"name":"getShield","decl":{"start":{"line":443,"column":4},"end":{"line":454,"column":5}},"loc":{"start":{"line":443,"column":4},"end":{"line":454,"column":5}},"line":443},"24":{"name":"getMana","decl":{"start":{"line":456,"column":4},"end":{"line":460,"column":5}},"loc":{"start":{"line":456,"column":4},"end":{"line":460,"column":5}},"line":456},"25":{"name":"setMana","decl":{"start":{"line":462,"column":4},"end":{"line":468,"column":5}},"loc":{"start":{"line":462,"column":4},"end":{"line":468,"column":5}},"line":462},"26":{"name":"setAffinity","decl":{"start":{"line":470,"column":4},"end":{"line":477,"column":5}},"loc":{"start":{"line":470,"column":4},"end":{"line":477,"column":5}},"line":470},"27":{"name":"tickCooldowns","decl":{"start":{"line":479,"column":4},"end":{"line":493,"column":5}},"loc":{"start":{"line":479,"column":4},"end":{"line":493,"column":5}},"line":479},"28":{"name":"listArts","decl":{"start":{"line":495,"column":4},"end":{"line":501,"column":5}},"loc":{"start":{"line":495,"column":4},"end":{"line":501,"column":5}},"line":495},"29":{"name":"registerTool","decl":{"start":{"line":503,"column":4},"end":{"line":512,"column":5}},"loc":{"start":{"line":503,"column":4},"end":{"line":512,"column":5}},"line":503},"30":{"name":"executeTool","decl":{"start":{"line":514,"column":4},"end":{"line":526,"column":5}},"loc":{"start":{"line":514,"column":4},"end":{"line":526,"column":5}},"line":514},"31":{"name":"registerHook","decl":{"start":{"line":528,"column":4},"end":{"line":540,"column":5}},"loc":{"start":{"line":528,"column":4},"end":{"line":540,"column":5}},"line":528},"32":{"name":"_triggerHook","decl":{"start":{"line":542,"column":4},"end":{"line":551,"column":5}},"loc":{"start":{"line":542,"column":4},"end":{"line":551,"column":5}},"line":542},"33":{"name":"unregisterHook","decl":{"start":{"line":553,"column":4},"end":{"line":560,"column":5}},"loc":{"start":{"line":553,"column":4},"end":{"line":560,"column":5}},"line":553},"34":{"name":"removeChill","decl":{"start":{"line":562,"column":4},"end":{"line":567,"column":5}},"loc":{"start":{"line":562,"column":4},"end":{"line":567,"column":5}},"line":562},"35":{"name":"removeShield","decl":{"start":{"line":569,"column":4},"end":{"line":575,"column":5}},"loc":{"start":{"line":569,"column":4},"end":{"line":575,"column":5}},"line":569},"36":{"name":"toJSON","decl":{"start":{"line":577,"column":4},"end":{"line":588,"column":5}},"loc":{"start":{"line":577,"column":4},"end":{"line":588,"column":5}},"line":577},"37":{"name":"fromJSON","decl":{"start":{"line":590,"column":4},"end":{"line":617,"column":5}},"loc":{"start":{"line":590,"column":4},"end":{"line":617,"column":5}},"line":590},"38":{"name":"getStats","decl":{"start":{"line":619,"column":4},"end":{"line":626,"column":5}},"loc":{"start":{"line":619,"column":4},"end":{"line":626,"column":5}},"line":619},"39":{"name":"autoEvolve","decl":{"start":{"line":628,"column":4},"end":{"line":632,"column":5}},"loc":{"start":{"line":628,"column":4},"end":{"line":632,"column":5}},"line":628},"40":{"name":"reset","decl":{"start":{"line":634,"column":4},"end":{"line":666,"column":5}},"loc":{"start":{"line":634,"column":4},"end":{"line":666,"column":5}},"line":634}},"f":{"0":81,"1":82,"2":22,"3":48,"4":23,"5":57,"6":45,"7":61,"8":47,"9":24,"10":0,"11":20,"12":1,"13":18,"14":18,"15":18,"16":20,"17":23,"18":26,"19":5,"20":5,"21":3,"22":3,"23":3,"24":2,"25":4,"26":3,"27":3,"28":6,"29":498,"30":4,"31":7,"32":47,"33":3,"34":2,"35":2,"36":2,"37":3,"38":2,"39":1,"40":1}}
}
